#
# There is insufficient memory for the Java Runtime Environment to continue.
# Native memory allocation (mmap) failed to map 351272960 bytes for G1 virtual space
# Possible reasons:
#   The system is out of physical RAM or swap space
#   The process is running with CompressedOops enabled, and the Java Heap may be blocking the growth of the native heap
# Possible solutions:
#   Reduce memory load on the system
#   Increase physical memory or swap space
#   Check if swap backing store is full
#   Decrease Java heap size (-Xmx/-Xms)
#   Decrease number of Java threads
#   Decrease Java thread stack sizes (-Xss)
#   Set larger code cache with -XX:ReservedCodeCacheSize=
#   JVM is running with Unscaled Compressed Oops mode in which the Java heap is
#     placed in the first 4GB address space. The Java Heap base address is the
#     maximum limit for the native heap growth. Please use -XX:HeapBaseMinAddress
#     to set the Java Heap base and to place the Java Heap above 4GB virtual address.
# This output file may be truncated or incomplete.
#
#  Out of Memory Error (os_windows.cpp:3550), pid=12544, tid=3184
#
# JRE version: Java(TM) SE Runtime Environment (17.0.6+9) (build 17.0.6+9-LTS-190)
# Java VM: Java HotSpot(TM) 64-Bit Server VM (17.0.6+9-LTS-190, mixed mode, sharing, tiered, compressed oops, compressed class ptrs, g1 gc, windows-amd64)
# No core dump will be written. Minidumps are not enabled by default on client versions of Windows
#

---------------  S U M M A R Y ------------

Command Line: -javaagent:C:\Program Files\JetBrains\IntelliJ IDEA 2022.2.1\lib\idea_rt.jar=2041:C:\Program Files\JetBrains\IntelliJ IDEA 2022.2.1\bin -Dfile.encoding=UTF-8 --module-path=C:\Users\HAMAHANG\.m2\repository\org\openjfx\javafx-graphics\19\javafx-graphics-19-win.jar;C:\Users\HAMAHANG\.m2\repository\com\google\code\gson\gson\2.10.1\gson-2.10.1.jar;C:\Users\HAMAHANG\.m2\repository\org\openjfx\javafx-base\19\javafx-base-19-win.jar;C:\Users\HAMAHANG\.m2\repository\org\openjfx\javafx-controls\19\javafx-controls-19-win.jar;C:\Users\HAMAHANG\.m2\repository\org\openjfx\javafx-fxml\19\javafx-fxml-19-win.jar;C:\Users\HAMAHANG\Documents\GitHub\project-group-43\phase3\Server\target\classes -Djdk.module.main=com.example.strongholdcrusader com.example.strongholdcrusader/view.RegisterMenu

Host: Intel(R) Core(TM) i7-8550U CPU @ 1.80GHz, 8 cores, 7G,  Windows 10 , 64 bit Build 19041 (10.0.19041.3031)
Time: Tue Jul  4 19:23:28 2023 Iran Standard Time elapsed time: 12.036968 seconds (0d 0h 0m 12s)

---------------  T H R E A D  ---------------

Current thread (0x0000024da41d1950):  VMThread "VM Thread" [stack: 0x000000b954c00000,0x000000b954d00000] [id=3184]

Stack: [0x000000b954c00000,0x000000b954d00000]
Native frames: (J=compiled Java code, j=interpreted, Vv=VM code, C=native code)
V  [jvm.dll+0x6734ea]
V  [jvm.dll+0x7d18f4]
V  [jvm.dll+0x7d309e]
V  [jvm.dll+0x7d3703]
V  [jvm.dll+0x2433c5]
V  [jvm.dll+0x6703f9]
V  [jvm.dll+0x664d32]
V  [jvm.dll+0x300086]
V  [jvm.dll+0x307606]
V  [jvm.dll+0x356c1e]
V  [jvm.dll+0x356e4f]
V  [jvm.dll+0x2d72e8]
V  [jvm.dll+0x2d57e5]
V  [jvm.dll+0x2d4dec]
V  [jvm.dll+0x3186a1]
V  [jvm.dll+0x7d7f0b]
V  [jvm.dll+0x7d8c44]
V  [jvm.dll+0x7d915d]
V  [jvm.dll+0x7d9534]
V  [jvm.dll+0x7d9600]
V  [jvm.dll+0x781a7a]
V  [jvm.dll+0x672375]
C  [ucrtbase.dll+0x21bb2]
C  [KERNEL32.DLL+0x17614]
C  [ntdll.dll+0x526f1]

VM_Operation (0x000000b9562fc378): G1TryInitiateConcMark, mode: safepoint, requested by thread 0x0000024da5d9c280


---------------  P R O C E S S  ---------------

Threads class SMR info:
_java_thread_list=0x0000024da4c587b0, length=20, elements={
0x0000024d86102bc0, 0x0000024da41d5bf0, 0x0000024da41d7110, 0x0000024da41ecc20,
0x0000024da41ee6f0, 0x0000024da41f1860, 0x0000024da41f28c0, 0x0000024da41f7200,
0x0000024da41fbfc0, 0x0000024da42090e0, 0x0000024da4c4aec0, 0x0000024da53d4700,
0x0000024da5495c20, 0x0000024da5272850, 0x0000024da56505c0, 0x0000024da5629f60,
0x0000024da5baa240, 0x0000024da5bdda40, 0x0000024da5d9c280, 0x0000024da54bdca0
}

Java Threads: ( => current thread )
  0x0000024d86102bc0 JavaThread "main" [_thread_in_native, id=3196, stack(0x000000b954600000,0x000000b954700000)]
  0x0000024da41d5bf0 JavaThread "Reference Handler" daemon [_thread_blocked, id=12056, stack(0x000000b954d00000,0x000000b954e00000)]
  0x0000024da41d7110 JavaThread "Finalizer" daemon [_thread_blocked, id=11892, stack(0x000000b954e00000,0x000000b954f00000)]
  0x0000024da41ecc20 JavaThread "Signal Dispatcher" daemon [_thread_blocked, id=8232, stack(0x000000b954f00000,0x000000b955000000)]
  0x0000024da41ee6f0 JavaThread "Attach Listener" daemon [_thread_blocked, id=5348, stack(0x000000b955000000,0x000000b955100000)]
  0x0000024da41f1860 JavaThread "Service Thread" daemon [_thread_blocked, id=6196, stack(0x000000b955100000,0x000000b955200000)]
  0x0000024da41f28c0 JavaThread "Monitor Deflation Thread" daemon [_thread_blocked, id=3736, stack(0x000000b955200000,0x000000b955300000)]
  0x0000024da41f7200 JavaThread "C2 CompilerThread0" daemon [_thread_blocked, id=12860, stack(0x000000b955300000,0x000000b955400000)]
  0x0000024da41fbfc0 JavaThread "C1 CompilerThread0" daemon [_thread_blocked, id=7076, stack(0x000000b955400000,0x000000b955500000)]
  0x0000024da42090e0 JavaThread "Sweeper thread" daemon [_thread_blocked, id=4912, stack(0x000000b955500000,0x000000b955600000)]
  0x0000024da4c4aec0 JavaThread "Common-Cleaner" daemon [_thread_blocked, id=9036, stack(0x000000b955600000,0x000000b955700000)]
  0x0000024da53d4700 JavaThread "Monitor Ctrl-Break" daemon [_thread_in_native, id=11392, stack(0x000000b955900000,0x000000b955a00000)]
  0x0000024da5495c20 JavaThread "Notification Thread" daemon [_thread_blocked, id=7148, stack(0x000000b955a00000,0x000000b955b00000)]
  0x0000024da5272850 JavaThread "QuantumRenderer-0" daemon [_thread_blocked, id=6064, stack(0x000000b955700000,0x000000b955800000)]
  0x0000024da56505c0 JavaThread "InvokeLaterDispatcher" daemon [_thread_blocked, id=10544, stack(0x000000b955800000,0x000000b955900000)]
  0x0000024da5629f60 JavaThread "JavaFX Application Thread" [_thread_in_native, id=5636, stack(0x000000b955c00000,0x000000b955d00000)]
  0x0000024da5baa240 JavaThread "Thread-1" daemon [_thread_blocked, id=5600, stack(0x000000b956000000,0x000000b956100000)]
  0x0000024da5bdda40 JavaThread "Thread-3" [_thread_blocked, id=8076, stack(0x000000b956100000,0x000000b956200000)]
  0x0000024da5d9c280 JavaThread "Thread-4" [_thread_blocked, id=11772, stack(0x000000b956200000,0x000000b956300000)]
  0x0000024da54bdca0 JavaThread "C2 CompilerThread1" daemon [_thread_blocked, id=13628, stack(0x000000b956b00000,0x000000b956c00000)]

Other Threads:
=>0x0000024da41d1950 VMThread "VM Thread" [stack: 0x000000b954c00000,0x000000b954d00000] [id=3184]
  0x0000024d86176c40 WatcherThread [stack: 0x000000b955b00000,0x000000b955c00000] [id=2792]
  0x0000024d8615b360 GCTaskThread "GC Thread#0" [stack: 0x000000b954700000,0x000000b954800000] [id=6500]
  0x0000024da5160f90 GCTaskThread "GC Thread#1" [stack: 0x000000b956300000,0x000000b956400000] [id=1264]
  0x0000024da516e7c0 GCTaskThread "GC Thread#2" [stack: 0x000000b956400000,0x000000b956500000] [id=1800]
  0x0000024da516f280 GCTaskThread "GC Thread#3" [stack: 0x000000b956500000,0x000000b956600000] [id=8376]
  0x0000024da516fd40 GCTaskThread "GC Thread#4" [stack: 0x000000b956600000,0x000000b956700000] [id=10976]
  0x0000024da4fee400 GCTaskThread "GC Thread#5" [stack: 0x000000b956700000,0x000000b956800000] [id=6976]
  0x0000024da4feeac0 GCTaskThread "GC Thread#6" [stack: 0x000000b956800000,0x000000b956900000] [id=13316]
  0x0000024da4ff3200 GCTaskThread "GC Thread#7" [stack: 0x000000b956900000,0x000000b956a00000] [id=13320]
  0x0000024d8616ce00 ConcurrentGCThread "G1 Main Marker" [stack: 0x000000b954800000,0x000000b954900000] [id=10384]
  0x0000024d8616eed0 ConcurrentGCThread "G1 Conc#0" [stack: 0x000000b954900000,0x000000b954a00000] [id=6368]
  0x0000024da4c7f2d0 ConcurrentGCThread "G1 Conc#1" [stack: 0x000000b956a00000,0x000000b956b00000] [id=13432]
  0x0000024d861d7310 ConcurrentGCThread "G1 Refine#0" [stack: 0x000000b954a00000,0x000000b954b00000] [id=5788]
  0x0000024d861d7c40 ConcurrentGCThread "G1 Service" [stack: 0x000000b954b00000,0x000000b954c00000] [id=12172]

Threads with active compile tasks:
C2 CompilerThread0    12074 1239       4       java.io.FilterInputStream::read (9 bytes)
C2 CompilerThread1    12074 1246 %     4       com.sun.javafx.image.impl.BaseByteToByteConverter$FourByteReorderer::doConvert @ 27 (138 bytes)

VM state: at safepoint (normal execution)

VM Mutex/Monitor currently owned by a thread:  ([mutex/lock_event])
[0x0000024d860fe250] Threads_lock - owner thread: 0x0000024da41d1950
[0x0000024d860fd950] Heap_lock - owner thread: 0x0000024da5d9c280

Heap address: 0x0000000081e00000, size: 2018 MB, Compressed Oops mode: 32-bit

CDS archive(s) mapped at: [0x0000000800000000-0x0000000800bd0000-0x0000000800bd0000), size 12386304, SharedBaseAddress: 0x0000000800000000, ArchiveRelocationMode: 0.
Compressed class space mapped at: 0x0000000800c00000-0x0000000840c00000, reserved size: 1073741824
Narrow klass base: 0x0000000800000000, Narrow klass shift: 0, Narrow klass range: 0x100000000

GC Precious Log:
 CPUs: 8 total, 8 available
 Memory: 8070M
 Large Page Support: Disabled
 NUMA Support: Disabled
 Compressed Oops: Enabled (32-bit)
 Heap Region Size: 1M
 Heap Min Capacity: 8M
 Heap Initial Capacity: 128M
 Heap Max Capacity: 2018M
 Pre-touch: Disabled
 Parallel Workers: 8
 Concurrent Workers: 2
 Concurrent Refinement Workers: 8
 Periodic GC: Disabled

Heap:
 garbage-first heap   total 343040K, used 159857K [0x0000000081e00000, 0x0000000100000000)
  region size 1024K, 1 young (1024K), 1 survivors (1024K)
 Metaspace       used 6680K, committed 6976K, reserved 1056768K
  class space    used 750K, committed 896K, reserved 1048576K

Heap Regions: E=young(eden), S=young(survivor), O=old, HS=humongous(starts), HC=humongous(continues), CS=collection set, F=free, OA=open archive, CA=closed archive, TAMS=top-at-mark-start (previous, next)
|   0|0x0000000081e00000, 0x0000000081f00000, 0x0000000081f00000|100%| O|  |TAMS 0x0000000081f00000, 0x0000000081f00000| Untracked 
|   1|0x0000000081f00000, 0x0000000082000000, 0x0000000082000000|100%|HS|  |TAMS 0x0000000082000000, 0x0000000082000000| Complete 
|   2|0x0000000082000000, 0x0000000082100000, 0x0000000082100000|100%|HC|  |TAMS 0x0000000082100000, 0x0000000082100000| Complete 
|   3|0x0000000082100000, 0x0000000082200000, 0x0000000082200000|100%|HC|  |TAMS 0x0000000082200000, 0x0000000082200000| Complete 
|   4|0x0000000082200000, 0x0000000082300000, 0x0000000082300000|100%|HC|  |TAMS 0x0000000082300000, 0x0000000082300000| Complete 
|   5|0x0000000082300000, 0x0000000082400000, 0x0000000082400000|100%|HC|  |TAMS 0x0000000082400000, 0x0000000082400000| Complete 
|   6|0x0000000082400000, 0x0000000082500000, 0x0000000082500000|100%| O|  |TAMS 0x0000000082500000, 0x0000000082500000| Untracked 
|   7|0x0000000082500000, 0x0000000082600000, 0x0000000082600000|100%| O|  |TAMS 0x0000000082600000, 0x0000000082600000| Untracked 
|   8|0x0000000082600000, 0x0000000082685000, 0x0000000082700000| 51%| O|  |TAMS 0x0000000082685000, 0x0000000082685000| Untracked 
|   9|0x0000000082700000, 0x0000000082800000, 0x0000000082800000|100%|HS|  |TAMS 0x0000000082800000, 0x0000000082800000| Complete 
|  10|0x0000000082800000, 0x0000000082900000, 0x0000000082900000|100%|HC|  |TAMS 0x0000000082900000, 0x0000000082900000| Complete 
|  11|0x0000000082900000, 0x0000000082a00000, 0x0000000082a00000|100%|HC|  |TAMS 0x0000000082a00000, 0x0000000082a00000| Complete 
|  12|0x0000000082a00000, 0x0000000082b00000, 0x0000000082b00000|100%|HC|  |TAMS 0x0000000082b00000, 0x0000000082b00000| Complete 
|  13|0x0000000082b00000, 0x0000000082c00000, 0x0000000082c00000|100%|HC|  |TAMS 0x0000000082c00000, 0x0000000082c00000| Complete 
|  14|0x0000000082c00000, 0x0000000082d00000, 0x0000000082d00000|100%|HC|  |TAMS 0x0000000082d00000, 0x0000000082d00000| Complete 
|  15|0x0000000082d00000, 0x0000000082e00000, 0x0000000082e00000|100%|HC|  |TAMS 0x0000000082e00000, 0x0000000082e00000| Complete 
|  16|0x0000000082e00000, 0x0000000082f00000, 0x0000000082f00000|100%|HC|  |TAMS 0x0000000082f00000, 0x0000000082f00000| Complete 
|  17|0x0000000082f00000, 0x0000000083000000, 0x0000000083000000|100%|HC|  |TAMS 0x0000000083000000, 0x0000000083000000| Complete 
|  18|0x0000000083000000, 0x0000000083100000, 0x0000000083100000|100%|HC|  |TAMS 0x0000000083100000, 0x0000000083100000| Complete 
|  19|0x0000000083100000, 0x0000000083200000, 0x0000000083200000|100%|HC|  |TAMS 0x0000000083200000, 0x0000000083200000| Complete 
|  20|0x0000000083200000, 0x0000000083300000, 0x0000000083300000|100%|HC|  |TAMS 0x0000000083300000, 0x0000000083300000| Complete 
|  21|0x0000000083300000, 0x0000000083400000, 0x0000000083400000|100%|HC|  |TAMS 0x0000000083400000, 0x0000000083400000| Complete 
|  22|0x0000000083400000, 0x0000000083500000, 0x0000000083500000|100%|HC|  |TAMS 0x0000000083500000, 0x0000000083500000| Complete 
|  23|0x0000000083500000, 0x0000000083600000, 0x0000000083600000|100%|HC|  |TAMS 0x0000000083600000, 0x0000000083600000| Complete 
|  24|0x0000000083600000, 0x0000000083700000, 0x0000000083700000|100%|HC|  |TAMS 0x0000000083700000, 0x0000000083700000| Complete 
|  25|0x0000000083700000, 0x0000000083800000, 0x0000000083800000|100%|HC|  |TAMS 0x0000000083800000, 0x0000000083800000| Complete 
|  26|0x0000000083800000, 0x0000000083900000, 0x0000000083900000|100%|HC|  |TAMS 0x0000000083900000, 0x0000000083900000| Complete 
|  27|0x0000000083900000, 0x0000000083a00000, 0x0000000083a00000|100%|HC|  |TAMS 0x0000000083a00000, 0x0000000083a00000| Complete 
|  28|0x0000000083a00000, 0x0000000083b00000, 0x0000000083b00000|100%|HC|  |TAMS 0x0000000083b00000, 0x0000000083b00000| Complete 
|  29|0x0000000083b00000, 0x0000000083c00000, 0x0000000083c00000|100%|HC|  |TAMS 0x0000000083c00000, 0x0000000083c00000| Complete 
|  30|0x0000000083c00000, 0x0000000083d00000, 0x0000000083d00000|100%|HC|  |TAMS 0x0000000083d00000, 0x0000000083d00000| Complete 
|  31|0x0000000083d00000, 0x0000000083e00000, 0x0000000083e00000|100%|HC|  |TAMS 0x0000000083e00000, 0x0000000083e00000| Complete 
|  32|0x0000000083e00000, 0x0000000083f00000, 0x0000000083f00000|100%|HC|  |TAMS 0x0000000083f00000, 0x0000000083f00000| Complete 
|  33|0x0000000083f00000, 0x0000000084000000, 0x0000000084000000|100%|HC|  |TAMS 0x0000000084000000, 0x0000000084000000| Complete 
|  34|0x0000000084000000, 0x0000000084100000, 0x0000000084100000|100%|HC|  |TAMS 0x0000000084100000, 0x0000000084100000| Complete 
|  35|0x0000000084100000, 0x0000000084200000, 0x0000000084200000|100%|HC|  |TAMS 0x0000000084200000, 0x0000000084200000| Complete 
|  36|0x0000000084200000, 0x0000000084300000, 0x0000000084300000|100%|HC|  |TAMS 0x0000000084300000, 0x0000000084300000| Complete 
|  37|0x0000000084300000, 0x0000000084400000, 0x0000000084400000|100%|HC|  |TAMS 0x0000000084400000, 0x0000000084400000| Complete 
|  38|0x0000000084400000, 0x0000000084500000, 0x0000000084500000|100%|HC|  |TAMS 0x0000000084500000, 0x0000000084500000| Complete 
|  39|0x0000000084500000, 0x0000000084600000, 0x0000000084600000|100%|HC|  |TAMS 0x0000000084600000, 0x0000000084600000| Complete 
|  40|0x0000000084600000, 0x0000000084700000, 0x0000000084700000|100%|HC|  |TAMS 0x0000000084700000, 0x0000000084700000| Complete 
|  41|0x0000000084700000, 0x0000000084800000, 0x0000000084800000|100%|HC|  |TAMS 0x0000000084800000, 0x0000000084800000| Complete 
|  42|0x0000000084800000, 0x0000000084900000, 0x0000000084900000|100%|HC|  |TAMS 0x0000000084900000, 0x0000000084900000| Complete 
|  43|0x0000000084900000, 0x0000000084a00000, 0x0000000084a00000|100%|HC|  |TAMS 0x0000000084a00000, 0x0000000084a00000| Complete 
|  44|0x0000000084a00000, 0x0000000084b00000, 0x0000000084b00000|100%|HC|  |TAMS 0x0000000084b00000, 0x0000000084b00000| Complete 
|  45|0x0000000084b00000, 0x0000000084c00000, 0x0000000084c00000|100%|HC|  |TAMS 0x0000000084c00000, 0x0000000084c00000| Complete 
|  46|0x0000000084c00000, 0x0000000084d00000, 0x0000000084d00000|100%|HC|  |TAMS 0x0000000084d00000, 0x0000000084d00000| Complete 
|  47|0x0000000084d00000, 0x0000000084e00000, 0x0000000084e00000|100%|HC|  |TAMS 0x0000000084e00000, 0x0000000084e00000| Complete 
|  48|0x0000000084e00000, 0x0000000084f00000, 0x0000000084f00000|100%|HC|  |TAMS 0x0000000084f00000, 0x0000000084f00000| Complete 
|  49|0x0000000084f00000, 0x0000000085000000, 0x0000000085000000|100%|HC|  |TAMS 0x0000000085000000, 0x0000000085000000| Complete 
|  50|0x0000000085000000, 0x0000000085100000, 0x0000000085100000|100%|HC|  |TAMS 0x0000000085100000, 0x0000000085100000| Complete 
|  51|0x0000000085100000, 0x0000000085200000, 0x0000000085200000|100%|HC|  |TAMS 0x0000000085200000, 0x0000000085200000| Complete 
|  52|0x0000000085200000, 0x0000000085300000, 0x0000000085300000|100%|HC|  |TAMS 0x0000000085300000, 0x0000000085300000| Complete 
|  53|0x0000000085300000, 0x0000000085400000, 0x0000000085400000|100%|HC|  |TAMS 0x0000000085400000, 0x0000000085400000| Complete 
|  54|0x0000000085400000, 0x0000000085500000, 0x0000000085500000|100%|HC|  |TAMS 0x0000000085500000, 0x0000000085500000| Complete 
|  55|0x0000000085500000, 0x0000000085600000, 0x0000000085600000|100%|HC|  |TAMS 0x0000000085600000, 0x0000000085600000| Complete 
|  56|0x0000000085600000, 0x0000000085700000, 0x0000000085700000|100%|HC|  |TAMS 0x0000000085700000, 0x0000000085700000| Complete 
|  57|0x0000000085700000, 0x0000000085800000, 0x0000000085800000|100%|HC|  |TAMS 0x0000000085800000, 0x0000000085800000| Complete 
|  58|0x0000000085800000, 0x0000000085900000, 0x0000000085900000|100%|HC|  |TAMS 0x0000000085900000, 0x0000000085900000| Complete 
|  59|0x0000000085900000, 0x0000000085a00000, 0x0000000085a00000|100%|HC|  |TAMS 0x0000000085a00000, 0x0000000085a00000| Complete 
|  60|0x0000000085a00000, 0x0000000085b00000, 0x0000000085b00000|100%|HC|  |TAMS 0x0000000085b00000, 0x0000000085b00000| Complete 
|  61|0x0000000085b00000, 0x0000000085c00000, 0x0000000085c00000|100%|HC|  |TAMS 0x0000000085c00000, 0x0000000085c00000| Complete 
|  62|0x0000000085c00000, 0x0000000085d00000, 0x0000000085d00000|100%|HC|  |TAMS 0x0000000085d00000, 0x0000000085d00000| Complete 
|  63|0x0000000085d00000, 0x0000000085e00000, 0x0000000085e00000|100%|HC|  |TAMS 0x0000000085e00000, 0x0000000085e00000| Complete 
|  64|0x0000000085e00000, 0x0000000085f00000, 0x0000000085f00000|100%|HC|  |TAMS 0x0000000085f00000, 0x0000000085f00000| Complete 
|  65|0x0000000085f00000, 0x0000000086000000, 0x0000000086000000|100%|HC|  |TAMS 0x0000000086000000, 0x0000000086000000| Complete 
|  66|0x0000000086000000, 0x0000000086100000, 0x0000000086100000|100%|HC|  |TAMS 0x0000000086100000, 0x0000000086100000| Complete 
|  67|0x0000000086100000, 0x0000000086200000, 0x0000000086200000|100%|HC|  |TAMS 0x0000000086200000, 0x0000000086200000| Complete 
|  68|0x0000000086200000, 0x0000000086300000, 0x0000000086300000|100%|HC|  |TAMS 0x0000000086300000, 0x0000000086300000| Complete 
|  69|0x0000000086300000, 0x0000000086400000, 0x0000000086400000|100%|HC|  |TAMS 0x0000000086400000, 0x0000000086400000| Complete 
|  70|0x0000000086400000, 0x0000000086500000, 0x0000000086500000|100%|HC|  |TAMS 0x0000000086500000, 0x0000000086500000| Complete 
|  71|0x0000000086500000, 0x0000000086600000, 0x0000000086600000|100%|HC|  |TAMS 0x0000000086600000, 0x0000000086600000| Complete 
|  72|0x0000000086600000, 0x0000000086700000, 0x0000000086700000|100%|HC|  |TAMS 0x0000000086700000, 0x0000000086700000| Complete 
|  73|0x0000000086700000, 0x0000000086800000, 0x0000000086800000|100%|HS|  |TAMS 0x0000000086800000, 0x0000000086800000| Complete 
|  74|0x0000000086800000, 0x0000000086900000, 0x0000000086900000|100%|HC|  |TAMS 0x0000000086900000, 0x0000000086900000| Complete 
|  75|0x0000000086900000, 0x0000000086a00000, 0x0000000086a00000|100%|HS|  |TAMS 0x0000000086a00000, 0x0000000086a00000| Complete 
|  76|0x0000000086a00000, 0x0000000086b00000, 0x0000000086b00000|100%|HC|  |TAMS 0x0000000086b00000, 0x0000000086b00000| Complete 
|  77|0x0000000086b00000, 0x0000000086c00000, 0x0000000086c00000|100%|HS|  |TAMS 0x0000000086c00000, 0x0000000086c00000| Complete 
|  78|0x0000000086c00000, 0x0000000086d00000, 0x0000000086d00000|100%|HC|  |TAMS 0x0000000086d00000, 0x0000000086d00000| Complete 
|  79|0x0000000086d00000, 0x0000000086e00000, 0x0000000086e00000|100%|HS|  |TAMS 0x0000000086e00000, 0x0000000086e00000| Complete 
|  80|0x0000000086e00000, 0x0000000086f00000, 0x0000000086f00000|100%|HC|  |TAMS 0x0000000086f00000, 0x0000000086f00000| Complete 
|  81|0x0000000086f00000, 0x0000000087000000, 0x0000000087000000|100%|HS|  |TAMS 0x0000000087000000, 0x0000000087000000| Complete 
|  82|0x0000000087000000, 0x0000000087100000, 0x0000000087100000|100%|HC|  |TAMS 0x0000000087100000, 0x0000000087100000| Complete 
|  83|0x0000000087100000, 0x0000000087200000, 0x0000000087200000|100%|HS|  |TAMS 0x0000000087200000, 0x0000000087200000| Complete 
|  84|0x0000000087200000, 0x0000000087300000, 0x0000000087300000|100%|HC|  |TAMS 0x0000000087300000, 0x0000000087300000| Complete 
|  85|0x0000000087300000, 0x0000000087400000, 0x0000000087400000|100%|HS|  |TAMS 0x0000000087400000, 0x0000000087400000| Complete 
|  86|0x0000000087400000, 0x0000000087500000, 0x0000000087500000|100%|HC|  |TAMS 0x0000000087500000, 0x0000000087500000| Complete 
|  87|0x0000000087500000, 0x0000000087600000, 0x0000000087600000|100%|HS|  |TAMS 0x0000000087600000, 0x0000000087600000| Complete 
|  88|0x0000000087600000, 0x0000000087700000, 0x0000000087700000|100%|HC|  |TAMS 0x0000000087700000, 0x0000000087700000| Complete 
|  89|0x0000000087700000, 0x0000000087800000, 0x0000000087800000|100%|HS|  |TAMS 0x0000000087800000, 0x0000000087800000| Complete 
|  90|0x0000000087800000, 0x0000000087900000, 0x0000000087900000|100%|HS|  |TAMS 0x0000000087900000, 0x0000000087900000| Complete 
|  91|0x0000000087900000, 0x0000000087a00000, 0x0000000087a00000|100%|HC|  |TAMS 0x0000000087a00000, 0x0000000087a00000| Complete 
|  92|0x0000000087a00000, 0x0000000087b00000, 0x0000000087b00000|100%|HS|  |TAMS 0x0000000087b00000, 0x0000000087b00000| Complete 
|  93|0x0000000087b00000, 0x0000000087c00000, 0x0000000087c00000|100%|HC|  |TAMS 0x0000000087c00000, 0x0000000087c00000| Complete 
|  94|0x0000000087c00000, 0x0000000087d00000, 0x0000000087d00000|100%|HS|  |TAMS 0x0000000087d00000, 0x0000000087d00000| Complete 
|  95|0x0000000087d00000, 0x0000000087e00000, 0x0000000087e00000|100%|HC|  |TAMS 0x0000000087e00000, 0x0000000087e00000| Complete 
|  96|0x0000000087e00000, 0x0000000087f00000, 0x0000000087f00000|100%|HS|  |TAMS 0x0000000087e00000, 0x0000000087f00000| Complete 
|  97|0x0000000087f00000, 0x0000000088000000, 0x0000000088000000|100%|HC|  |TAMS 0x0000000087f00000, 0x0000000088000000| Complete 
|  98|0x0000000088000000, 0x0000000088000000, 0x0000000088100000|  0%| F|  |TAMS 0x0000000088000000, 0x0000000088000000| Untracked 
|  99|0x0000000088100000, 0x0000000088100000, 0x0000000088200000|  0%| F|  |TAMS 0x0000000088100000, 0x0000000088100000| Untracked 
| 100|0x0000000088200000, 0x0000000088200000, 0x0000000088300000|  0%| F|  |TAMS 0x0000000088200000, 0x0000000088200000| Untracked 
| 101|0x0000000088300000, 0x0000000088300000, 0x0000000088400000|  0%| F|  |TAMS 0x0000000088300000, 0x0000000088300000| Untracked 
| 102|0x0000000088400000, 0x0000000088400000, 0x0000000088500000|  0%| F|  |TAMS 0x0000000088400000, 0x0000000088400000| Untracked 
| 103|0x0000000088500000, 0x0000000088500000, 0x0000000088600000|  0%| F|  |TAMS 0x0000000088500000, 0x0000000088500000| Untracked 
| 104|0x0000000088600000, 0x0000000088600000, 0x0000000088700000|  0%| F|  |TAMS 0x0000000088600000, 0x0000000088600000| Untracked 
| 105|0x0000000088700000, 0x0000000088700000, 0x0000000088800000|  0%| F|  |TAMS 0x0000000088700000, 0x0000000088700000| Untracked 
| 106|0x0000000088800000, 0x0000000088800000, 0x0000000088900000|  0%| F|  |TAMS 0x0000000088800000, 0x0000000088800000| Untracked 
| 107|0x0000000088900000, 0x0000000088900000, 0x0000000088a00000|  0%| F|  |TAMS 0x0000000088900000, 0x0000000088900000| Untracked 
| 108|0x0000000088a00000, 0x0000000088a00000, 0x0000000088b00000|  0%| F|  |TAMS 0x0000000088a00000, 0x0000000088a00000| Untracked 
| 109|0x0000000088b00000, 0x0000000088b00000, 0x0000000088c00000|  0%| F|  |TAMS 0x0000000088b00000, 0x0000000088b00000| Untracked 
| 110|0x0000000088c00000, 0x0000000088c00000, 0x0000000088d00000|  0%| F|  |TAMS 0x0000000088c00000, 0x0000000088c00000| Untracked 
| 111|0x0000000088d00000, 0x0000000088d00000, 0x0000000088e00000|  0%| F|  |TAMS 0x0000000088d00000, 0x0000000088d00000| Untracked 
| 112|0x0000000088e00000, 0x0000000088e00000, 0x0000000088f00000|  0%| F|  |TAMS 0x0000000088e00000, 0x0000000088e00000| Untracked 
| 113|0x0000000088f00000, 0x0000000088f00000, 0x0000000089000000|  0%| F|  |TAMS 0x0000000088f00000, 0x0000000088f00000| Untracked 
| 114|0x0000000089000000, 0x0000000089000000, 0x0000000089100000|  0%| F|  |TAMS 0x0000000089000000, 0x0000000089000000| Untracked 
| 115|0x0000000089100000, 0x0000000089100000, 0x0000000089200000|  0%| F|  |TAMS 0x0000000089100000, 0x0000000089100000| Untracked 
| 116|0x0000000089200000, 0x0000000089200000, 0x0000000089300000|  0%| F|  |TAMS 0x0000000089200000, 0x0000000089200000| Untracked 
| 117|0x0000000089300000, 0x0000000089300000, 0x0000000089400000|  0%| F|  |TAMS 0x0000000089300000, 0x0000000089300000| Untracked 
| 118|0x0000000089400000, 0x0000000089400000, 0x0000000089500000|  0%| F|  |TAMS 0x0000000089400000, 0x0000000089400000| Untracked 
| 119|0x0000000089500000, 0x0000000089500000, 0x0000000089600000|  0%| F|  |TAMS 0x0000000089500000, 0x0000000089500000| Untracked 
| 120|0x0000000089600000, 0x0000000089600000, 0x0000000089700000|  0%| F|  |TAMS 0x0000000089600000, 0x0000000089600000| Untracked 
| 121|0x0000000089700000, 0x0000000089700000, 0x0000000089800000|  0%| F|  |TAMS 0x0000000089700000, 0x0000000089700000| Untracked 
| 122|0x0000000089800000, 0x0000000089800000, 0x0000000089900000|  0%| F|  |TAMS 0x0000000089800000, 0x0000000089800000| Untracked 
| 123|0x0000000089900000, 0x0000000089900000, 0x0000000089a00000|  0%| F|  |TAMS 0x0000000089900000, 0x0000000089900000| Untracked 
| 124|0x0000000089a00000, 0x0000000089a00000, 0x0000000089b00000|  0%| F|  |TAMS 0x0000000089a00000, 0x0000000089a00000| Untracked 
| 125|0x0000000089b00000, 0x0000000089b00000, 0x0000000089c00000|  0%| F|  |TAMS 0x0000000089b00000, 0x0000000089b00000| Untracked 
| 126|0x0000000089c00000, 0x0000000089c00000, 0x0000000089d00000|  0%| F|  |TAMS 0x0000000089c00000, 0x0000000089c00000| Untracked 
| 127|0x0000000089d00000, 0x0000000089d00000, 0x0000000089e00000|  0%| F|  |TAMS 0x0000000089d00000, 0x0000000089d00000| Untracked 
| 128|0x0000000089e00000, 0x0000000089e00000, 0x0000000089f00000|  0%| F|  |TAMS 0x0000000089e00000, 0x0000000089e00000| Untracked 
| 129|0x0000000089f00000, 0x0000000089f00000, 0x000000008a000000|  0%| F|  |TAMS 0x0000000089f00000, 0x0000000089f00000| Untracked 
| 130|0x000000008a000000, 0x000000008a000000, 0x000000008a100000|  0%| F|  |TAMS 0x000000008a000000, 0x000000008a000000| Untracked 
| 131|0x000000008a100000, 0x000000008a100000, 0x000000008a200000|  0%| F|  |TAMS 0x000000008a100000, 0x000000008a100000| Untracked 
| 132|0x000000008a200000, 0x000000008a300000, 0x000000008a300000|100%|HS|  |TAMS 0x000000008a300000, 0x000000008a300000| Complete 
| 133|0x000000008a300000, 0x000000008a400000, 0x000000008a400000|100%|HC|  |TAMS 0x000000008a400000, 0x000000008a400000| Complete 
| 134|0x000000008a400000, 0x000000008a500000, 0x000000008a500000|100%|HC|  |TAMS 0x000000008a500000, 0x000000008a500000| Complete 
| 135|0x000000008a500000, 0x000000008a600000, 0x000000008a600000|100%|HC|  |TAMS 0x000000008a600000, 0x000000008a600000| Complete 
| 136|0x000000008a600000, 0x000000008a700000, 0x000000008a700000|100%|HC|  |TAMS 0x000000008a700000, 0x000000008a700000| Complete 
| 137|0x000000008a700000, 0x000000008a800000, 0x000000008a800000|100%|HC|  |TAMS 0x000000008a800000, 0x000000008a800000| Complete 
| 138|0x000000008a800000, 0x000000008a900000, 0x000000008a900000|100%|HC|  |TAMS 0x000000008a900000, 0x000000008a900000| Complete 
| 139|0x000000008a900000, 0x000000008aa00000, 0x000000008aa00000|100%|HC|  |TAMS 0x000000008aa00000, 0x000000008aa00000| Complete 
| 140|0x000000008aa00000, 0x000000008ab00000, 0x000000008ab00000|100%|HC|  |TAMS 0x000000008ab00000, 0x000000008ab00000| Complete 
| 141|0x000000008ab00000, 0x000000008ac00000, 0x000000008ac00000|100%|HC|  |TAMS 0x000000008ac00000, 0x000000008ac00000| Complete 
| 142|0x000000008ac00000, 0x000000008ad00000, 0x000000008ad00000|100%|HC|  |TAMS 0x000000008ad00000, 0x000000008ad00000| Complete 
| 143|0x000000008ad00000, 0x000000008ae00000, 0x000000008ae00000|100%|HC|  |TAMS 0x000000008ae00000, 0x000000008ae00000| Complete 
| 144|0x000000008ae00000, 0x000000008af00000, 0x000000008af00000|100%|HC|  |TAMS 0x000000008af00000, 0x000000008af00000| Complete 
| 145|0x000000008af00000, 0x000000008b000000, 0x000000008b000000|100%|HC|  |TAMS 0x000000008b000000, 0x000000008b000000| Complete 
| 146|0x000000008b000000, 0x000000008b100000, 0x000000008b100000|100%|HC|  |TAMS 0x000000008b100000, 0x000000008b100000| Complete 
| 147|0x000000008b100000, 0x000000008b200000, 0x000000008b200000|100%|HC|  |TAMS 0x000000008b200000, 0x000000008b200000| Complete 
| 148|0x000000008b200000, 0x000000008b300000, 0x000000008b300000|100%|HC|  |TAMS 0x000000008b300000, 0x000000008b300000| Complete 
| 149|0x000000008b300000, 0x000000008b400000, 0x000000008b400000|100%|HC|  |TAMS 0x000000008b400000, 0x000000008b400000| Complete 
| 150|0x000000008b400000, 0x000000008b500000, 0x000000008b500000|100%|HC|  |TAMS 0x000000008b500000, 0x000000008b500000| Complete 
| 151|0x000000008b500000, 0x000000008b600000, 0x000000008b600000|100%|HC|  |TAMS 0x000000008b600000, 0x000000008b600000| Complete 
| 152|0x000000008b600000, 0x000000008b700000, 0x000000008b700000|100%|HC|  |TAMS 0x000000008b700000, 0x000000008b700000| Complete 
| 153|0x000000008b700000, 0x000000008b800000, 0x000000008b800000|100%|HC|  |TAMS 0x000000008b800000, 0x000000008b800000| Complete 
| 154|0x000000008b800000, 0x000000008b900000, 0x000000008b900000|100%|HC|  |TAMS 0x000000008b900000, 0x000000008b900000| Complete 
| 155|0x000000008b900000, 0x000000008ba00000, 0x000000008ba00000|100%|HC|  |TAMS 0x000000008ba00000, 0x000000008ba00000| Complete 
| 156|0x000000008ba00000, 0x000000008bb00000, 0x000000008bb00000|100%|HC|  |TAMS 0x000000008bb00000, 0x000000008bb00000| Complete 
| 157|0x000000008bb00000, 0x000000008bc00000, 0x000000008bc00000|100%|HC|  |TAMS 0x000000008bc00000, 0x000000008bc00000| Complete 
| 158|0x000000008bc00000, 0x000000008bd00000, 0x000000008bd00000|100%|HC|  |TAMS 0x000000008bd00000, 0x000000008bd00000| Complete 
| 159|0x000000008bd00000, 0x000000008be00000, 0x000000008be00000|100%|HC|  |TAMS 0x000000008be00000, 0x000000008be00000| Complete 
| 160|0x000000008be00000, 0x000000008bf00000, 0x000000008bf00000|100%|HC|  |TAMS 0x000000008bf00000, 0x000000008bf00000| Complete 
| 161|0x000000008bf00000, 0x000000008c000000, 0x000000008c000000|100%|HC|  |TAMS 0x000000008c000000, 0x000000008c000000| Complete 
| 162|0x000000008c000000, 0x000000008c100000, 0x000000008c100000|100%|HC|  |TAMS 0x000000008c100000, 0x000000008c100000| Complete 
| 163|0x000000008c100000, 0x000000008c200000, 0x000000008c200000|100%|HC|  |TAMS 0x000000008c200000, 0x000000008c200000| Complete 
| 164|0x000000008c200000, 0x000000008c300000, 0x000000008c300000|100%|HC|  |TAMS 0x000000008c300000, 0x000000008c300000| Complete 
| 165|0x000000008c300000, 0x000000008c400000, 0x000000008c400000|100%|HC|  |TAMS 0x000000008c400000, 0x000000008c400000| Complete 
| 166|0x000000008c400000, 0x000000008c500000, 0x000000008c500000|100%|HC|  |TAMS 0x000000008c500000, 0x000000008c500000| Complete 
| 167|0x000000008c500000, 0x000000008c600000, 0x000000008c600000|100%|HC|  |TAMS 0x000000008c600000, 0x000000008c600000| Complete 
| 168|0x000000008c600000, 0x000000008c700000, 0x000000008c700000|100%|HC|  |TAMS 0x000000008c700000, 0x000000008c700000| Complete 
| 169|0x000000008c700000, 0x000000008c800000, 0x000000008c800000|100%|HC|  |TAMS 0x000000008c800000, 0x000000008c800000| Complete 
| 170|0x000000008c800000, 0x000000008c900000, 0x000000008c900000|100%|HC|  |TAMS 0x000000008c900000, 0x000000008c900000| Complete 
| 171|0x000000008c900000, 0x000000008ca00000, 0x000000008ca00000|100%|HC|  |TAMS 0x000000008ca00000, 0x000000008ca00000| Complete 
| 172|0x000000008ca00000, 0x000000008cb00000, 0x000000008cb00000|100%|HC|  |TAMS 0x000000008cb00000, 0x000000008cb00000| Complete 
| 173|0x000000008cb00000, 0x000000008cc00000, 0x000000008cc00000|100%|HC|  |TAMS 0x000000008cc00000, 0x000000008cc00000| Complete 
| 174|0x000000008cc00000, 0x000000008cd00000, 0x000000008cd00000|100%|HC|  |TAMS 0x000000008cd00000, 0x000000008cd00000| Complete 
| 175|0x000000008cd00000, 0x000000008ce00000, 0x000000008ce00000|100%|HC|  |TAMS 0x000000008ce00000, 0x000000008ce00000| Complete 
| 176|0x000000008ce00000, 0x000000008cf00000, 0x000000008cf00000|100%|HC|  |TAMS 0x000000008cf00000, 0x000000008cf00000| Complete 
| 177|0x000000008cf00000, 0x000000008d000000, 0x000000008d000000|100%|HC|  |TAMS 0x000000008d000000, 0x000000008d000000| Complete 
| 178|0x000000008d000000, 0x000000008d100000, 0x000000008d100000|100%|HC|  |TAMS 0x000000008d100000, 0x000000008d100000| Complete 
| 179|0x000000008d100000, 0x000000008d200000, 0x000000008d200000|100%|HC|  |TAMS 0x000000008d200000, 0x000000008d200000| Complete 
| 180|0x000000008d200000, 0x000000008d300000, 0x000000008d300000|100%|HC|  |TAMS 0x000000008d300000, 0x000000008d300000| Complete 
| 181|0x000000008d300000, 0x000000008d400000, 0x000000008d400000|100%|HC|  |TAMS 0x000000008d400000, 0x000000008d400000| Complete 
| 182|0x000000008d400000, 0x000000008d500000, 0x000000008d500000|100%|HC|  |TAMS 0x000000008d500000, 0x000000008d500000| Complete 
| 183|0x000000008d500000, 0x000000008d600000, 0x000000008d600000|100%|HC|  |TAMS 0x000000008d600000, 0x000000008d600000| Complete 
| 184|0x000000008d600000, 0x000000008d700000, 0x000000008d700000|100%|HC|  |TAMS 0x000000008d700000, 0x000000008d700000| Complete 
| 185|0x000000008d700000, 0x000000008d800000, 0x000000008d800000|100%|HC|  |TAMS 0x000000008d800000, 0x000000008d800000| Complete 
| 186|0x000000008d800000, 0x000000008d900000, 0x000000008d900000|100%|HC|  |TAMS 0x000000008d900000, 0x000000008d900000| Complete 
| 187|0x000000008d900000, 0x000000008da00000, 0x000000008da00000|100%|HC|  |TAMS 0x000000008da00000, 0x000000008da00000| Complete 
| 188|0x000000008da00000, 0x000000008db00000, 0x000000008db00000|100%|HC|  |TAMS 0x000000008db00000, 0x000000008db00000| Complete 
| 189|0x000000008db00000, 0x000000008dc00000, 0x000000008dc00000|100%|HC|  |TAMS 0x000000008dc00000, 0x000000008dc00000| Complete 
| 190|0x000000008dc00000, 0x000000008dc00000, 0x000000008dd00000|  0%| F|  |TAMS 0x000000008dc00000, 0x000000008dc00000| Untracked 
| 191|0x000000008dd00000, 0x000000008dd00000, 0x000000008de00000|  0%| F|  |TAMS 0x000000008dd00000, 0x000000008dd00000| Untracked 
| 192|0x000000008de00000, 0x000000008de00000, 0x000000008df00000|  0%| F|  |TAMS 0x000000008de00000, 0x000000008de00000| Untracked 
| 193|0x000000008df00000, 0x000000008df00000, 0x000000008e000000|  0%| F|  |TAMS 0x000000008df00000, 0x000000008df00000| Untracked 
| 194|0x000000008e000000, 0x000000008e000000, 0x000000008e100000|  0%| F|  |TAMS 0x000000008e000000, 0x000000008e000000| Untracked 
| 195|0x000000008e100000, 0x000000008e100000, 0x000000008e200000|  0%| F|  |TAMS 0x000000008e100000, 0x000000008e100000| Untracked 
| 196|0x000000008e200000, 0x000000008e200000, 0x000000008e300000|  0%| F|  |TAMS 0x000000008e200000, 0x000000008e200000| Untracked 
| 197|0x000000008e300000, 0x000000008e300000, 0x000000008e400000|  0%| F|  |TAMS 0x000000008e300000, 0x000000008e300000| Untracked 
| 198|0x000000008e400000, 0x000000008e400000, 0x000000008e500000|  0%| F|  |TAMS 0x000000008e400000, 0x000000008e400000| Untracked 
| 199|0x000000008e500000, 0x000000008e500000, 0x000000008e600000|  0%| F|  |TAMS 0x000000008e500000, 0x000000008e500000| Untracked 
| 200|0x000000008e600000, 0x000000008e600000, 0x000000008e700000|  0%| F|  |TAMS 0x000000008e600000, 0x000000008e600000| Untracked 
| 201|0x000000008e700000, 0x000000008e700000, 0x000000008e800000|  0%| F|  |TAMS 0x000000008e700000, 0x000000008e700000| Untracked 
| 202|0x000000008e800000, 0x000000008e800000, 0x000000008e900000|  0%| F|  |TAMS 0x000000008e800000, 0x000000008e800000| Untracked 
| 203|0x000000008e900000, 0x000000008e900000, 0x000000008ea00000|  0%| F|  |TAMS 0x000000008e900000, 0x000000008e900000| Untracked 
| 204|0x000000008ea00000, 0x000000008ea00000, 0x000000008eb00000|  0%| F|  |TAMS 0x000000008ea00000, 0x000000008ea00000| Untracked 
| 205|0x000000008eb00000, 0x000000008eb00000, 0x000000008ec00000|  0%| F|  |TAMS 0x000000008eb00000, 0x000000008eb00000| Untracked 
| 206|0x000000008ec00000, 0x000000008ec00000, 0x000000008ed00000|  0%| F|  |TAMS 0x000000008ec00000, 0x000000008ec00000| Untracked 
| 207|0x000000008ed00000, 0x000000008ed00000, 0x000000008ee00000|  0%| F|  |TAMS 0x000000008ed00000, 0x000000008ed00000| Untracked 
| 208|0x000000008ee00000, 0x000000008ee00000, 0x000000008ef00000|  0%| F|  |TAMS 0x000000008ee00000, 0x000000008ee00000| Untracked 
| 209|0x000000008ef00000, 0x000000008ef00000, 0x000000008f000000|  0%| F|  |TAMS 0x000000008ef00000, 0x000000008ef00000| Untracked 
| 210|0x000000008f000000, 0x000000008f000000, 0x000000008f100000|  0%| F|  |TAMS 0x000000008f000000, 0x000000008f000000| Untracked 
| 211|0x000000008f100000, 0x000000008f100000, 0x000000008f200000|  0%| F|  |TAMS 0x000000008f100000, 0x000000008f100000| Untracked 
| 212|0x000000008f200000, 0x000000008f200000, 0x000000008f300000|  0%| F|  |TAMS 0x000000008f200000, 0x000000008f200000| Untracked 
| 213|0x000000008f300000, 0x000000008f300000, 0x000000008f400000|  0%| F|  |TAMS 0x000000008f300000, 0x000000008f300000| Untracked 
| 214|0x000000008f400000, 0x000000008f400000, 0x000000008f500000|  0%| F|  |TAMS 0x000000008f400000, 0x000000008f400000| Untracked 
| 215|0x000000008f500000, 0x000000008f500000, 0x000000008f600000|  0%| F|  |TAMS 0x000000008f500000, 0x000000008f500000| Untracked 
| 216|0x000000008f600000, 0x000000008f600000, 0x000000008f700000|  0%| F|  |TAMS 0x000000008f600000, 0x000000008f600000| Untracked 
| 217|0x000000008f700000, 0x000000008f700000, 0x000000008f800000|  0%| F|  |TAMS 0x000000008f700000, 0x000000008f700000| Untracked 
| 218|0x000000008f800000, 0x000000008f800000, 0x000000008f900000|  0%| F|  |TAMS 0x000000008f800000, 0x000000008f800000| Untracked 
| 219|0x000000008f900000, 0x000000008f900000, 0x000000008fa00000|  0%| F|  |TAMS 0x000000008f900000, 0x000000008f900000| Untracked 
| 220|0x000000008fa00000, 0x000000008fa00000, 0x000000008fb00000|  0%| F|  |TAMS 0x000000008fa00000, 0x000000008fa00000| Untracked 
| 221|0x000000008fb00000, 0x000000008fb00000, 0x000000008fc00000|  0%| F|  |TAMS 0x000000008fb00000, 0x000000008fb00000| Untracked 
| 222|0x000000008fc00000, 0x000000008fc00000, 0x000000008fd00000|  0%| F|  |TAMS 0x000000008fc00000, 0x000000008fc00000| Untracked 
| 223|0x000000008fd00000, 0x000000008fd00000, 0x000000008fe00000|  0%| F|  |TAMS 0x000000008fd00000, 0x000000008fd00000| Untracked 
| 224|0x000000008fe00000, 0x000000008fe00000, 0x000000008ff00000|  0%| F|  |TAMS 0x000000008fe00000, 0x000000008fe00000| Untracked 
| 225|0x000000008ff00000, 0x000000008ff00000, 0x0000000090000000|  0%| F|  |TAMS 0x000000008ff00000, 0x000000008ff00000| Untracked 
| 226|0x0000000090000000, 0x0000000090000000, 0x0000000090100000|  0%| F|  |TAMS 0x0000000090000000, 0x0000000090000000| Untracked 
| 227|0x0000000090100000, 0x0000000090100000, 0x0000000090200000|  0%| F|  |TAMS 0x0000000090100000, 0x0000000090100000| Untracked 
| 228|0x0000000090200000, 0x0000000090200000, 0x0000000090300000|  0%| F|  |TAMS 0x0000000090200000, 0x0000000090200000| Untracked 
| 229|0x0000000090300000, 0x0000000090300000, 0x0000000090400000|  0%| F|  |TAMS 0x0000000090300000, 0x0000000090300000| Untracked 
| 230|0x0000000090400000, 0x0000000090400000, 0x0000000090500000|  0%| F|  |TAMS 0x0000000090400000, 0x0000000090400000| Untracked 
| 231|0x0000000090500000, 0x0000000090500000, 0x0000000090600000|  0%| F|  |TAMS 0x0000000090500000, 0x0000000090500000| Untracked 
| 232|0x0000000090600000, 0x0000000090600000, 0x0000000090700000|  0%| F|  |TAMS 0x0000000090600000, 0x0000000090600000| Untracked 
| 233|0x0000000090700000, 0x0000000090700000, 0x0000000090800000|  0%| F|  |TAMS 0x0000000090700000, 0x0000000090700000| Untracked 
| 234|0x0000000090800000, 0x0000000090800000, 0x0000000090900000|  0%| F|  |TAMS 0x0000000090800000, 0x0000000090800000| Untracked 
| 235|0x0000000090900000, 0x0000000090900000, 0x0000000090a00000|  0%| F|  |TAMS 0x0000000090900000, 0x0000000090900000| Untracked 
| 236|0x0000000090a00000, 0x0000000090a00000, 0x0000000090b00000|  0%| F|  |TAMS 0x0000000090a00000, 0x0000000090a00000| Untracked 
| 237|0x0000000090b00000, 0x0000000090b00000, 0x0000000090c00000|  0%| F|  |TAMS 0x0000000090b00000, 0x0000000090b00000| Untracked 
| 238|0x0000000090c00000, 0x0000000090c00000, 0x0000000090d00000|  0%| F|  |TAMS 0x0000000090c00000, 0x0000000090c00000| Untracked 
| 239|0x0000000090d00000, 0x0000000090d00000, 0x0000000090e00000|  0%| F|  |TAMS 0x0000000090d00000, 0x0000000090d00000| Untracked 
| 240|0x0000000090e00000, 0x0000000090e00000, 0x0000000090f00000|  0%| F|  |TAMS 0x0000000090e00000, 0x0000000090e00000| Untracked 
| 241|0x0000000090f00000, 0x0000000090f00000, 0x0000000091000000|  0%| F|  |TAMS 0x0000000090f00000, 0x0000000090f00000| Untracked 
| 242|0x0000000091000000, 0x0000000091000000, 0x0000000091100000|  0%| F|  |TAMS 0x0000000091000000, 0x0000000091000000| Untracked 
| 243|0x0000000091100000, 0x0000000091100000, 0x0000000091200000|  0%| F|  |TAMS 0x0000000091100000, 0x0000000091100000| Untracked 
| 244|0x0000000091200000, 0x0000000091200000, 0x0000000091300000|  0%| F|  |TAMS 0x0000000091200000, 0x0000000091200000| Untracked 
| 245|0x0000000091300000, 0x0000000091300000, 0x0000000091400000|  0%| F|  |TAMS 0x0000000091300000, 0x0000000091300000| Untracked 
| 246|0x0000000091400000, 0x0000000091400000, 0x0000000091500000|  0%| F|  |TAMS 0x0000000091400000, 0x0000000091400000| Untracked 
| 247|0x0000000091500000, 0x0000000091500000, 0x0000000091600000|  0%| F|  |TAMS 0x0000000091500000, 0x0000000091500000| Untracked 
| 248|0x0000000091600000, 0x0000000091600000, 0x0000000091700000|  0%| F|  |TAMS 0x0000000091600000, 0x0000000091600000| Untracked 
| 249|0x0000000091700000, 0x0000000091700000, 0x0000000091800000|  0%| F|  |TAMS 0x0000000091700000, 0x0000000091700000| Untracked 
| 250|0x0000000091800000, 0x0000000091800000, 0x0000000091900000|  0%| F|  |TAMS 0x0000000091800000, 0x0000000091800000| Untracked 
| 251|0x0000000091900000, 0x0000000091900000, 0x0000000091a00000|  0%| F|  |TAMS 0x0000000091900000, 0x0000000091900000| Untracked 
| 252|0x0000000091a00000, 0x0000000091a00000, 0x0000000091b00000|  0%| F|  |TAMS 0x0000000091a00000, 0x0000000091a00000| Untracked 
| 253|0x0000000091b00000, 0x0000000091b00000, 0x0000000091c00000|  0%| F|  |TAMS 0x0000000091b00000, 0x0000000091b00000| Untracked 
| 254|0x0000000091c00000, 0x0000000091c00000, 0x0000000091d00000|  0%| F|  |TAMS 0x0000000091c00000, 0x0000000091c00000| Untracked 
| 255|0x0000000091d00000, 0x0000000091d00000, 0x0000000091e00000|  0%| F|  |TAMS 0x0000000091d00000, 0x0000000091d00000| Untracked 
| 256|0x0000000091e00000, 0x0000000091e00000, 0x0000000091f00000|  0%| F|  |TAMS 0x0000000091e00000, 0x0000000091e00000| Untracked 
| 257|0x0000000091f00000, 0x0000000091f00000, 0x0000000092000000|  0%| F|  |TAMS 0x0000000091f00000, 0x0000000091f00000| Untracked 
| 258|0x0000000092000000, 0x0000000092000000, 0x0000000092100000|  0%| F|  |TAMS 0x0000000092000000, 0x0000000092000000| Untracked 
| 259|0x0000000092100000, 0x0000000092100000, 0x0000000092200000|  0%| F|  |TAMS 0x0000000092100000, 0x0000000092100000| Untracked 
| 260|0x0000000092200000, 0x0000000092200000, 0x0000000092300000|  0%| F|  |TAMS 0x0000000092200000, 0x0000000092200000| Untracked 
| 261|0x0000000092300000, 0x0000000092300000, 0x0000000092400000|  0%| F|  |TAMS 0x0000000092300000, 0x0000000092300000| Untracked 
| 262|0x0000000092400000, 0x0000000092400000, 0x0000000092500000|  0%| F|  |TAMS 0x0000000092400000, 0x0000000092400000| Untracked 
| 263|0x0000000092500000, 0x0000000092500000, 0x0000000092600000|  0%| F|  |TAMS 0x0000000092500000, 0x0000000092500000| Untracked 
| 264|0x0000000092600000, 0x0000000092600000, 0x0000000092700000|  0%| F|  |TAMS 0x0000000092600000, 0x0000000092600000| Untracked 
| 265|0x0000000092700000, 0x0000000092700000, 0x0000000092800000|  0%| F|  |TAMS 0x0000000092700000, 0x0000000092700000| Untracked 
| 266|0x0000000092800000, 0x0000000092800000, 0x0000000092900000|  0%| F|  |TAMS 0x0000000092800000, 0x0000000092800000| Untracked 
| 267|0x0000000092900000, 0x0000000092900000, 0x0000000092a00000|  0%| F|  |TAMS 0x0000000092900000, 0x0000000092900000| Untracked 
| 268|0x0000000092a00000, 0x0000000092a00000, 0x0000000092b00000|  0%| F|  |TAMS 0x0000000092a00000, 0x0000000092a00000| Untracked 
| 269|0x0000000092b00000, 0x0000000092b00000, 0x0000000092c00000|  0%| F|  |TAMS 0x0000000092b00000, 0x0000000092b00000| Untracked 
| 270|0x0000000092c00000, 0x0000000092c00000, 0x0000000092d00000|  0%| F|  |TAMS 0x0000000092c00000, 0x0000000092c00000| Untracked 
| 271|0x0000000092d00000, 0x0000000092d00000, 0x0000000092e00000|  0%| F|  |TAMS 0x0000000092d00000, 0x0000000092d00000| Untracked 
| 272|0x0000000092e00000, 0x0000000092e00000, 0x0000000092f00000|  0%| F|  |TAMS 0x0000000092e00000, 0x0000000092e00000| Untracked 
| 273|0x0000000092f00000, 0x0000000092f00000, 0x0000000093000000|  0%| F|  |TAMS 0x0000000092f00000, 0x0000000092f00000| Untracked 
| 274|0x0000000093000000, 0x0000000093000000, 0x0000000093100000|  0%| F|  |TAMS 0x0000000093000000, 0x0000000093000000| Untracked 
| 275|0x0000000093100000, 0x0000000093100000, 0x0000000093200000|  0%| F|  |TAMS 0x0000000093100000, 0x0000000093100000| Untracked 
| 276|0x0000000093200000, 0x0000000093200000, 0x0000000093300000|  0%| F|  |TAMS 0x0000000093200000, 0x0000000093200000| Untracked 
| 277|0x0000000093300000, 0x0000000093300000, 0x0000000093400000|  0%| F|  |TAMS 0x0000000093300000, 0x0000000093300000| Untracked 
| 278|0x0000000093400000, 0x0000000093400000, 0x0000000093500000|  0%| F|  |TAMS 0x0000000093400000, 0x0000000093400000| Untracked 
| 279|0x0000000093500000, 0x0000000093500000, 0x0000000093600000|  0%| F|  |TAMS 0x0000000093500000, 0x0000000093500000| Untracked 
| 280|0x0000000093600000, 0x0000000093600000, 0x0000000093700000|  0%| F|  |TAMS 0x0000000093600000, 0x0000000093600000| Untracked 
| 281|0x0000000093700000, 0x0000000093700000, 0x0000000093800000|  0%| F|  |TAMS 0x0000000093700000, 0x0000000093700000| Untracked 
| 282|0x0000000093800000, 0x0000000093800000, 0x0000000093900000|  0%| F|  |TAMS 0x0000000093800000, 0x0000000093800000| Untracked 
| 283|0x0000000093900000, 0x0000000093900000, 0x0000000093a00000|  0%| F|  |TAMS 0x0000000093900000, 0x0000000093900000| Untracked 
| 284|0x0000000093a00000, 0x0000000093a00000, 0x0000000093b00000|  0%| F|  |TAMS 0x0000000093a00000, 0x0000000093a00000| Untracked 
| 285|0x0000000093b00000, 0x0000000093b00000, 0x0000000093c00000|  0%| F|  |TAMS 0x0000000093b00000, 0x0000000093b00000| Untracked 
| 286|0x0000000093c00000, 0x0000000093c00000, 0x0000000093d00000|  0%| F|  |TAMS 0x0000000093c00000, 0x0000000093c00000| Untracked 
| 287|0x0000000093d00000, 0x0000000093d00000, 0x0000000093e00000|  0%| F|  |TAMS 0x0000000093d00000, 0x0000000093d00000| Untracked 
| 288|0x0000000093e00000, 0x0000000093e00000, 0x0000000093f00000|  0%| F|  |TAMS 0x0000000093e00000, 0x0000000093e00000| Untracked 
| 289|0x0000000093f00000, 0x0000000093f00000, 0x0000000094000000|  0%| F|  |TAMS 0x0000000093f00000, 0x0000000093f00000| Untracked 
| 290|0x0000000094000000, 0x0000000094000000, 0x0000000094100000|  0%| F|  |TAMS 0x0000000094000000, 0x0000000094000000| Untracked 
| 291|0x0000000094100000, 0x0000000094100000, 0x0000000094200000|  0%| F|  |TAMS 0x0000000094100000, 0x0000000094100000| Untracked 
| 292|0x0000000094200000, 0x0000000094200000, 0x0000000094300000|  0%| F|  |TAMS 0x0000000094200000, 0x0000000094200000| Untracked 
| 293|0x0000000094300000, 0x0000000094300000, 0x0000000094400000|  0%| F|  |TAMS 0x0000000094300000, 0x0000000094300000| Untracked 
| 294|0x0000000094400000, 0x0000000094400000, 0x0000000094500000|  0%| F|  |TAMS 0x0000000094400000, 0x0000000094400000| Untracked 
| 295|0x0000000094500000, 0x0000000094500000, 0x0000000094600000|  0%| F|  |TAMS 0x0000000094500000, 0x0000000094500000| Untracked 
| 296|0x0000000094600000, 0x0000000094600000, 0x0000000094700000|  0%| F|  |TAMS 0x0000000094600000, 0x0000000094600000| Untracked 
| 297|0x0000000094700000, 0x0000000094700000, 0x0000000094800000|  0%| F|  |TAMS 0x0000000094700000, 0x0000000094700000| Untracked 
| 298|0x0000000094800000, 0x0000000094800000, 0x0000000094900000|  0%| F|  |TAMS 0x0000000094800000, 0x0000000094800000| Untracked 
| 299|0x0000000094900000, 0x0000000094900000, 0x0000000094a00000|  0%| F|  |TAMS 0x0000000094900000, 0x0000000094900000| Untracked 
| 300|0x0000000094a00000, 0x0000000094a00000, 0x0000000094b00000|  0%| F|  |TAMS 0x0000000094a00000, 0x0000000094a00000| Untracked 
| 301|0x0000000094b00000, 0x0000000094b00000, 0x0000000094c00000|  0%| F|  |TAMS 0x0000000094b00000, 0x0000000094b00000| Untracked 
| 302|0x0000000094c00000, 0x0000000094c00000, 0x0000000094d00000|  0%| F|  |TAMS 0x0000000094c00000, 0x0000000094c00000| Untracked 
| 303|0x0000000094d00000, 0x0000000094d00000, 0x0000000094e00000|  0%| F|  |TAMS 0x0000000094d00000, 0x0000000094d00000| Untracked 
| 304|0x0000000094e00000, 0x0000000094e00000, 0x0000000094f00000|  0%| F|  |TAMS 0x0000000094e00000, 0x0000000094e00000| Untracked 
| 305|0x0000000094f00000, 0x0000000094f00000, 0x0000000095000000|  0%| F|  |TAMS 0x0000000094f00000, 0x0000000094f00000| Untracked 
| 306|0x0000000095000000, 0x0000000095000000, 0x0000000095100000|  0%| F|  |TAMS 0x0000000095000000, 0x0000000095000000| Untracked 
| 307|0x0000000095100000, 0x0000000095100000, 0x0000000095200000|  0%| F|  |TAMS 0x0000000095100000, 0x0000000095100000| Untracked 
| 308|0x0000000095200000, 0x0000000095200000, 0x0000000095300000|  0%| F|  |TAMS 0x0000000095200000, 0x0000000095200000| Untracked 
| 309|0x0000000095300000, 0x0000000095300000, 0x0000000095400000|  0%| F|  |TAMS 0x0000000095300000, 0x0000000095300000| Untracked 
| 310|0x0000000095400000, 0x0000000095400000, 0x0000000095500000|  0%| F|  |TAMS 0x0000000095400000, 0x0000000095400000| Untracked 
| 311|0x0000000095500000, 0x0000000095500000, 0x0000000095600000|  0%| F|  |TAMS 0x0000000095500000, 0x0000000095500000| Untracked 
| 312|0x0000000095600000, 0x0000000095600000, 0x0000000095700000|  0%| F|  |TAMS 0x0000000095600000, 0x0000000095600000| Untracked 
| 313|0x0000000095700000, 0x0000000095700000, 0x0000000095800000|  0%| F|  |TAMS 0x0000000095700000, 0x0000000095700000| Untracked 
| 314|0x0000000095800000, 0x0000000095800000, 0x0000000095900000|  0%| F|  |TAMS 0x0000000095800000, 0x0000000095800000| Untracked 
| 315|0x0000000095900000, 0x0000000095900000, 0x0000000095a00000|  0%| F|  |TAMS 0x0000000095900000, 0x0000000095900000| Untracked 
| 316|0x0000000095a00000, 0x0000000095a00000, 0x0000000095b00000|  0%| F|  |TAMS 0x0000000095a00000, 0x0000000095a00000| Untracked 
| 317|0x0000000095b00000, 0x0000000095b00000, 0x0000000095c00000|  0%| F|  |TAMS 0x0000000095b00000, 0x0000000095b00000| Untracked 
| 318|0x0000000095c00000, 0x0000000095c00000, 0x0000000095d00000|  0%| F|  |TAMS 0x0000000095c00000, 0x0000000095c00000| Untracked 
| 319|0x0000000095d00000, 0x0000000095d00000, 0x0000000095e00000|  0%| F|  |TAMS 0x0000000095d00000, 0x0000000095d00000| Untracked 
| 320|0x0000000095e00000, 0x0000000095e00000, 0x0000000095f00000|  0%| F|  |TAMS 0x0000000095e00000, 0x0000000095e00000| Untracked 
| 321|0x0000000095f00000, 0x0000000095f00000, 0x0000000096000000|  0%| F|  |TAMS 0x0000000095f00000, 0x0000000095f00000| Untracked 
| 322|0x0000000096000000, 0x0000000096000000, 0x0000000096100000|  0%| F|  |TAMS 0x0000000096000000, 0x0000000096000000| Untracked 
| 323|0x0000000096100000, 0x0000000096100000, 0x0000000096200000|  0%| F|  |TAMS 0x0000000096100000, 0x0000000096100000| Untracked 
| 324|0x0000000096200000, 0x0000000096200000, 0x0000000096300000|  0%| F|  |TAMS 0x0000000096200000, 0x0000000096200000| Untracked 
| 325|0x0000000096300000, 0x0000000096300000, 0x0000000096400000|  0%| F|  |TAMS 0x0000000096300000, 0x0000000096300000| Untracked 
| 326|0x0000000096400000, 0x0000000096400000, 0x0000000096500000|  0%| F|  |TAMS 0x0000000096400000, 0x0000000096400000| Untracked 
| 327|0x0000000096500000, 0x0000000096500000, 0x0000000096600000|  0%| F|  |TAMS 0x0000000096500000, 0x0000000096500000| Untracked 
| 328|0x0000000096600000, 0x0000000096600000, 0x0000000096700000|  0%| F|  |TAMS 0x0000000096600000, 0x0000000096600000| Untracked 
| 329|0x0000000096700000, 0x0000000096700000, 0x0000000096800000|  0%| F|  |TAMS 0x0000000096700000, 0x0000000096700000| Untracked 
| 330|0x0000000096800000, 0x0000000096800000, 0x0000000096900000|  0%| F|  |TAMS 0x0000000096800000, 0x0000000096800000| Untracked 
| 331|0x0000000096900000, 0x0000000096900000, 0x0000000096a00000|  0%| F|  |TAMS 0x0000000096900000, 0x0000000096900000| Untracked 
| 332|0x0000000096a00000, 0x0000000096a97598, 0x0000000096b00000| 59%| S|CS|TAMS 0x0000000096a00000, 0x0000000096a00000| Complete 
| 333|0x0000000096b00000, 0x0000000096b00000, 0x0000000096c00000|  0%| F|  |TAMS 0x0000000096b00000, 0x0000000096b00000| Untracked 
| 334|0x0000000096c00000, 0x0000000096c00000, 0x0000000096d00000|  0%| F|  |TAMS 0x0000000096c00000, 0x0000000096c00000| Untracked 

Card table byte_map: [0x0000024d9d0d0000,0x0000024d9d4d0000] _byte_map_base: 0x0000024d9ccc1000

Marking Bits (Prev, Next): (CMBitMap*) 0x0000024d8615c890, (CMBitMap*) 0x0000024d8615c8d0
 Prev Bits: [0x0000024d9d8d0000, 0x0000024d9f858000)
 Next Bits: [0x0000024d9f860000, 0x0000024da17e8000)

Polling page: 0x0000024d84080000

Metaspace:

Usage:
  Non-class:      5.79 MB used.
      Class:    750.20 KB used.
       Both:      6.52 MB used.

Virtual space:
  Non-class space:        8.00 MB reserved,       5.94 MB ( 74%) committed,  1 nodes.
      Class space:        1.00 GB reserved,     896.00 KB ( <1%) committed,  1 nodes.
             Both:        1.01 GB reserved,       6.81 MB ( <1%) committed. 

Chunk freelists:
   Non-Class:  1.23 MB
       Class:  3.05 MB
        Both:  4.28 MB

MaxMetaspaceSize: unlimited
CompressedClassSpaceSize: 1.00 GB
Initial GC threshold: 21.00 MB
Current GC threshold: 21.00 MB
CDS: on
MetaspaceReclaimPolicy: balanced
 - commit_granule_bytes: 65536.
 - commit_granule_words: 8192.
 - virtual_space_node_default_size: 1048576.
 - enlarge_chunks_in_place: 1.
 - new_chunks_are_fully_committed: 0.
 - uncommit_free_chunks: 1.
 - use_allocation_guard: 0.
 - handle_deallocations: 1.


Internal statistics:

num_allocs_failed_limit: 0.
num_arena_births: 108.
num_arena_deaths: 0.
num_vsnodes_births: 2.
num_vsnodes_deaths: 0.
num_space_committed: 109.
num_space_uncommitted: 0.
num_chunks_returned_to_freelist: 0.
num_chunks_taken_from_freelist: 258.
num_chunk_merges: 0.
num_chunk_splits: 177.
num_chunks_enlarged: 134.
num_purges: 0.
num_inconsistent_stats: 0.

CodeHeap 'non-profiled nmethods': size=120000Kb used=467Kb max_used=467Kb free=119532Kb
 bounds [0x0000024d95460000, 0x0000024d956d0000, 0x0000024d9c990000]
CodeHeap 'profiled nmethods': size=120000Kb used=2134Kb max_used=2134Kb free=117865Kb
 bounds [0x0000024d8d990000, 0x0000024d8dc00000, 0x0000024d94ec0000]
CodeHeap 'non-nmethods': size=5760Kb used=1227Kb max_used=1245Kb free=4532Kb
 bounds [0x0000024d94ec0000, 0x0000024d95130000, 0x0000024d95460000]
 total_blobs=1784 nmethods=1246 adapters=451
 compilation: enabled
              stopped_count=0, restarted_count=0
 full_count=0

Compilation events (20 events):
Event: 12.014 Thread 0x0000024da41fbfc0 1241       3       java.io.DataInputStream::readInt (72 bytes)
Event: 12.015 Thread 0x0000024da41fbfc0 nmethod 1241 0x0000024d8dba4710 code [0x0000024d8dba4900, 0x0000024d8dba4e88]
Event: 12.016 Thread 0x0000024da54bdca0 nmethod 1228 0x0000024d954d1410 code [0x0000024d954d15a0, 0x0000024d954d1998]
Event: 12.016 Thread 0x0000024da54bdca0 1242 %     4       com.sun.javafx.image.impl.ByteBgra$ToByteBgraPreConv::doConvert @ 27 (214 bytes)
Event: 12.021 Thread 0x0000024da41f7200 nmethod 1227% 0x0000024d954d1b90 code [0x0000024d954d1d20, 0x0000024d954d2c38]
Event: 12.021 Thread 0x0000024da41f7200 1232       4       com.sun.javafx.iio.png.PNGImageLoader2::paethPr (56 bytes)
Event: 12.021 Thread 0x0000024da41fbfc0 1243       1       java.lang.Module::getName (5 bytes)
Event: 12.021 Thread 0x0000024da41fbfc0 nmethod 1243 0x0000024d954d3390 code [0x0000024d954d3520, 0x0000024d954d35f8]
Event: 12.021 Thread 0x0000024da41f7200 nmethod 1232 0x0000024d954d3690 code [0x0000024d954d3800, 0x0000024d954d38b8]
Event: 12.021 Thread 0x0000024da41f7200 1239       4       java.io.FilterInputStream::read (9 bytes)
Event: 12.022 Thread 0x0000024da54bdca0 nmethod 1242% 0x0000024d954d3990 code [0x0000024d954d3b20, 0x0000024d954d3eb8]
Event: 12.022 Thread 0x0000024da54bdca0 1233 %     4       com.sun.javafx.iio.png.PNGImageLoader2::doPaethFilter @ 36 (91 bytes)
Event: 12.029 Thread 0x0000024da54bdca0 nmethod 1233% 0x0000024d954d4190 code [0x0000024d954d4320, 0x0000024d954d45f8]
Event: 12.029 Thread 0x0000024da54bdca0 1245       4       com.sun.javafx.iio.png.PNGImageLoader2::copy (76 bytes)
Event: 12.031 Thread 0x0000024da54bdca0 nmethod 1245 0x0000024d954d4810 code [0x0000024d954d49a0, 0x0000024d954d4b18]
Event: 12.031 Thread 0x0000024da54bdca0 1246 %     4       com.sun.javafx.image.impl.BaseByteToByteConverter$FourByteReorderer::doConvert @ 27 (138 bytes)
Event: 12.033 Thread 0x0000024da41fbfc0 1247       3       java.lang.Character::getType (9 bytes)
Event: 12.033 Thread 0x0000024da41fbfc0 nmethod 1247 0x0000024d8dba5090 code [0x0000024d8dba5240, 0x0000024d8dba5438]
Event: 12.033 Thread 0x0000024da41fbfc0 1248       3       java.lang.CharacterDataLatin1::getType (11 bytes)
Event: 12.033 Thread 0x0000024da41fbfc0 nmethod 1248 0x0000024d8dba5510 code [0x0000024d8dba56c0, 0x0000024d8dba5878]

GC Heap History (20 events):
Event: 10.814 GC heap after
{Heap after GC invocations=7 (full 0):
 garbage-first heap   total 135168K, used 78835K [0x0000000081e00000, 0x0000000100000000)
  region size 1024K, 1 young (1024K), 1 survivors (1024K)
 Metaspace       used 6654K, committed 6848K, reserved 1056768K
  class space    used 741K, committed 832K, reserved 1048576K
}
Event: 11.800 GC heap before
{Heap before GC invocations=8 (full 0):
 garbage-first heap   total 232448K, used 138227K [0x0000000081e00000, 0x0000000100000000)
  region size 1024K, 2 young (2048K), 1 survivors (1024K)
 Metaspace       used 6654K, committed 6848K, reserved 1056768K
  class space    used 741K, committed 832K, reserved 1048576K
}
Event: 11.801 GC heap after
{Heap after GC invocations=9 (full 0):
 garbage-first heap   total 232448K, used 138215K [0x0000000081e00000, 0x0000000100000000)
  region size 1024K, 1 young (1024K), 1 survivors (1024K)
 Metaspace       used 6654K, committed 6848K, reserved 1056768K
  class space    used 741K, committed 832K, reserved 1048576K
}
Event: 11.879 GC heap before
{Heap before GC invocations=10 (full 0):
 garbage-first heap   total 237568K, used 140263K [0x0000000081e00000, 0x0000000100000000)
  region size 1024K, 2 young (2048K), 1 survivors (1024K)
 Metaspace       used 6679K, committed 6976K, reserved 1056768K
  class space    used 750K, committed 896K, reserved 1048576K
}
Event: 11.882 GC heap after
{Heap after GC invocations=11 (full 0):
 garbage-first heap   total 285696K, used 140254K [0x0000000081e00000, 0x0000000100000000)
  region size 1024K, 1 young (1024K), 1 survivors (1024K)
 Metaspace       used 6679K, committed 6976K, reserved 1056768K
  class space    used 750K, committed 896K, reserved 1048576K
}
Event: 11.897 GC heap before
{Heap before GC invocations=12 (full 0):
 garbage-first heap   total 285696K, used 142302K [0x0000000081e00000, 0x0000000100000000)
  region size 1024K, 2 young (2048K), 1 survivors (1024K)
 Metaspace       used 6679K, committed 6976K, reserved 1056768K
  class space    used 750K, committed 896K, reserved 1048576K
}
Event: 11.898 GC heap after
{Heap after GC invocations=13 (full 0):
 garbage-first heap   total 285696K, used 142316K [0x0000000081e00000, 0x0000000100000000)
  region size 1024K, 1 young (1024K), 1 survivors (1024K)
 Metaspace       used 6679K, committed 6976K, reserved 1056768K
  class space    used 750K, committed 896K, reserved 1048576K
}
Event: 11.931 GC heap before
{Heap before GC invocations=14 (full 0):
 garbage-first heap   total 285696K, used 144364K [0x0000000081e00000, 0x0000000100000000)
  region size 1024K, 2 young (2048K), 1 survivors (1024K)
 Metaspace       used 6680K, committed 6976K, reserved 1056768K
  class space    used 750K, committed 896K, reserved 1048576K
}
Event: 11.932 GC heap after
{Heap after GC invocations=15 (full 0):
 garbage-first heap   total 285696K, used 144507K [0x0000000081e00000, 0x0000000100000000)
  region size 1024K, 1 young (1024K), 1 survivors (1024K)
 Metaspace       used 6680K, committed 6976K, reserved 1056768K
  class space    used 750K, committed 896K, reserved 1048576K
}
Event: 11.946 GC heap before
{Heap before GC invocations=16 (full 0):
 garbage-first heap   total 285696K, used 146555K [0x0000000081e00000, 0x0000000100000000)
  region size 1024K, 2 young (2048K), 1 survivors (1024K)
 Metaspace       used 6680K, committed 6976K, reserved 1056768K
  class space    used 750K, committed 896K, reserved 1048576K
}
Event: 11.948 GC heap after
{Heap after GC invocations=17 (full 0):
 garbage-first heap   total 285696K, used 146558K [0x0000000081e00000, 0x0000000100000000)
  region size 1024K, 1 young (1024K), 1 survivors (1024K)
 Metaspace       used 6680K, committed 6976K, reserved 1056768K
  class space    used 750K, committed 896K, reserved 1048576K
}
Event: 11.960 GC heap before
{Heap before GC invocations=18 (full 0):
 garbage-first heap   total 285696K, used 148606K [0x0000000081e00000, 0x0000000100000000)
  region size 1024K, 2 young (2048K), 1 survivors (1024K)
 Metaspace       used 6680K, committed 6976K, reserved 1056768K
  class space    used 750K, committed 896K, reserved 1048576K
}
Event: 11.962 GC heap after
{Heap after GC invocations=19 (full 0):
 garbage-first heap   total 343040K, used 148578K [0x0000000081e00000, 0x0000000100000000)
  region size 1024K, 1 young (1024K), 1 survivors (1024K)
 Metaspace       used 6680K, committed 6976K, reserved 1056768K
  class space    used 750K, committed 896K, reserved 1048576K
}
Event: 11.996 GC heap before
{Heap before GC invocations=19 (full 0):
 garbage-first heap   total 343040K, used 153698K [0x0000000081e00000, 0x0000000100000000)
  region size 1024K, 2 young (2048K), 1 survivors (1024K)
 Metaspace       used 6680K, committed 6976K, reserved 1056768K
  class space    used 750K, committed 896K, reserved 1048576K
}
Event: 11.998 GC heap after
{Heap after GC invocations=20 (full 0):
 garbage-first heap   total 343040K, used 153732K [0x0000000081e00000, 0x0000000100000000)
  region size 1024K, 1 young (1024K), 1 survivors (1024K)
 Metaspace       used 6680K, committed 6976K, reserved 1056768K
  class space    used 750K, committed 896K, reserved 1048576K
}
Event: 12.007 GC heap before
{Heap before GC invocations=20 (full 0):
 garbage-first heap   total 343040K, used 155780K [0x0000000081e00000, 0x0000000100000000)
  region size 1024K, 2 young (2048K), 1 survivors (1024K)
 Metaspace       used 6680K, committed 6976K, reserved 1056768K
  class space    used 750K, committed 896K, reserved 1048576K
}
Event: 12.008 GC heap after
{Heap after GC invocations=21 (full 0):
 garbage-first heap   total 343040K, used 155765K [0x0000000081e00000, 0x0000000100000000)
  region size 1024K, 1 young (1024K), 1 survivors (1024K)
 Metaspace       used 6680K, committed 6976K, reserved 1056768K
  class space    used 750K, committed 896K, reserved 1048576K
}
Event: 12.022 GC heap before
{Heap before GC invocations=22 (full 0):
 garbage-first heap   total 343040K, used 157813K [0x0000000081e00000, 0x0000000100000000)
  region size 1024K, 2 young (2048K), 1 survivors (1024K)
 Metaspace       used 6680K, committed 6976K, reserved 1056768K
  class space    used 750K, committed 896K, reserved 1048576K
}
Event: 12.023 GC heap after
{Heap after GC invocations=23 (full 0):
 garbage-first heap   total 343040K, used 157822K [0x0000000081e00000, 0x0000000100000000)
  region size 1024K, 1 young (1024K), 1 survivors (1024K)
 Metaspace       used 6680K, committed 6976K, reserved 1056768K
  class space    used 750K, committed 896K, reserved 1048576K
}
Event: 12.034 GC heap before
{Heap before GC invocations=24 (full 0):
 garbage-first heap   total 343040K, used 159870K [0x0000000081e00000, 0x0000000100000000)
  region size 1024K, 2 young (2048K), 1 survivors (1024K)
 Metaspace       used 6680K, committed 6976K, reserved 1056768K
  class space    used 750K, committed 896K, reserved 1048576K
}

Deoptimization events (20 events):
Event: 10.752 Thread 0x0000024da5d9c280 Uncommon trap: trap_request=0xffffffde fr.pc=0x0000024d954cadb0 relative=0x00000000000001f0
Event: 10.752 Thread 0x0000024da5d9c280 Uncommon trap: reason=class_check action=maybe_recompile pc=0x0000024d954cadb0 method=java.io.BufferedInputStream.fill()V @ 184 c2
Event: 10.752 Thread 0x0000024da5d9c280 DEOPT PACKING pc=0x0000024d954cadb0 sp=0x000000b9562fc670
Event: 10.752 Thread 0x0000024da5d9c280 DEOPT UNPACKING pc=0x0000024d94f123a3 sp=0x000000b9562fc590 mode 2
Event: 10.812 Thread 0x0000024da5d9c280 Uncommon trap: trap_request=0xffffff45 fr.pc=0x0000024d954cf2a8 relative=0x00000000000004e8
Event: 10.812 Thread 0x0000024da5d9c280 Uncommon trap: reason=unstable_if action=reinterpret pc=0x0000024d954cf2a8 method=java.io.SequenceInputStream.read([BII)I @ 65 c2
Event: 10.812 Thread 0x0000024da5d9c280 DEOPT PACKING pc=0x0000024d954cf2a8 sp=0x000000b9562fb670
Event: 10.812 Thread 0x0000024da5d9c280 DEOPT UNPACKING pc=0x0000024d94f123a3 sp=0x000000b9562fb658 mode 2
Event: 11.889 Thread 0x0000024da5d9c280 DEOPT PACKING pc=0x0000024d8db9f17f sp=0x000000b9562fc8b0
Event: 11.889 Thread 0x0000024da5d9c280 DEOPT UNPACKING pc=0x0000024d94f12b43 sp=0x000000b9562fbd40 mode 0
Event: 11.891 Thread 0x0000024da5d9c280 Uncommon trap: trap_request=0xffffff45 fr.pc=0x0000024d954d100c relative=0x00000000000006ec
Event: 11.891 Thread 0x0000024da5d9c280 Uncommon trap: reason=unstable_if action=reinterpret pc=0x0000024d954d100c method=com.sun.javafx.image.impl.ByteBgra$ToByteBgraPreConv.doConvert([BII[BIIII)V @ 31 c2
Event: 11.891 Thread 0x0000024da5d9c280 DEOPT PACKING pc=0x0000024d954d100c sp=0x000000b9562fc880
Event: 11.891 Thread 0x0000024da5d9c280 DEOPT UNPACKING pc=0x0000024d94f123a3 sp=0x000000b9562fc840 mode 2
Event: 12.020 Thread 0x0000024da5d9c280 DEOPT PACKING pc=0x0000024d8dba041b sp=0x000000b9562fc8b0
Event: 12.020 Thread 0x0000024da5d9c280 DEOPT UNPACKING pc=0x0000024d94f12b43 sp=0x000000b9562fbd40 mode 0
Event: 12.021 Thread 0x0000024da5d9c280 Uncommon trap: trap_request=0xffffff45 fr.pc=0x0000024d954d29dc relative=0x0000000000000cbc
Event: 12.021 Thread 0x0000024da5d9c280 Uncommon trap: reason=unstable_if action=reinterpret pc=0x0000024d954d29dc method=com.sun.javafx.image.impl.BaseByteToByteConverter$FourByteReorderer.doConvert([BII[BIIII)V @ 31 c2
Event: 12.021 Thread 0x0000024da5d9c280 DEOPT PACKING pc=0x0000024d954d29dc sp=0x000000b9562fc870
Event: 12.021 Thread 0x0000024da5d9c280 DEOPT UNPACKING pc=0x0000024d94f123a3 sp=0x000000b9562fc840 mode 2

Classes unloaded (0 events):
No events

Classes redefined (0 events):
No events

Internal exceptions (14 events):
Event: 0.228 Thread 0x0000024d86102bc0 Exception <a 'java/lang/NoSuchMethodError'{0x0000000089a8a6f0}: 'java.lang.Object java.lang.invoke.DirectMethodHandle$Holder.invokeVirtual(java.lang.Object, java.lang.Object, java.lang.Object)'> (0x0000000089a8a6f0) 
thrown [s\open\src\hotspot\share\interpreter\linkResolver.cpp, line 759]
Event: 0.276 Thread 0x0000024d86102bc0 Exception <a 'java/lang/NoSuchMethodError'{0x000000008989ced0}: 'void java.lang.invoke.DirectMethodHandle$Holder.invokeVirtual(java.lang.Object, java.lang.Object)'> (0x000000008989ced0) 
thrown [s\open\src\hotspot\share\interpreter\linkResolver.cpp, line 759]
Event: 0.389 Thread 0x0000024da53d4700 Exception <a 'java/lang/NoSuchMethodError'{0x0000000089598230}: 'java.lang.Object java.lang.invoke.DirectMethodHandle$Holder.invokeStaticInit(java.lang.Object)'> (0x0000000089598230) 
thrown [s\open\src\hotspot\share\interpreter\linkResolver.cpp, line 759]
Event: 0.394 Thread 0x0000024da53d4700 Exception <a 'java/lang/ClassNotFoundException'{0x00000000895a33f0}: jdk/net/ExtendedSocketOptions> (0x00000000895a33f0) 
thrown [s\open\src\hotspot\share\classfile\systemDictionary.cpp, line 256]
Event: 0.395 Thread 0x0000024da53d4700 Exception <a 'java/lang/NoSuchMethodError'{0x00000000895a4c88}: 'void java.lang.invoke.DirectMethodHandle$Holder.invokeStatic(java.lang.Object, java.lang.Object)'> (0x00000000895a4c88) 
thrown [s\open\src\hotspot\share\interpreter\linkResolver.cpp, line 759]
Event: 0.744 Thread 0x0000024d86102bc0 Exception <a 'java/lang/NoSuchMethodError'{0x0000000088e157d8}: 'void java.lang.invoke.DirectMethodHandle$Holder.invokeSpecial(java.lang.Object, java.lang.Object, java.lang.Object)'> (0x0000000088e157d8) 
thrown [s\open\src\hotspot\share\interpreter\linkResolver.cpp, line 759]
Event: 0.760 Thread 0x0000024d86102bc0 Exception <a 'java/lang/NoSuchMethodError'{0x0000000088e4bce0}: 'void java.lang.invoke.DirectMethodHandle$Holder.invokeStatic(java.lang.Object, java.lang.Object, java.lang.Object)'> (0x0000000088e4bce0) 
thrown [s\open\src\hotspot\share\interpreter\linkResolver.cpp, line 759]
Event: 0.810 Thread 0x0000024d86102bc0 Exception <a 'java/lang/NoSuchMethodError'{0x0000000088e687a0}: 'int java.lang.invoke.DirectMethodHandle$Holder.invokeStaticInit(java.lang.Object, java.lang.Object, java.lang.Object)'> (0x0000000088e687a0) 
thrown [s\open\src\hotspot\share\interpreter\linkResolver.cpp, line 759]
Event: 0.852 Thread 0x0000024d86102bc0 Exception <a 'java/lang/NoSuchMethodError'{0x0000000088d9a2a0}: 'java.lang.Object java.lang.invoke.DirectMethodHandle$Holder.newInvokeSpecial(java.lang.Object, java.lang.Object, int, java.lang.Object)'> (0x0000000088d9a2a0) 
thrown [s\open\src\hotspot\share\interpreter\linkResolver.cpp, line 759]
Event: 0.853 Thread 0x0000024d86102bc0 Exception <a 'java/lang/NoSuchMethodError'{0x0000000088d9e680}: 'java.lang.Object java.lang.invoke.DirectMethodHandle$Holder.invokeSpecial(java.lang.Object, java.lang.Object, java.lang.Object, int, java.lang.Object)'> (0x0000000088d9e680) 
thrown [s\open\src\hotspot\share\interpreter\linkResolver.cpp, line 759]
Event: 0.946 Thread 0x0000024da5629f60 Exception <a 'java/lang/NoSuchMethodError'{0x0000000088a27a40}: 'void java.lang.invoke.DirectMethodHandle$Holder.invokeStaticInit(java.lang.Object)'> (0x0000000088a27a40) 
thrown [s\open\src\hotspot\share\interpreter\linkResolver.cpp, line 759]
Event: 0.950 Thread 0x0000024d86102bc0 Exception <a 'java/lang/NoSuchMethodError'{0x0000000088db3860}: 'java.lang.Object java.lang.invoke.DirectMethodHandle$Holder.newInvokeSpecial(java.lang.Object, java.lang.Object, java.lang.Object, java.lang.Object, java.lang.Object, java.lang.Object)'> (0x0000000088db3860) 
thrown [s\open\src\hotspot\share\interpreter\linkResolver.cpp, line 759]
Event: 9.476 Thread 0x0000024da5d9c280 Implicit null exception at 0x0000024d954a2555 to 0x0000024d954a2b68
Event: 9.476 Thread 0x0000024da5d9c280 Implicit null exception at 0x0000024d954bdb52 to 0x0000024d954be158

VM Operations (20 events):
Event: 11.953 Executing VM operation: G1Concurrent done
Event: 11.956 Executing VM operation: G1Concurrent
Event: 11.956 Executing VM operation: G1Concurrent done
Event: 11.960 Executing VM operation: G1TryInitiateConcMark
Event: 11.962 Executing VM operation: G1TryInitiateConcMark done
Event: 11.996 Executing VM operation: G1TryInitiateConcMark
Event: 11.998 Executing VM operation: G1TryInitiateConcMark done
Event: 12.007 Executing VM operation: G1TryInitiateConcMark
Event: 12.008 Executing VM operation: G1TryInitiateConcMark done
Event: 12.014 Executing VM operation: G1Concurrent
Event: 12.015 Executing VM operation: G1Concurrent done
Event: 12.017 Executing VM operation: G1Concurrent
Event: 12.017 Executing VM operation: G1Concurrent done
Event: 12.022 Executing VM operation: G1TryInitiateConcMark
Event: 12.023 Executing VM operation: G1TryInitiateConcMark done
Event: 12.028 Executing VM operation: G1Concurrent
Event: 12.029 Executing VM operation: G1Concurrent done
Event: 12.031 Executing VM operation: G1Concurrent
Event: 12.031 Executing VM operation: G1Concurrent done
Event: 12.034 Executing VM operation: G1TryInitiateConcMark

Events (20 events):
Event: 9.546 loading class jdk/internal/icu/impl/ReplaceableUCharacterIterator
Event: 9.546 loading class jdk/internal/icu/impl/ReplaceableUCharacterIterator done
Event: 9.546 loading class jdk/internal/icu/text/ReplaceableString
Event: 9.547 loading class jdk/internal/icu/text/Replaceable
Event: 9.547 loading class jdk/internal/icu/text/Replaceable done
Event: 9.547 loading class jdk/internal/icu/text/ReplaceableString done
Event: 9.548 Thread 0x0000024da4f19780 Thread added: 0x0000024da4f19780
Event: 9.564 loading class sun/net/ProgressMonitor
Event: 9.564 loading class sun/net/ProgressMonitor done
Event: 9.564 loading class sun/net/DefaultProgressMeteringPolicy
Event: 9.564 loading class sun/net/ProgressMeteringPolicy
Event: 9.564 loading class sun/net/ProgressMeteringPolicy done
Event: 9.564 loading class sun/net/DefaultProgressMeteringPolicy done
Event: 9.564 loading class java/util/Vector$1
Event: 9.564 loading class java/util/Vector$1 done
Event: 9.585 Loaded shared library C:\Users\HAMAHANG\.openjfx\cache\19+11\amd64\javafx_iio.dll
Event: 9.677 loading class java/nio/FloatBuffer
Event: 9.677 loading class java/nio/FloatBuffer done
Event: 9.683 Thread 0x0000024da4f19780 Thread exited: 0x0000024da4f19780
Event: 12.006 Thread 0x0000024da54bdca0 Thread added: 0x0000024da54bdca0


Dynamic libraries:
0x00007ff7c5e50000 - 0x00007ff7c5e60000 	C:\Program Files\Java\jdk-17\bin\java.exe
0x00007fff3bbf0000 - 0x00007fff3bde8000 	C:\WINDOWS\SYSTEM32\ntdll.dll
0x00007fff39e30000 - 0x00007fff39eef000 	C:\WINDOWS\System32\KERNEL32.DLL
0x00007fff395d0000 - 0x00007fff398c6000 	C:\WINDOWS\System32\KERNELBASE.dll
0x00007fff398d0000 - 0x00007fff399d0000 	C:\WINDOWS\System32\ucrtbase.dll
0x00007fff345a0000 - 0x00007fff345bb000 	C:\Program Files\Java\jdk-17\bin\VCRUNTIME140.dll
0x00007fff345c0000 - 0x00007fff345d8000 	C:\Program Files\Java\jdk-17\bin\jli.dll
0x00007fff39cf0000 - 0x00007fff39d9f000 	C:\WINDOWS\System32\ADVAPI32.dll
0x00007fff39c50000 - 0x00007fff39cee000 	C:\WINDOWS\System32\msvcrt.dll
0x00007fff3ad20000 - 0x00007fff3adbc000 	C:\WINDOWS\System32\sechost.dll
0x00007fff3b260000 - 0x00007fff3b386000 	C:\WINDOWS\System32\RPCRT4.dll
0x00007fff3b6f0000 - 0x00007fff3b88d000 	C:\WINDOWS\System32\USER32.dll
0x00007fff39530000 - 0x00007fff39552000 	C:\WINDOWS\System32\win32u.dll
0x00007fff25c40000 - 0x00007fff25eda000 	C:\WINDOWS\WinSxS\amd64_microsoft.windows.common-controls_6595b64144ccf1df_6.0.19041.1110_none_60b5254171f9507e\COMCTL32.dll
0x00007fff3a000000 - 0x00007fff3a02c000 	C:\WINDOWS\System32\GDI32.dll
0x00007fff39a00000 - 0x00007fff39b15000 	C:\WINDOWS\System32\gdi32full.dll
0x00007fff39b20000 - 0x00007fff39bbd000 	C:\WINDOWS\System32\msvcp_win.dll
0x00007fff33000000 - 0x00007fff3300a000 	C:\WINDOWS\SYSTEM32\VERSION.dll
0x00007fff3adc0000 - 0x00007fff3adf0000 	C:\WINDOWS\System32\IMM32.DLL
0x00007fff34590000 - 0x00007fff3459c000 	C:\Program Files\Java\jdk-17\bin\vcruntime140_1.dll
0x00007fff34500000 - 0x00007fff3458e000 	C:\Program Files\Java\jdk-17\bin\msvcp140.dll
0x00007ffee78a0000 - 0x00007ffee8477000 	C:\Program Files\Java\jdk-17\bin\server\jvm.dll
0x00007fff39e00000 - 0x00007fff39e08000 	C:\WINDOWS\System32\PSAPI.DLL
0x00007fff298c0000 - 0x00007fff298c9000 	C:\WINDOWS\SYSTEM32\WSOCK32.dll
0x00007fff263c0000 - 0x00007fff263e7000 	C:\WINDOWS\SYSTEM32\WINMM.dll
0x00007fff3a990000 - 0x00007fff3a9fb000 	C:\WINDOWS\System32\WS2_32.dll
0x00007fff37b10000 - 0x00007fff37b22000 	C:\WINDOWS\SYSTEM32\kernel.appcore.dll
0x00007fff344f0000 - 0x00007fff344fa000 	C:\Program Files\Java\jdk-17\bin\jimage.dll
0x00007fff37080000 - 0x00007fff37264000 	C:\WINDOWS\SYSTEM32\DBGHELP.DLL
0x00007fff24480000 - 0x00007fff244b4000 	C:\WINDOWS\SYSTEM32\dbgcore.DLL
0x00007fff39bc0000 - 0x00007fff39c42000 	C:\WINDOWS\System32\bcryptPrimitives.dll
0x00007fff33c10000 - 0x00007fff33c1e000 	C:\Program Files\Java\jdk-17\bin\instrument.dll
0x00007fff342c0000 - 0x00007fff342e5000 	C:\Program Files\Java\jdk-17\bin\java.dll
0x00007fff33dc0000 - 0x00007fff33e97000 	C:\Program Files\Java\jdk-17\bin\jsvml.dll
0x00007fff3a240000 - 0x00007fff3a984000 	C:\WINDOWS\System32\SHELL32.dll
0x00007fff37360000 - 0x00007fff37af3000 	C:\WINDOWS\SYSTEM32\windows.storage.dll
0x00007fff3b390000 - 0x00007fff3b6e4000 	C:\WINDOWS\System32\combase.dll
0x00007fff38d20000 - 0x00007fff38d4e000 	C:\WINDOWS\SYSTEM32\Wldp.dll
0x00007fff3ac10000 - 0x00007fff3acbd000 	C:\WINDOWS\System32\SHCORE.dll
0x00007fff3acc0000 - 0x00007fff3ad15000 	C:\WINDOWS\System32\shlwapi.dll
0x00007fff39210000 - 0x00007fff3922f000 	C:\WINDOWS\SYSTEM32\profapi.dll
0x00007fff342a0000 - 0x00007fff342b9000 	C:\Program Files\Java\jdk-17\bin\net.dll
0x00007fff31580000 - 0x00007fff3168a000 	C:\WINDOWS\SYSTEM32\WINHTTP.dll
0x00007fff38a80000 - 0x00007fff38aea000 	C:\WINDOWS\system32\mswsock.dll
0x00007fff34280000 - 0x00007fff34296000 	C:\Program Files\Java\jdk-17\bin\nio.dll
0x00007fff33be0000 - 0x00007fff33bf8000 	C:\Program Files\Java\jdk-17\bin\zip.dll
0x00007fff10430000 - 0x00007fff1044a000 	C:\Program Files\JetBrains\IntelliJ IDEA 2022.2.1\bin\breakgen64.dll
0x0000024d840f0000 - 0x0000024d840f3000 	C:\Users\HAMAHANG\.openjfx\cache\19+11\amd64\api-ms-win-core-console-l1-1-0.dll
0x0000024d84100000 - 0x0000024d84103000 	C:\Users\HAMAHANG\.openjfx\cache\19+11\amd64\api-ms-win-core-console-l1-2-0.dll
0x0000024d84110000 - 0x0000024d84113000 	C:\Users\HAMAHANG\.openjfx\cache\19+11\amd64\api-ms-win-core-datetime-l1-1-0.dll
0x0000024d84120000 - 0x0000024d84123000 	C:\Users\HAMAHANG\.openjfx\cache\19+11\amd64\api-ms-win-core-debug-l1-1-0.dll
0x0000024d860a0000 - 0x0000024d860a3000 	C:\Users\HAMAHANG\.openjfx\cache\19+11\amd64\api-ms-win-core-errorhandling-l1-1-0.dll
0x0000024d860b0000 - 0x0000024d860b4000 	C:\Users\HAMAHANG\.openjfx\cache\19+11\amd64\api-ms-win-core-file-l1-1-0.dll
0x0000024d860c0000 - 0x0000024d860c3000 	C:\Users\HAMAHANG\.openjfx\cache\19+11\amd64\api-ms-win-core-file-l1-2-0.dll
0x0000024d860d0000 - 0x0000024d860d3000 	C:\Users\HAMAHANG\.openjfx\cache\19+11\amd64\api-ms-win-core-file-l2-1-0.dll
0x0000024da4370000 - 0x0000024da4373000 	C:\Users\HAMAHANG\.openjfx\cache\19+11\amd64\api-ms-win-core-handle-l1-1-0.dll
0x0000024da4380000 - 0x0000024da4383000 	C:\Users\HAMAHANG\.openjfx\cache\19+11\amd64\api-ms-win-core-heap-l1-1-0.dll
0x0000024da4390000 - 0x0000024da4393000 	C:\Users\HAMAHANG\.openjfx\cache\19+11\amd64\api-ms-win-core-interlocked-l1-1-0.dll
0x0000024da43a0000 - 0x0000024da43a3000 	C:\Users\HAMAHANG\.openjfx\cache\19+11\amd64\api-ms-win-core-libraryloader-l1-1-0.dll
0x0000024da43b0000 - 0x0000024da43b3000 	C:\Users\HAMAHANG\.openjfx\cache\19+11\amd64\api-ms-win-core-localization-l1-2-0.dll
0x0000024da43c0000 - 0x0000024da43c3000 	C:\Users\HAMAHANG\.openjfx\cache\19+11\amd64\api-ms-win-core-memory-l1-1-0.dll
0x0000024da43d0000 - 0x0000024da43d3000 	C:\Users\HAMAHANG\.openjfx\cache\19+11\amd64\api-ms-win-core-namedpipe-l1-1-0.dll
0x0000024da43e0000 - 0x0000024da43e3000 	C:\Users\HAMAHANG\.openjfx\cache\19+11\amd64\api-ms-win-core-processenvironment-l1-1-0.dll
0x0000024da43f0000 - 0x0000024da43f3000 	C:\Users\HAMAHANG\.openjfx\cache\19+11\amd64\api-ms-win-core-processthreads-l1-1-0.dll
0x0000024da5800000 - 0x0000024da5803000 	C:\Users\HAMAHANG\.openjfx\cache\19+11\amd64\api-ms-win-core-processthreads-l1-1-1.dll
0x0000024da5810000 - 0x0000024da5813000 	C:\Users\HAMAHANG\.openjfx\cache\19+11\amd64\api-ms-win-core-profile-l1-1-0.dll
0x0000024da5820000 - 0x0000024da5823000 	C:\Users\HAMAHANG\.openjfx\cache\19+11\amd64\api-ms-win-core-rtlsupport-l1-1-0.dll
0x0000024da5830000 - 0x0000024da5833000 	C:\Users\HAMAHANG\.openjfx\cache\19+11\amd64\api-ms-win-core-string-l1-1-0.dll
0x0000024da5840000 - 0x0000024da5843000 	C:\Users\HAMAHANG\.openjfx\cache\19+11\amd64\api-ms-win-core-synch-l1-1-0.dll
0x0000024da5850000 - 0x0000024da5853000 	C:\Users\HAMAHANG\.openjfx\cache\19+11\amd64\api-ms-win-core-synch-l1-2-0.dll
0x0000024da5860000 - 0x0000024da5863000 	C:\Users\HAMAHANG\.openjfx\cache\19+11\amd64\api-ms-win-core-sysinfo-l1-1-0.dll
0x0000024da5870000 - 0x0000024da5873000 	C:\Users\HAMAHANG\.openjfx\cache\19+11\amd64\api-ms-win-core-timezone-l1-1-0.dll
0x0000024da5880000 - 0x0000024da5883000 	C:\Users\HAMAHANG\.openjfx\cache\19+11\amd64\api-ms-win-core-util-l1-1-0.dll
0x0000024da5890000 - 0x0000024da5893000 	C:\Users\HAMAHANG\.openjfx\cache\19+11\amd64\api-ms-win-crt-conio-l1-1-0.dll
0x0000024da58a0000 - 0x0000024da58a4000 	C:\Users\HAMAHANG\.openjfx\cache\19+11\amd64\api-ms-win-crt-convert-l1-1-0.dll
0x0000024da58b0000 - 0x0000024da58b3000 	C:\Users\HAMAHANG\.openjfx\cache\19+11\amd64\api-ms-win-crt-environment-l1-1-0.dll
0x0000024da58c0000 - 0x0000024da58c3000 	C:\Users\HAMAHANG\.openjfx\cache\19+11\amd64\api-ms-win-crt-filesystem-l1-1-0.dll
0x0000024da58d0000 - 0x0000024da58d3000 	C:\Users\HAMAHANG\.openjfx\cache\19+11\amd64\api-ms-win-crt-heap-l1-1-0.dll
0x0000024da58e0000 - 0x0000024da58e3000 	C:\Users\HAMAHANG\.openjfx\cache\19+11\amd64\api-ms-win-crt-locale-l1-1-0.dll
0x0000024da58f0000 - 0x0000024da58f5000 	C:\Users\HAMAHANG\.openjfx\cache\19+11\amd64\api-ms-win-crt-math-l1-1-0.dll
0x0000024da5900000 - 0x0000024da5905000 	C:\Users\HAMAHANG\.openjfx\cache\19+11\amd64\api-ms-win-crt-multibyte-l1-1-0.dll
0x0000024da5910000 - 0x0000024da5920000 	C:\Users\HAMAHANG\.openjfx\cache\19+11\amd64\api-ms-win-crt-private-l1-1-0.dll
0x0000024da5920000 - 0x0000024da5923000 	C:\Users\HAMAHANG\.openjfx\cache\19+11\amd64\api-ms-win-crt-process-l1-1-0.dll
0x0000024da5930000 - 0x0000024da5934000 	C:\Users\HAMAHANG\.openjfx\cache\19+11\amd64\api-ms-win-crt-runtime-l1-1-0.dll
0x0000024da5940000 - 0x0000024da5944000 	C:\Users\HAMAHANG\.openjfx\cache\19+11\amd64\api-ms-win-crt-stdio-l1-1-0.dll
0x0000024da5950000 - 0x0000024da5954000 	C:\Users\HAMAHANG\.openjfx\cache\19+11\amd64\api-ms-win-crt-string-l1-1-0.dll
0x0000024da5960000 - 0x0000024da5963000 	C:\Users\HAMAHANG\.openjfx\cache\19+11\amd64\api-ms-win-crt-time-l1-1-0.dll
0x0000024da5970000 - 0x0000024da5973000 	C:\Users\HAMAHANG\.openjfx\cache\19+11\amd64\api-ms-win-crt-utility-l1-1-0.dll
0x00007fff00310000 - 0x00007fff0040c000 	C:\Users\HAMAHANG\.openjfx\cache\19+11\amd64\ucrtbase.dll
0x00007fff102e0000 - 0x00007fff102fb000 	C:\Users\HAMAHANG\.openjfx\cache\19+11\amd64\vcruntime140.dll
0x00007fff13280000 - 0x00007fff1328c000 	C:\Users\HAMAHANG\.openjfx\cache\19+11\amd64\vcruntime140_1.dll
0x00007fff00150000 - 0x00007fff001de000 	C:\Users\HAMAHANG\.openjfx\cache\19+11\amd64\msvcp140.dll
0x00007fff130f0000 - 0x00007fff130f9000 	C:\Users\HAMAHANG\.openjfx\cache\19+11\amd64\msvcp140_1.dll
0x00007fff10080000 - 0x00007fff100b0000 	C:\Users\HAMAHANG\.openjfx\cache\19+11\amd64\msvcp140_2.dll
0x00007fff0ff80000 - 0x00007fff0ffac000 	C:\Users\HAMAHANG\.openjfx\cache\19+11\amd64\prism_d3d.dll
0x00007fff28900000 - 0x00007fff28acd000 	C:\WINDOWS\system32\d3d9.dll
0x00007fff36c00000 - 0x00007fff36c2f000 	C:\WINDOWS\SYSTEM32\dwmapi.dll
0x00007fff36820000 - 0x00007fff368be000 	C:\WINDOWS\system32\uxtheme.dll
0x00007fff29d90000 - 0x00007fff29ef3000 	C:\WINDOWS\System32\DriverStore\FileRepository\igdlh64.inf_amd64_fb9939a7d714d646\igdumdim64.dll
0x00007ffee3e90000 - 0x00007ffee7894000 	C:\WINDOWS\System32\DriverStore\FileRepository\igdlh64.inf_amd64_fb9939a7d714d646\igd9dxva64.dll
0x00007fff3aa10000 - 0x00007fff3ab3a000 	C:\WINDOWS\System32\ole32.dll
0x00007fff3ab40000 - 0x00007fff3ac0d000 	C:\WINDOWS\System32\OLEAUT32.dll
0x00007fff3adf0000 - 0x00007fff3b258000 	C:\WINDOWS\System32\SETUPAPI.dll
0x00007fff394e0000 - 0x00007fff3952e000 	C:\WINDOWS\System32\cfgmgr32.dll
0x00007fff399d0000 - 0x00007fff399f7000 	C:\WINDOWS\System32\bcrypt.dll
0x00007fff2d6c0000 - 0x00007fff2d8ff000 	C:\WINDOWS\System32\DriverStore\FileRepository\igdlh64.inf_amd64_fb9939a7d714d646\igdgmm64.dll
0x00007fff006d0000 - 0x00007fff00712000 	C:\Users\HAMAHANG\.openjfx\cache\19+11\amd64\glass.dll
0x00007fff3ba10000 - 0x00007fff3baea000 	C:\WINDOWS\System32\COMDLG32.dll
0x00007fff3b890000 - 0x00007fff3b9a4000 	C:\WINDOWS\System32\MSCTF.dll
0x00007fff13100000 - 0x00007fff13127000 	C:\WINDOWS\System32\DriverStore\FileRepository\igdlh64.inf_amd64_fb9939a7d714d646\igdinfo64.dll
0x00007fff2a8f0000 - 0x00007fff2d552000 	C:\WINDOWS\System32\DriverStore\FileRepository\igdlh64.inf_amd64_fb9939a7d714d646\igc64.dll
0x00007fff2f8d0000 - 0x00007fff2f90b000 	C:\WINDOWS\SYSTEM32\dxcore.dll
0x00007fff33d70000 - 0x00007fff33d9d000 	C:\Users\HAMAHANG\.openjfx\cache\19+11\amd64\javafx_iio.dll

dbghelp: loaded successfully - version: 4.0.5 - missing functions: none
symbol engine: initialized successfully - sym options: 0x614 - pdb path: .;C:\Program Files\Java\jdk-17\bin;C:\WINDOWS\SYSTEM32;C:\WINDOWS\WinSxS\amd64_microsoft.windows.common-controls_6595b64144ccf1df_6.0.19041.1110_none_60b5254171f9507e;C:\Program Files\Java\jdk-17\bin\server;C:\Program Files\JetBrains\IntelliJ IDEA 2022.2.1\bin;C:\Users\HAMAHANG\.openjfx\cache\19+11\amd64;C:\WINDOWS\System32\DriverStore\FileRepository\igdlh64.inf_amd64_fb9939a7d714d646

VM Arguments:
jvm_args: -javaagent:C:\Program Files\JetBrains\IntelliJ IDEA 2022.2.1\lib\idea_rt.jar=2041:C:\Program Files\JetBrains\IntelliJ IDEA 2022.2.1\bin -Dfile.encoding=UTF-8 --module-path=C:\Users\HAMAHANG\.m2\repository\org\openjfx\javafx-graphics\19\javafx-graphics-19-win.jar;C:\Users\HAMAHANG\.m2\repository\com\google\code\gson\gson\2.10.1\gson-2.10.1.jar;C:\Users\HAMAHANG\.m2\repository\org\openjfx\javafx-base\19\javafx-base-19-win.jar;C:\Users\HAMAHANG\.m2\repository\org\openjfx\javafx-controls\19\javafx-controls-19-win.jar;C:\Users\HAMAHANG\.m2\repository\org\openjfx\javafx-fxml\19\javafx-fxml-19-win.jar;C:\Users\HAMAHANG\Documents\GitHub\project-group-43\phase3\Server\target\classes -Djdk.module.main=com.example.strongholdcrusader 
java_command: com.example.strongholdcrusader/view.RegisterMenu
java_class_path (initial): C:\Users\HAMAHANG\.m2\repository\com\fasterxml\jackson\core\jackson-databind\2.14.2\jackson-databind-2.14.2.jar;C:\Users\HAMAHANG\.m2\repository\com\fasterxml\jackson\core\jackson-annotations\2.14.2\jackson-annotations-2.14.2.jar;C:\Users\HAMAHANG\.m2\repository\com\fasterxml\jackson\core\jackson-core\2.14.2\jackson-core-2.14.2.jar;C:\Users\HAMAHANG\.m2\repository\org\openjfx\javafx-fxml\19\javafx-fxml-19.jar;C:\Users\HAMAHANG\.m2\repository\org\openjfx\javafx-controls\19\javafx-controls-19.jar;C:\Users\HAMAHANG\.m2\repository\org\openjfx\javafx-graphics\19\javafx-graphics-19.jar;C:\Users\HAMAHANG\.m2\repository\org\openjfx\javafx-base\19\javafx-base-19.jar;C:\Users\HAMAHANG\.m2\repository\com\googlecode\jinahya\ocap\1.2.3\ocap-1.2.3.jar;C:\Users\HAMAHANG\.m2\repository\com\googlecode\jinahya\ocap-api\1.2.3\ocap-api-1.2.3.jar;C:\Users\HAMAHANG\.m2\repository\com\googlecode\jinahya\ocap-ds\I05\ocap-ds-I05.jar;C:\Users\HAMAHANG\.m2\repository\com\googlecode\jinahya\ocap-dvr\I08\ocap-dvr-I08.jar;C:\Users\HAMAHANG\.m2\repository\com\googlecode\jinahya\ocap-fp\I05\ocap-fp-I05.jar;C:\Users\HAMAHANG\.m2\repository\com\googlecode\jinahya\ocap-hn\I09\ocap-hn-I09.jar
Launcher Type: SUN_STANDARD

[Global flags]
     intx CICompilerCount                          = 4                                         {product} {ergonomic}
     uint ConcGCThreads                            = 2                                         {product} {ergonomic}
     uint G1ConcRefinementThreads                  = 8                                         {product} {ergonomic}
   size_t G1HeapRegionSize                         = 1048576                                   {product} {ergonomic}
    uintx GCDrainStackTargetSize                   = 64                                        {product} {ergonomic}
   size_t InitialHeapSize                          = 134217728                                 {product} {ergonomic}
   size_t MarkStackSize                            = 4194304                                   {product} {ergonomic}
   size_t MaxHeapSize                              = 2116026368                                {product} {ergonomic}
   size_t MaxNewSize                               = 1268776960                                {product} {ergonomic}
   size_t MinHeapDeltaBytes                        = 1048576                                   {product} {ergonomic}
   size_t MinHeapSize                              = 8388608                                   {product} {ergonomic}
    uintx NonNMethodCodeHeapSize                   = 5839372                                {pd product} {ergonomic}
    uintx NonProfiledCodeHeapSize                  = 122909434                              {pd product} {ergonomic}
    uintx ProfiledCodeHeapSize                     = 122909434                              {pd product} {ergonomic}
    uintx ReservedCodeCacheSize                    = 251658240                              {pd product} {ergonomic}
     bool SegmentedCodeCache                       = true                                      {product} {ergonomic}
   size_t SoftMaxHeapSize                          = 2116026368                             {manageable} {ergonomic}
     bool UseCompressedClassPointers               = true                           {product lp64_product} {ergonomic}
     bool UseCompressedOops                        = true                           {product lp64_product} {ergonomic}
     bool UseG1GC                                  = true                                      {product} {ergonomic}
     bool UseLargePagesIndividualAllocation        = false                                  {pd product} {ergonomic}

Logging:
Log output configuration:
 #0: stdout all=warning uptime,level,tags
 #1: stderr all=off uptime,level,tags

Environment Variables:
PATH=C:\Program Files\Common Files\Oracle\Java\javapath;C:\Program Files (x86)\Common Files\Oracle\Java\javapath;C:\Program Files (x86)\Python38-32\Scripts\;C:\Program Files (x86)\Python38-32\;C:\Windows\system32;C:\Windows;C:\Windows\System32\Wbem;C:\Windows\System32\WindowsPowerShell\v1.0\;C:\Windows\System32\OpenSSH\;C:\Program Files (x86)\NVIDIA Corporation\PhysX\Common;C:\Program Files\NVIDIA Corporation\NVIDIA NvDLISR;C:\Program Files (x86)\Microsoft VS Code\bin;C:\WINDOWS\system32;C:\WINDOWS;C:\WINDOWS\System32\Wbem;C:\WINDOWS\System32\WindowsPowerShell\v1.0\;C:\WINDOWS\System32\OpenSSH\;C:\Program Files\Git\cmd;C:\MinGW\bin;C:\Program Files\Java\jdk1.8.0_202\bin;C:\Program Files\Java\jdk-17\bin;C:\Users\HAMAHANG\AppData\Local\Microsoft\WindowsApps;C:\Users\HAMAHANG\AppData\Local\GitHubDesktop\bin;C:\texlive\2022\bin\win32;C:\Program Files\JetBrains\IntelliJ IDEA 2022.2.1\bin;
USERNAME=HAMAHANG
OS=Windows_NT
PROCESSOR_IDENTIFIER=Intel64 Family 6 Model 142 Stepping 10, GenuineIntel



---------------  S Y S T E M  ---------------

OS:
 Windows 10 , 64 bit Build 19041 (10.0.19041.3031)
OS uptime: 0 days 1:35 hours

CPU: total 8 (initial active 8) (4 cores per cpu, 2 threads per core) family 6 model 142 stepping 10 microcode 0xb4, cx8, cmov, fxsr, ht, mmx, 3dnowpref, sse, sse2, sse3, ssse3, sse4.1, sse4.2, popcnt, lzcnt, tsc, tscinvbit, avx, avx2, aes, erms, clmul, bmi1, bmi2, adx, fma, vzeroupper, clflush, clflushopt

Memory: 4k page, system-wide physical 8070M (979M free)
TotalPageFile size 20426M (AvailPageFile size 202M)
current process WorkingSet (physical memory assigned to process): 257M, peak: 296M
current process commit charge ("private bytes"): 461M, peak: 796M

vm_info: Java HotSpot(TM) 64-Bit Server VM (17.0.6+9-LTS-190) for windows-amd64 JRE (17.0.6+9-LTS-190), built on Dec  6 2022 15:53:54 by "mach5one" with MS VC++ 17.1 (VS2022)

END.
