#
# There is insufficient memory for the Java Runtime Environment to continue.
# Native memory allocation (mmap) failed to map 329252864 bytes for G1 virtual space
# Possible reasons:
#   The system is out of physical RAM or swap space
#   The process is running with CompressedOops enabled, and the Java Heap may be blocking the growth of the native heap
# Possible solutions:
#   Reduce memory load on the system
#   Increase physical memory or swap space
#   Check if swap backing store is full
#   Decrease Java heap size (-Xmx/-Xms)
#   Decrease number of Java threads
#   Decrease Java thread stack sizes (-Xss)
#   Set larger code cache with -XX:ReservedCodeCacheSize=
#   JVM is running with Unscaled Compressed Oops mode in which the Java heap is
#     placed in the first 4GB address space. The Java Heap base address is the
#     maximum limit for the native heap growth. Please use -XX:HeapBaseMinAddress
#     to set the Java Heap base and to place the Java Heap above 4GB virtual address.
# This output file may be truncated or incomplete.
#
#  Out of Memory Error (os_windows.cpp:3550), pid=10888, tid=10428
#
# JRE version: Java(TM) SE Runtime Environment (17.0.6+9) (build 17.0.6+9-LTS-190)
# Java VM: Java HotSpot(TM) 64-Bit Server VM (17.0.6+9-LTS-190, mixed mode, sharing, tiered, compressed oops, compressed class ptrs, g1 gc, windows-amd64)
# No core dump will be written. Minidumps are not enabled by default on client versions of Windows
#

---------------  S U M M A R Y ------------

Command Line: -javaagent:C:\Program Files\JetBrains\IntelliJ IDEA 2022.2.1\lib\idea_rt.jar=2038:C:\Program Files\JetBrains\IntelliJ IDEA 2022.2.1\bin -Dfile.encoding=UTF-8 --module-path=C:\Users\HAMAHANG\.m2\repository\org\openjfx\javafx-graphics\19\javafx-graphics-19-win.jar;C:\Users\HAMAHANG\.m2\repository\com\google\code\gson\gson\2.10.1\gson-2.10.1.jar;C:\Users\HAMAHANG\.m2\repository\org\openjfx\javafx-base\19\javafx-base-19-win.jar;C:\Users\HAMAHANG\.m2\repository\org\openjfx\javafx-controls\19\javafx-controls-19-win.jar;C:\Users\HAMAHANG\.m2\repository\org\openjfx\javafx-fxml\19\javafx-fxml-19-win.jar;C:\Users\HAMAHANG\Documents\GitHub\project-group-43\phase3\Server\target\classes -Djdk.module.main=com.example.strongholdcrusader com.example.strongholdcrusader/view.RegisterMenu

Host: Intel(R) Core(TM) i7-8550U CPU @ 1.80GHz, 8 cores, 7G,  Windows 10 , 64 bit Build 19041 (10.0.19041.3031)
Time: Tue Jul  4 19:23:12 2023 Iran Standard Time elapsed time: 9.102228 seconds (0d 0h 0m 9s)

---------------  T H R E A D  ---------------

Current thread (0x000002496c19f8f0):  VMThread "VM Thread" [stack: 0x0000007dbe700000,0x0000007dbe800000] [id=10428]

Stack: [0x0000007dbe700000,0x0000007dbe800000]
Native frames: (J=compiled Java code, j=interpreted, Vv=VM code, C=native code)
V  [jvm.dll+0x6734ea]
V  [jvm.dll+0x7d18f4]
V  [jvm.dll+0x7d309e]
V  [jvm.dll+0x7d3703]
V  [jvm.dll+0x2433c5]
V  [jvm.dll+0x6703f9]
V  [jvm.dll+0x664d32]
V  [jvm.dll+0x300086]
V  [jvm.dll+0x307606]
V  [jvm.dll+0x356c1e]
V  [jvm.dll+0x356e4f]
V  [jvm.dll+0x2d72e8]
V  [jvm.dll+0x2d57e5]
V  [jvm.dll+0x2d4dec]
V  [jvm.dll+0x3186a1]
V  [jvm.dll+0x7d7f0b]
V  [jvm.dll+0x7d8c44]
V  [jvm.dll+0x7d915d]
V  [jvm.dll+0x7d9534]
V  [jvm.dll+0x7d9600]
V  [jvm.dll+0x781a7a]
V  [jvm.dll+0x672375]
C  [ucrtbase.dll+0x21bb2]
C  [KERNEL32.DLL+0x17614]
C  [ntdll.dll+0x526f1]

VM_Operation (0x0000007dbfdfc208): G1TryInitiateConcMark, mode: safepoint, requested by thread 0x000002496dbd3f20


---------------  P R O C E S S  ---------------

Threads class SMR info:
_java_thread_list=0x000002496db3b700, length=19, elements={
0x000002494e0b6ee0, 0x000002496c1a33f0, 0x000002496c1a4170, 0x000002496c1badc0,
0x000002496c1bb880, 0x000002496c1bc340, 0x000002496c1bf420, 0x000002496c1e3520,
0x000002496c1ebe30, 0x000002496c1ef750, 0x000002496cc9f030, 0x000002496cdb8960,
0x000002496cdb8e30, 0x000002496d971da0, 0x000002496d6e0b50, 0x000002496dbae4c0,
0x000002496dbdf170, 0x000002496dbd3f20, 0x000002496d6e7040
}

Java Threads: ( => current thread )
  0x000002494e0b6ee0 JavaThread "main" [_thread_in_native, id=12224, stack(0x0000007dbe100000,0x0000007dbe200000)]
  0x000002496c1a33f0 JavaThread "Reference Handler" daemon [_thread_blocked, id=7832, stack(0x0000007dbe800000,0x0000007dbe900000)]
  0x000002496c1a4170 JavaThread "Finalizer" daemon [_thread_blocked, id=6260, stack(0x0000007dbe900000,0x0000007dbea00000)]
  0x000002496c1badc0 JavaThread "Signal Dispatcher" daemon [_thread_blocked, id=1144, stack(0x0000007dbea00000,0x0000007dbeb00000)]
  0x000002496c1bb880 JavaThread "Attach Listener" daemon [_thread_blocked, id=10932, stack(0x0000007dbeb00000,0x0000007dbec00000)]
  0x000002496c1bc340 JavaThread "Service Thread" daemon [_thread_blocked, id=8268, stack(0x0000007dbec00000,0x0000007dbed00000)]
  0x000002496c1bf420 JavaThread "Monitor Deflation Thread" daemon [_thread_blocked, id=4720, stack(0x0000007dbed00000,0x0000007dbee00000)]
  0x000002496c1e3520 JavaThread "C2 CompilerThread0" daemon [_thread_blocked, id=4620, stack(0x0000007dbee00000,0x0000007dbef00000)]
  0x000002496c1ebe30 JavaThread "C1 CompilerThread0" daemon [_thread_blocked, id=2608, stack(0x0000007dbef00000,0x0000007dbf000000)]
  0x000002496c1ef750 JavaThread "Sweeper thread" daemon [_thread_blocked, id=12280, stack(0x0000007dbf000000,0x0000007dbf100000)]
  0x000002496cc9f030 JavaThread "Common-Cleaner" daemon [_thread_blocked, id=4928, stack(0x0000007dbf100000,0x0000007dbf200000)]
  0x000002496cdb8960 JavaThread "Monitor Ctrl-Break" daemon [_thread_in_native, id=11772, stack(0x0000007dbf400000,0x0000007dbf500000)]
  0x000002496cdb8e30 JavaThread "Notification Thread" daemon [_thread_blocked, id=2792, stack(0x0000007dbf500000,0x0000007dbf600000)]
  0x000002496d971da0 JavaThread "InvokeLaterDispatcher" daemon [_thread_blocked, id=9220, stack(0x0000007dbf200000,0x0000007dbf300000)]
  0x000002496d6e0b50 JavaThread "JavaFX Application Thread" [_thread_in_native, id=7864, stack(0x0000007dbf700000,0x0000007dbf800000)]
  0x000002496dbae4c0 JavaThread "Thread-1" daemon [_thread_in_native, id=3116, stack(0x0000007dbfb00000,0x0000007dbfc00000)]
  0x000002496dbdf170 JavaThread "SIGINT handler" daemon [_thread_blocked, id=980, stack(0x0000007dbfc00000,0x0000007dbfd00000)]
  0x000002496dbd3f20 JavaThread "Thread-2" [_thread_blocked, id=8356, stack(0x0000007dbfd00000,0x0000007dbfe00000)]
  0x000002496d6e7040 JavaThread "C2 CompilerThread1" daemon [_thread_blocked, id=2188, stack(0x0000007dc0200000,0x0000007dc0300000)]

Other Threads:
=>0x000002496c19f8f0 VMThread "VM Thread" [stack: 0x0000007dbe700000,0x0000007dbe800000] [id=10428]
  0x000002494e126260 WatcherThread [stack: 0x0000007dbf600000,0x0000007dbf700000] [id=6064]
  0x000002494e10c780 GCTaskThread "GC Thread#0" [stack: 0x0000007dbe200000,0x0000007dbe300000] [id=12172]
  0x000002496d9d32c0 GCTaskThread "GC Thread#1" [stack: 0x0000007dbf300000,0x0000007dbf400000] [id=2484]
  0x000002496d6b3400 GCTaskThread "GC Thread#2" [stack: 0x0000007dbf800000,0x0000007dbf900000] [id=6636]
  0x000002496dbd4cd0 GCTaskThread "GC Thread#3" [stack: 0x0000007dbf900000,0x0000007dbfa00000] [id=12296]
  0x000002496d788b00 GCTaskThread "GC Thread#4" [stack: 0x0000007dbfa00000,0x0000007dbfb00000] [id=3420]
  0x000002496d66da40 GCTaskThread "GC Thread#5" [stack: 0x0000007dbfe00000,0x0000007dbff00000] [id=9624]
  0x000002496db5e780 GCTaskThread "GC Thread#6" [stack: 0x0000007dbff00000,0x0000007dc0000000] [id=6424]
  0x000002496d6e1430 GCTaskThread "GC Thread#7" [stack: 0x0000007dc0000000,0x0000007dc0100000] [id=4784]
  0x000002494e11ea30 ConcurrentGCThread "G1 Main Marker" [stack: 0x0000007dbe300000,0x0000007dbe400000] [id=2324]
  0x000002494e11faf0 ConcurrentGCThread "G1 Conc#0" [stack: 0x0000007dbe400000,0x0000007dbe500000] [id=5788]
  0x000002496da26d40 ConcurrentGCThread "G1 Conc#1" [stack: 0x0000007dc0100000,0x0000007dc0200000] [id=3592]
  0x000002496c0534e0 ConcurrentGCThread "G1 Refine#0" [stack: 0x0000007dbe500000,0x0000007dbe600000] [id=6368]
  0x000002496c053d10 ConcurrentGCThread "G1 Service" [stack: 0x0000007dbe600000,0x0000007dbe700000] [id=12268]

Threads with active compile tasks:
C1 CompilerThread0     9157 1293       3       sun.nio.fs.WindowsPathParser::normalize (233 bytes)

VM state: at safepoint (normal execution)

VM Mutex/Monitor currently owned by a thread:  ([mutex/lock_event])
[0x000002494e0b1a30] Threads_lock - owner thread: 0x000002496c19f8f0
[0x000002494e0b2720] Heap_lock - owner thread: 0x000002496dbd3f20

Heap address: 0x0000000081e00000, size: 2018 MB, Compressed Oops mode: 32-bit

CDS archive(s) mapped at: [0x0000000800000000-0x0000000800bd0000-0x0000000800bd0000), size 12386304, SharedBaseAddress: 0x0000000800000000, ArchiveRelocationMode: 0.
Compressed class space mapped at: 0x0000000800c00000-0x0000000840c00000, reserved size: 1073741824
Narrow klass base: 0x0000000800000000, Narrow klass shift: 0, Narrow klass range: 0x100000000

GC Precious Log:
 CPUs: 8 total, 8 available
 Memory: 8070M
 Large Page Support: Disabled
 NUMA Support: Disabled
 Compressed Oops: Enabled (32-bit)
 Heap Region Size: 1M
 Heap Min Capacity: 8M
 Heap Initial Capacity: 128M
 Heap Max Capacity: 2018M
 Pre-touch: Disabled
 Parallel Workers: 8
 Concurrent Workers: 2
 Concurrent Refinement Workers: 8
 Periodic GC: Disabled

Heap:
 garbage-first heap   total 324608K, used 195864K [0x0000000081e00000, 0x0000000100000000)
  region size 1024K, 4 young (4096K), 4 survivors (4096K)
 Metaspace       used 6688K, committed 6912K, reserved 1056768K
  class space    used 745K, committed 832K, reserved 1048576K

Heap Regions: E=young(eden), S=young(survivor), O=old, HS=humongous(starts), HC=humongous(continues), CS=collection set, F=free, OA=open archive, CA=closed archive, TAMS=top-at-mark-start (previous, next)
|   0|0x0000000081e00000, 0x0000000081f00000, 0x0000000081f00000|100%|HS|  |TAMS 0x0000000081f00000, 0x0000000081f00000| Complete 
|   1|0x0000000081f00000, 0x0000000082000000, 0x0000000082000000|100%|HS|  |TAMS 0x0000000082000000, 0x0000000082000000| Complete 
|   2|0x0000000082000000, 0x0000000082100000, 0x0000000082100000|100%|HC|  |TAMS 0x0000000082100000, 0x0000000082100000| Complete 
|   3|0x0000000082100000, 0x0000000082200000, 0x0000000082200000|100%|HC|  |TAMS 0x0000000082200000, 0x0000000082200000| Complete 
|   4|0x0000000082200000, 0x0000000082300000, 0x0000000082300000|100%|HC|  |TAMS 0x0000000082300000, 0x0000000082300000| Complete 
|   5|0x0000000082300000, 0x0000000082400000, 0x0000000082400000|100%|HC|  |TAMS 0x0000000082400000, 0x0000000082400000| Complete 
|   6|0x0000000082400000, 0x0000000082500000, 0x0000000082500000|100%| O|  |TAMS 0x0000000082500000, 0x0000000082500000| Untracked 
|   7|0x0000000082500000, 0x0000000082600000, 0x0000000082600000|100%| O|  |TAMS 0x0000000082600000, 0x0000000082600000| Untracked 
|   8|0x0000000082600000, 0x0000000082700000, 0x0000000082700000|100%| O|  |TAMS 0x0000000082700000, 0x0000000082700000| Untracked 
|   9|0x0000000082700000, 0x0000000082800000, 0x0000000082800000|100%|HS|  |TAMS 0x0000000082800000, 0x0000000082800000| Complete 
|  10|0x0000000082800000, 0x0000000082900000, 0x0000000082900000|100%|HC|  |TAMS 0x0000000082900000, 0x0000000082900000| Complete 
|  11|0x0000000082900000, 0x0000000082a00000, 0x0000000082a00000|100%|HC|  |TAMS 0x0000000082a00000, 0x0000000082a00000| Complete 
|  12|0x0000000082a00000, 0x0000000082b00000, 0x0000000082b00000|100%|HC|  |TAMS 0x0000000082b00000, 0x0000000082b00000| Complete 
|  13|0x0000000082b00000, 0x0000000082c00000, 0x0000000082c00000|100%|HC|  |TAMS 0x0000000082c00000, 0x0000000082c00000| Complete 
|  14|0x0000000082c00000, 0x0000000082d00000, 0x0000000082d00000|100%|HC|  |TAMS 0x0000000082d00000, 0x0000000082d00000| Complete 
|  15|0x0000000082d00000, 0x0000000082e00000, 0x0000000082e00000|100%|HC|  |TAMS 0x0000000082e00000, 0x0000000082e00000| Complete 
|  16|0x0000000082e00000, 0x0000000082f00000, 0x0000000082f00000|100%|HC|  |TAMS 0x0000000082f00000, 0x0000000082f00000| Complete 
|  17|0x0000000082f00000, 0x0000000083000000, 0x0000000083000000|100%|HC|  |TAMS 0x0000000083000000, 0x0000000083000000| Complete 
|  18|0x0000000083000000, 0x0000000083100000, 0x0000000083100000|100%|HC|  |TAMS 0x0000000083100000, 0x0000000083100000| Complete 
|  19|0x0000000083100000, 0x0000000083200000, 0x0000000083200000|100%|HC|  |TAMS 0x0000000083200000, 0x0000000083200000| Complete 
|  20|0x0000000083200000, 0x0000000083300000, 0x0000000083300000|100%|HC|  |TAMS 0x0000000083300000, 0x0000000083300000| Complete 
|  21|0x0000000083300000, 0x0000000083400000, 0x0000000083400000|100%|HC|  |TAMS 0x0000000083400000, 0x0000000083400000| Complete 
|  22|0x0000000083400000, 0x0000000083500000, 0x0000000083500000|100%|HC|  |TAMS 0x0000000083500000, 0x0000000083500000| Complete 
|  23|0x0000000083500000, 0x0000000083600000, 0x0000000083600000|100%|HC|  |TAMS 0x0000000083600000, 0x0000000083600000| Complete 
|  24|0x0000000083600000, 0x0000000083700000, 0x0000000083700000|100%|HC|  |TAMS 0x0000000083700000, 0x0000000083700000| Complete 
|  25|0x0000000083700000, 0x0000000083800000, 0x0000000083800000|100%|HC|  |TAMS 0x0000000083800000, 0x0000000083800000| Complete 
|  26|0x0000000083800000, 0x0000000083900000, 0x0000000083900000|100%|HC|  |TAMS 0x0000000083900000, 0x0000000083900000| Complete 
|  27|0x0000000083900000, 0x0000000083a00000, 0x0000000083a00000|100%|HC|  |TAMS 0x0000000083a00000, 0x0000000083a00000| Complete 
|  28|0x0000000083a00000, 0x0000000083b00000, 0x0000000083b00000|100%|HC|  |TAMS 0x0000000083b00000, 0x0000000083b00000| Complete 
|  29|0x0000000083b00000, 0x0000000083c00000, 0x0000000083c00000|100%|HC|  |TAMS 0x0000000083c00000, 0x0000000083c00000| Complete 
|  30|0x0000000083c00000, 0x0000000083d00000, 0x0000000083d00000|100%|HC|  |TAMS 0x0000000083d00000, 0x0000000083d00000| Complete 
|  31|0x0000000083d00000, 0x0000000083e00000, 0x0000000083e00000|100%|HC|  |TAMS 0x0000000083e00000, 0x0000000083e00000| Complete 
|  32|0x0000000083e00000, 0x0000000083f00000, 0x0000000083f00000|100%|HC|  |TAMS 0x0000000083f00000, 0x0000000083f00000| Complete 
|  33|0x0000000083f00000, 0x0000000084000000, 0x0000000084000000|100%|HC|  |TAMS 0x0000000084000000, 0x0000000084000000| Complete 
|  34|0x0000000084000000, 0x0000000084100000, 0x0000000084100000|100%|HC|  |TAMS 0x0000000084100000, 0x0000000084100000| Complete 
|  35|0x0000000084100000, 0x0000000084200000, 0x0000000084200000|100%|HC|  |TAMS 0x0000000084200000, 0x0000000084200000| Complete 
|  36|0x0000000084200000, 0x0000000084300000, 0x0000000084300000|100%|HC|  |TAMS 0x0000000084300000, 0x0000000084300000| Complete 
|  37|0x0000000084300000, 0x0000000084400000, 0x0000000084400000|100%|HC|  |TAMS 0x0000000084400000, 0x0000000084400000| Complete 
|  38|0x0000000084400000, 0x0000000084500000, 0x0000000084500000|100%|HC|  |TAMS 0x0000000084500000, 0x0000000084500000| Complete 
|  39|0x0000000084500000, 0x0000000084600000, 0x0000000084600000|100%|HC|  |TAMS 0x0000000084600000, 0x0000000084600000| Complete 
|  40|0x0000000084600000, 0x0000000084700000, 0x0000000084700000|100%|HC|  |TAMS 0x0000000084700000, 0x0000000084700000| Complete 
|  41|0x0000000084700000, 0x0000000084800000, 0x0000000084800000|100%|HC|  |TAMS 0x0000000084800000, 0x0000000084800000| Complete 
|  42|0x0000000084800000, 0x0000000084900000, 0x0000000084900000|100%|HC|  |TAMS 0x0000000084900000, 0x0000000084900000| Complete 
|  43|0x0000000084900000, 0x0000000084a00000, 0x0000000084a00000|100%|HC|  |TAMS 0x0000000084a00000, 0x0000000084a00000| Complete 
|  44|0x0000000084a00000, 0x0000000084b00000, 0x0000000084b00000|100%|HC|  |TAMS 0x0000000084b00000, 0x0000000084b00000| Complete 
|  45|0x0000000084b00000, 0x0000000084c00000, 0x0000000084c00000|100%|HC|  |TAMS 0x0000000084c00000, 0x0000000084c00000| Complete 
|  46|0x0000000084c00000, 0x0000000084d00000, 0x0000000084d00000|100%|HC|  |TAMS 0x0000000084d00000, 0x0000000084d00000| Complete 
|  47|0x0000000084d00000, 0x0000000084e00000, 0x0000000084e00000|100%|HC|  |TAMS 0x0000000084e00000, 0x0000000084e00000| Complete 
|  48|0x0000000084e00000, 0x0000000084f00000, 0x0000000084f00000|100%|HC|  |TAMS 0x0000000084f00000, 0x0000000084f00000| Complete 
|  49|0x0000000084f00000, 0x0000000085000000, 0x0000000085000000|100%|HC|  |TAMS 0x0000000085000000, 0x0000000085000000| Complete 
|  50|0x0000000085000000, 0x0000000085100000, 0x0000000085100000|100%|HC|  |TAMS 0x0000000085100000, 0x0000000085100000| Complete 
|  51|0x0000000085100000, 0x0000000085200000, 0x0000000085200000|100%|HC|  |TAMS 0x0000000085200000, 0x0000000085200000| Complete 
|  52|0x0000000085200000, 0x0000000085300000, 0x0000000085300000|100%|HC|  |TAMS 0x0000000085300000, 0x0000000085300000| Complete 
|  53|0x0000000085300000, 0x0000000085400000, 0x0000000085400000|100%|HC|  |TAMS 0x0000000085400000, 0x0000000085400000| Complete 
|  54|0x0000000085400000, 0x0000000085500000, 0x0000000085500000|100%|HC|  |TAMS 0x0000000085500000, 0x0000000085500000| Complete 
|  55|0x0000000085500000, 0x0000000085600000, 0x0000000085600000|100%|HC|  |TAMS 0x0000000085600000, 0x0000000085600000| Complete 
|  56|0x0000000085600000, 0x0000000085700000, 0x0000000085700000|100%|HC|  |TAMS 0x0000000085700000, 0x0000000085700000| Complete 
|  57|0x0000000085700000, 0x0000000085800000, 0x0000000085800000|100%|HC|  |TAMS 0x0000000085800000, 0x0000000085800000| Complete 
|  58|0x0000000085800000, 0x0000000085900000, 0x0000000085900000|100%|HC|  |TAMS 0x0000000085900000, 0x0000000085900000| Complete 
|  59|0x0000000085900000, 0x0000000085a00000, 0x0000000085a00000|100%|HC|  |TAMS 0x0000000085a00000, 0x0000000085a00000| Complete 
|  60|0x0000000085a00000, 0x0000000085b00000, 0x0000000085b00000|100%|HC|  |TAMS 0x0000000085b00000, 0x0000000085b00000| Complete 
|  61|0x0000000085b00000, 0x0000000085c00000, 0x0000000085c00000|100%|HC|  |TAMS 0x0000000085c00000, 0x0000000085c00000| Complete 
|  62|0x0000000085c00000, 0x0000000085d00000, 0x0000000085d00000|100%|HC|  |TAMS 0x0000000085d00000, 0x0000000085d00000| Complete 
|  63|0x0000000085d00000, 0x0000000085e00000, 0x0000000085e00000|100%|HC|  |TAMS 0x0000000085e00000, 0x0000000085e00000| Complete 
|  64|0x0000000085e00000, 0x0000000085f00000, 0x0000000085f00000|100%|HC|  |TAMS 0x0000000085f00000, 0x0000000085f00000| Complete 
|  65|0x0000000085f00000, 0x0000000086000000, 0x0000000086000000|100%|HC|  |TAMS 0x0000000086000000, 0x0000000086000000| Complete 
|  66|0x0000000086000000, 0x0000000086100000, 0x0000000086100000|100%|HC|  |TAMS 0x0000000086100000, 0x0000000086100000| Complete 
|  67|0x0000000086100000, 0x0000000086200000, 0x0000000086200000|100%|HC|  |TAMS 0x0000000086200000, 0x0000000086200000| Complete 
|  68|0x0000000086200000, 0x0000000086300000, 0x0000000086300000|100%|HC|  |TAMS 0x0000000086300000, 0x0000000086300000| Complete 
|  69|0x0000000086300000, 0x0000000086400000, 0x0000000086400000|100%|HC|  |TAMS 0x0000000086400000, 0x0000000086400000| Complete 
|  70|0x0000000086400000, 0x0000000086500000, 0x0000000086500000|100%|HC|  |TAMS 0x0000000086500000, 0x0000000086500000| Complete 
|  71|0x0000000086500000, 0x0000000086600000, 0x0000000086600000|100%|HC|  |TAMS 0x0000000086600000, 0x0000000086600000| Complete 
|  72|0x0000000086600000, 0x0000000086700000, 0x0000000086700000|100%|HC|  |TAMS 0x0000000086700000, 0x0000000086700000| Complete 
|  73|0x0000000086700000, 0x0000000086800000, 0x0000000086800000|100%|HS|  |TAMS 0x0000000086800000, 0x0000000086800000| Complete 
|  74|0x0000000086800000, 0x0000000086900000, 0x0000000086900000|100%|HC|  |TAMS 0x0000000086900000, 0x0000000086900000| Complete 
|  75|0x0000000086900000, 0x0000000086a00000, 0x0000000086a00000|100%|HS|  |TAMS 0x0000000086a00000, 0x0000000086a00000| Complete 
|  76|0x0000000086a00000, 0x0000000086b00000, 0x0000000086b00000|100%|HC|  |TAMS 0x0000000086b00000, 0x0000000086b00000| Complete 
|  77|0x0000000086b00000, 0x0000000086c00000, 0x0000000086c00000|100%|HS|  |TAMS 0x0000000086c00000, 0x0000000086c00000| Complete 
|  78|0x0000000086c00000, 0x0000000086d00000, 0x0000000086d00000|100%|HC|  |TAMS 0x0000000086d00000, 0x0000000086d00000| Complete 
|  79|0x0000000086d00000, 0x0000000086e00000, 0x0000000086e00000|100%|HS|  |TAMS 0x0000000086e00000, 0x0000000086e00000| Complete 
|  80|0x0000000086e00000, 0x0000000086f00000, 0x0000000086f00000|100%|HC|  |TAMS 0x0000000086f00000, 0x0000000086f00000| Complete 
|  81|0x0000000086f00000, 0x0000000087000000, 0x0000000087000000|100%|HS|  |TAMS 0x0000000087000000, 0x0000000087000000| Complete 
|  82|0x0000000087000000, 0x0000000087100000, 0x0000000087100000|100%|HC|  |TAMS 0x0000000087100000, 0x0000000087100000| Complete 
|  83|0x0000000087100000, 0x0000000087200000, 0x0000000087200000|100%|HS|  |TAMS 0x0000000087200000, 0x0000000087200000| Complete 
|  84|0x0000000087200000, 0x0000000087300000, 0x0000000087300000|100%|HC|  |TAMS 0x0000000087300000, 0x0000000087300000| Complete 
|  85|0x0000000087300000, 0x0000000087400000, 0x0000000087400000|100%|HS|  |TAMS 0x0000000087400000, 0x0000000087400000| Complete 
|  86|0x0000000087400000, 0x0000000087500000, 0x0000000087500000|100%|HC|  |TAMS 0x0000000087500000, 0x0000000087500000| Complete 
|  87|0x0000000087500000, 0x0000000087600000, 0x0000000087600000|100%|HS|  |TAMS 0x0000000087600000, 0x0000000087600000| Complete 
|  88|0x0000000087600000, 0x0000000087700000, 0x0000000087700000|100%|HC|  |TAMS 0x0000000087700000, 0x0000000087700000| Complete 
|  89|0x0000000087700000, 0x0000000087800000, 0x0000000087800000|100%|HS|  |TAMS 0x0000000087800000, 0x0000000087800000| Complete 
|  90|0x0000000087800000, 0x0000000087900000, 0x0000000087900000|100%|HS|  |TAMS 0x0000000087900000, 0x0000000087900000| Complete 
|  91|0x0000000087900000, 0x0000000087a00000, 0x0000000087a00000|100%|HC|  |TAMS 0x0000000087a00000, 0x0000000087a00000| Complete 
|  92|0x0000000087a00000, 0x0000000087b00000, 0x0000000087b00000|100%|HS|  |TAMS 0x0000000087b00000, 0x0000000087b00000| Complete 
|  93|0x0000000087b00000, 0x0000000087c00000, 0x0000000087c00000|100%|HC|  |TAMS 0x0000000087c00000, 0x0000000087c00000| Complete 
|  94|0x0000000087c00000, 0x0000000087d00000, 0x0000000087d00000|100%|HS|  |TAMS 0x0000000087d00000, 0x0000000087d00000| Complete 
|  95|0x0000000087d00000, 0x0000000087e00000, 0x0000000087e00000|100%|HC|  |TAMS 0x0000000087e00000, 0x0000000087e00000| Complete 
|  96|0x0000000087e00000, 0x0000000087f00000, 0x0000000087f00000|100%|HS|  |TAMS 0x0000000087f00000, 0x0000000087f00000| Complete 
|  97|0x0000000087f00000, 0x0000000088000000, 0x0000000088000000|100%|HC|  |TAMS 0x0000000088000000, 0x0000000088000000| Complete 
|  98|0x0000000088000000, 0x0000000088100000, 0x0000000088100000|100%|HS|  |TAMS 0x0000000088100000, 0x0000000088100000| Complete 
|  99|0x0000000088100000, 0x0000000088200000, 0x0000000088200000|100%|HC|  |TAMS 0x0000000088200000, 0x0000000088200000| Complete 
| 100|0x0000000088200000, 0x0000000088300000, 0x0000000088300000|100%|HS|  |TAMS 0x0000000088300000, 0x0000000088300000| Complete 
| 101|0x0000000088300000, 0x0000000088400000, 0x0000000088400000|100%|HC|  |TAMS 0x0000000088400000, 0x0000000088400000| Complete 
| 102|0x0000000088400000, 0x0000000088500000, 0x0000000088500000|100%|HS|  |TAMS 0x0000000088500000, 0x0000000088500000| Complete 
| 103|0x0000000088500000, 0x0000000088600000, 0x0000000088600000|100%|HC|  |TAMS 0x0000000088600000, 0x0000000088600000| Complete 
| 104|0x0000000088600000, 0x0000000088700000, 0x0000000088700000|100%|HS|  |TAMS 0x0000000088700000, 0x0000000088700000| Complete 
| 105|0x0000000088700000, 0x0000000088800000, 0x0000000088800000|100%|HC|  |TAMS 0x0000000088800000, 0x0000000088800000| Complete 
| 106|0x0000000088800000, 0x0000000088900000, 0x0000000088900000|100%|HS|  |TAMS 0x0000000088900000, 0x0000000088900000| Complete 
| 107|0x0000000088900000, 0x0000000088a00000, 0x0000000088a00000|100%|HC|  |TAMS 0x0000000088a00000, 0x0000000088a00000| Complete 
| 108|0x0000000088a00000, 0x0000000088b00000, 0x0000000088b00000|100%|HS|  |TAMS 0x0000000088b00000, 0x0000000088b00000| Complete 
| 109|0x0000000088b00000, 0x0000000088c00000, 0x0000000088c00000|100%|HC|  |TAMS 0x0000000088c00000, 0x0000000088c00000| Complete 
| 110|0x0000000088c00000, 0x0000000088d00000, 0x0000000088d00000|100%|HS|  |TAMS 0x0000000088d00000, 0x0000000088d00000| Complete 
| 111|0x0000000088d00000, 0x0000000088e00000, 0x0000000088e00000|100%|HC|  |TAMS 0x0000000088e00000, 0x0000000088e00000| Complete 
| 112|0x0000000088e00000, 0x0000000088f00000, 0x0000000088f00000|100%|HS|  |TAMS 0x0000000088f00000, 0x0000000088f00000| Complete 
| 113|0x0000000088f00000, 0x0000000089000000, 0x0000000089000000|100%|HC|  |TAMS 0x0000000089000000, 0x0000000089000000| Complete 
| 114|0x0000000089000000, 0x0000000089100000, 0x0000000089100000|100%|HS|  |TAMS 0x0000000089100000, 0x0000000089100000| Complete 
| 115|0x0000000089100000, 0x0000000089200000, 0x0000000089200000|100%|HC|  |TAMS 0x0000000089200000, 0x0000000089200000| Complete 
| 116|0x0000000089200000, 0x0000000089300000, 0x0000000089300000|100%|HS|  |TAMS 0x0000000089300000, 0x0000000089300000| Complete 
| 117|0x0000000089300000, 0x0000000089400000, 0x0000000089400000|100%|HC|  |TAMS 0x0000000089400000, 0x0000000089400000| Complete 
| 118|0x0000000089400000, 0x0000000089500000, 0x0000000089500000|100%|HS|  |TAMS 0x0000000089500000, 0x0000000089500000| Complete 
| 119|0x0000000089500000, 0x0000000089600000, 0x0000000089600000|100%|HC|  |TAMS 0x0000000089600000, 0x0000000089600000| Complete 
| 120|0x0000000089600000, 0x0000000089700000, 0x0000000089700000|100%|HS|  |TAMS 0x0000000089700000, 0x0000000089700000| Complete 
| 121|0x0000000089700000, 0x0000000089800000, 0x0000000089800000|100%|HC|  |TAMS 0x0000000089800000, 0x0000000089800000| Complete 
| 122|0x0000000089800000, 0x0000000089900000, 0x0000000089900000|100%|HS|  |TAMS 0x0000000089900000, 0x0000000089900000| Complete 
| 123|0x0000000089900000, 0x0000000089a00000, 0x0000000089a00000|100%|HC|  |TAMS 0x0000000089a00000, 0x0000000089a00000| Complete 
| 124|0x0000000089a00000, 0x0000000089b00000, 0x0000000089b00000|100%|HS|  |TAMS 0x0000000089a00000, 0x0000000089b00000| Complete 
| 125|0x0000000089b00000, 0x0000000089c00000, 0x0000000089c00000|100%| O|  |TAMS 0x0000000089b07600, 0x0000000089c00000| Untracked 
| 126|0x0000000089c00000, 0x0000000089c73200, 0x0000000089d00000| 44%| O|  |TAMS 0x0000000089c00000, 0x0000000089c73200| Untracked 
| 127|0x0000000089d00000, 0x0000000089e00000, 0x0000000089e00000|100%|HS|  |TAMS 0x0000000089d00000, 0x0000000089e00000| Complete 
| 128|0x0000000089e00000, 0x0000000089f00000, 0x0000000089f00000|100%|HS|  |TAMS 0x0000000089f00000, 0x0000000089f00000| Complete 
| 129|0x0000000089f00000, 0x000000008a000000, 0x000000008a000000|100%|HC|  |TAMS 0x000000008a000000, 0x000000008a000000| Complete 
| 130|0x000000008a000000, 0x000000008a100000, 0x000000008a100000|100%|HC|  |TAMS 0x000000008a100000, 0x000000008a100000| Complete 
| 131|0x000000008a100000, 0x000000008a200000, 0x000000008a200000|100%|HC|  |TAMS 0x000000008a200000, 0x000000008a200000| Complete 
| 132|0x000000008a200000, 0x000000008a300000, 0x000000008a300000|100%|HC|  |TAMS 0x000000008a300000, 0x000000008a300000| Complete 
| 133|0x000000008a300000, 0x000000008a400000, 0x000000008a400000|100%|HC|  |TAMS 0x000000008a400000, 0x000000008a400000| Complete 
| 134|0x000000008a400000, 0x000000008a500000, 0x000000008a500000|100%|HC|  |TAMS 0x000000008a500000, 0x000000008a500000| Complete 
| 135|0x000000008a500000, 0x000000008a600000, 0x000000008a600000|100%|HC|  |TAMS 0x000000008a600000, 0x000000008a600000| Complete 
| 136|0x000000008a600000, 0x000000008a700000, 0x000000008a700000|100%|HC|  |TAMS 0x000000008a700000, 0x000000008a700000| Complete 
| 137|0x000000008a700000, 0x000000008a800000, 0x000000008a800000|100%|HC|  |TAMS 0x000000008a800000, 0x000000008a800000| Complete 
| 138|0x000000008a800000, 0x000000008a900000, 0x000000008a900000|100%|HC|  |TAMS 0x000000008a900000, 0x000000008a900000| Complete 
| 139|0x000000008a900000, 0x000000008aa00000, 0x000000008aa00000|100%|HC|  |TAMS 0x000000008aa00000, 0x000000008aa00000| Complete 
| 140|0x000000008aa00000, 0x000000008ab00000, 0x000000008ab00000|100%|HC|  |TAMS 0x000000008ab00000, 0x000000008ab00000| Complete 
| 141|0x000000008ab00000, 0x000000008ac00000, 0x000000008ac00000|100%|HC|  |TAMS 0x000000008ac00000, 0x000000008ac00000| Complete 
| 142|0x000000008ac00000, 0x000000008ad00000, 0x000000008ad00000|100%|HC|  |TAMS 0x000000008ad00000, 0x000000008ad00000| Complete 
| 143|0x000000008ad00000, 0x000000008ae00000, 0x000000008ae00000|100%|HC|  |TAMS 0x000000008ae00000, 0x000000008ae00000| Complete 
| 144|0x000000008ae00000, 0x000000008af00000, 0x000000008af00000|100%|HC|  |TAMS 0x000000008af00000, 0x000000008af00000| Complete 
| 145|0x000000008af00000, 0x000000008b000000, 0x000000008b000000|100%|HC|  |TAMS 0x000000008b000000, 0x000000008b000000| Complete 
| 146|0x000000008b000000, 0x000000008b100000, 0x000000008b100000|100%|HC|  |TAMS 0x000000008b100000, 0x000000008b100000| Complete 
| 147|0x000000008b100000, 0x000000008b200000, 0x000000008b200000|100%|HC|  |TAMS 0x000000008b200000, 0x000000008b200000| Complete 
| 148|0x000000008b200000, 0x000000008b300000, 0x000000008b300000|100%|HC|  |TAMS 0x000000008b300000, 0x000000008b300000| Complete 
| 149|0x000000008b300000, 0x000000008b400000, 0x000000008b400000|100%|HC|  |TAMS 0x000000008b400000, 0x000000008b400000| Complete 
| 150|0x000000008b400000, 0x000000008b500000, 0x000000008b500000|100%|HC|  |TAMS 0x000000008b500000, 0x000000008b500000| Complete 
| 151|0x000000008b500000, 0x000000008b600000, 0x000000008b600000|100%|HC|  |TAMS 0x000000008b600000, 0x000000008b600000| Complete 
| 152|0x000000008b600000, 0x000000008b700000, 0x000000008b700000|100%|HC|  |TAMS 0x000000008b700000, 0x000000008b700000| Complete 
| 153|0x000000008b700000, 0x000000008b800000, 0x000000008b800000|100%|HC|  |TAMS 0x000000008b800000, 0x000000008b800000| Complete 
| 154|0x000000008b800000, 0x000000008b900000, 0x000000008b900000|100%|HC|  |TAMS 0x000000008b900000, 0x000000008b900000| Complete 
| 155|0x000000008b900000, 0x000000008ba00000, 0x000000008ba00000|100%|HC|  |TAMS 0x000000008ba00000, 0x000000008ba00000| Complete 
| 156|0x000000008ba00000, 0x000000008bb00000, 0x000000008bb00000|100%|HC|  |TAMS 0x000000008bb00000, 0x000000008bb00000| Complete 
| 157|0x000000008bb00000, 0x000000008bc00000, 0x000000008bc00000|100%|HC|  |TAMS 0x000000008bc00000, 0x000000008bc00000| Complete 
| 158|0x000000008bc00000, 0x000000008bd00000, 0x000000008bd00000|100%|HC|  |TAMS 0x000000008bd00000, 0x000000008bd00000| Complete 
| 159|0x000000008bd00000, 0x000000008be00000, 0x000000008be00000|100%|HC|  |TAMS 0x000000008be00000, 0x000000008be00000| Complete 
| 160|0x000000008be00000, 0x000000008bf00000, 0x000000008bf00000|100%|HC|  |TAMS 0x000000008bf00000, 0x000000008bf00000| Complete 
| 161|0x000000008bf00000, 0x000000008c000000, 0x000000008c000000|100%|HC|  |TAMS 0x000000008c000000, 0x000000008c000000| Complete 
| 162|0x000000008c000000, 0x000000008c100000, 0x000000008c100000|100%|HC|  |TAMS 0x000000008c100000, 0x000000008c100000| Complete 
| 163|0x000000008c100000, 0x000000008c200000, 0x000000008c200000|100%|HC|  |TAMS 0x000000008c200000, 0x000000008c200000| Complete 
| 164|0x000000008c200000, 0x000000008c300000, 0x000000008c300000|100%|HC|  |TAMS 0x000000008c300000, 0x000000008c300000| Complete 
| 165|0x000000008c300000, 0x000000008c400000, 0x000000008c400000|100%|HC|  |TAMS 0x000000008c400000, 0x000000008c400000| Complete 
| 166|0x000000008c400000, 0x000000008c500000, 0x000000008c500000|100%|HC|  |TAMS 0x000000008c500000, 0x000000008c500000| Complete 
| 167|0x000000008c500000, 0x000000008c600000, 0x000000008c600000|100%|HC|  |TAMS 0x000000008c600000, 0x000000008c600000| Complete 
| 168|0x000000008c600000, 0x000000008c700000, 0x000000008c700000|100%|HC|  |TAMS 0x000000008c700000, 0x000000008c700000| Complete 
| 169|0x000000008c700000, 0x000000008c800000, 0x000000008c800000|100%|HC|  |TAMS 0x000000008c800000, 0x000000008c800000| Complete 
| 170|0x000000008c800000, 0x000000008c900000, 0x000000008c900000|100%|HC|  |TAMS 0x000000008c900000, 0x000000008c900000| Complete 
| 171|0x000000008c900000, 0x000000008ca00000, 0x000000008ca00000|100%|HC|  |TAMS 0x000000008ca00000, 0x000000008ca00000| Complete 
| 172|0x000000008ca00000, 0x000000008cb00000, 0x000000008cb00000|100%|HC|  |TAMS 0x000000008cb00000, 0x000000008cb00000| Complete 
| 173|0x000000008cb00000, 0x000000008cc00000, 0x000000008cc00000|100%|HC|  |TAMS 0x000000008cc00000, 0x000000008cc00000| Complete 
| 174|0x000000008cc00000, 0x000000008cd00000, 0x000000008cd00000|100%|HC|  |TAMS 0x000000008cd00000, 0x000000008cd00000| Complete 
| 175|0x000000008cd00000, 0x000000008ce00000, 0x000000008ce00000|100%|HC|  |TAMS 0x000000008ce00000, 0x000000008ce00000| Complete 
| 176|0x000000008ce00000, 0x000000008cf00000, 0x000000008cf00000|100%|HC|  |TAMS 0x000000008cf00000, 0x000000008cf00000| Complete 
| 177|0x000000008cf00000, 0x000000008d000000, 0x000000008d000000|100%|HC|  |TAMS 0x000000008d000000, 0x000000008d000000| Complete 
| 178|0x000000008d000000, 0x000000008d100000, 0x000000008d100000|100%|HC|  |TAMS 0x000000008d100000, 0x000000008d100000| Complete 
| 179|0x000000008d100000, 0x000000008d200000, 0x000000008d200000|100%|HC|  |TAMS 0x000000008d200000, 0x000000008d200000| Complete 
| 180|0x000000008d200000, 0x000000008d300000, 0x000000008d300000|100%|HC|  |TAMS 0x000000008d300000, 0x000000008d300000| Complete 
| 181|0x000000008d300000, 0x000000008d400000, 0x000000008d400000|100%|HC|  |TAMS 0x000000008d400000, 0x000000008d400000| Complete 
| 182|0x000000008d400000, 0x000000008d500000, 0x000000008d500000|100%|HC|  |TAMS 0x000000008d500000, 0x000000008d500000| Complete 
| 183|0x000000008d500000, 0x000000008d600000, 0x000000008d600000|100%|HC|  |TAMS 0x000000008d600000, 0x000000008d600000| Complete 
| 184|0x000000008d600000, 0x000000008d700000, 0x000000008d700000|100%|HC|  |TAMS 0x000000008d700000, 0x000000008d700000| Complete 
| 185|0x000000008d700000, 0x000000008d800000, 0x000000008d800000|100%|HC|  |TAMS 0x000000008d800000, 0x000000008d800000| Complete 
| 186|0x000000008d800000, 0x000000008d900000, 0x000000008d900000|100%|HS|  |TAMS 0x000000008d900000, 0x000000008d900000| Complete 
| 187|0x000000008d900000, 0x000000008da00000, 0x000000008da00000|100%|HC|  |TAMS 0x000000008da00000, 0x000000008da00000| Complete 
| 188|0x000000008da00000, 0x000000008da00000, 0x000000008db00000|  0%| F|  |TAMS 0x000000008da00000, 0x000000008da00000| Untracked 
| 189|0x000000008db00000, 0x000000008db00000, 0x000000008dc00000|  0%| F|  |TAMS 0x000000008db00000, 0x000000008db00000| Untracked 
| 190|0x000000008dc00000, 0x000000008dc00000, 0x000000008dd00000|  0%| F|  |TAMS 0x000000008dc00000, 0x000000008dc00000| Untracked 
| 191|0x000000008dd00000, 0x000000008dd00000, 0x000000008de00000|  0%| F|  |TAMS 0x000000008dd00000, 0x000000008dd00000| Untracked 
| 192|0x000000008de00000, 0x000000008de00000, 0x000000008df00000|  0%| F|  |TAMS 0x000000008de00000, 0x000000008de00000| Untracked 
| 193|0x000000008df00000, 0x000000008df00000, 0x000000008e000000|  0%| F|  |TAMS 0x000000008df00000, 0x000000008df00000| Untracked 
| 194|0x000000008e000000, 0x000000008e000000, 0x000000008e100000|  0%| F|  |TAMS 0x000000008e000000, 0x000000008e000000| Untracked 
| 195|0x000000008e100000, 0x000000008e100000, 0x000000008e200000|  0%| F|  |TAMS 0x000000008e100000, 0x000000008e100000| Untracked 
| 196|0x000000008e200000, 0x000000008e200000, 0x000000008e300000|  0%| F|  |TAMS 0x000000008e200000, 0x000000008e200000| Untracked 
| 197|0x000000008e300000, 0x000000008e300000, 0x000000008e400000|  0%| F|  |TAMS 0x000000008e300000, 0x000000008e300000| Untracked 
| 198|0x000000008e400000, 0x000000008e400000, 0x000000008e500000|  0%| F|  |TAMS 0x000000008e400000, 0x000000008e400000| Untracked 
| 199|0x000000008e500000, 0x000000008e500000, 0x000000008e600000|  0%| F|  |TAMS 0x000000008e500000, 0x000000008e500000| Untracked 
| 200|0x000000008e600000, 0x000000008e600000, 0x000000008e700000|  0%| F|  |TAMS 0x000000008e600000, 0x000000008e600000| Untracked 
| 201|0x000000008e700000, 0x000000008e700000, 0x000000008e800000|  0%| F|  |TAMS 0x000000008e700000, 0x000000008e700000| Untracked 
| 202|0x000000008e800000, 0x000000008e800000, 0x000000008e900000|  0%| F|  |TAMS 0x000000008e800000, 0x000000008e800000| Untracked 
| 203|0x000000008e900000, 0x000000008e900000, 0x000000008ea00000|  0%| F|  |TAMS 0x000000008e900000, 0x000000008e900000| Untracked 
| 204|0x000000008ea00000, 0x000000008ea00000, 0x000000008eb00000|  0%| F|  |TAMS 0x000000008ea00000, 0x000000008ea00000| Untracked 
| 205|0x000000008eb00000, 0x000000008eb00000, 0x000000008ec00000|  0%| F|  |TAMS 0x000000008eb00000, 0x000000008eb00000| Untracked 
| 206|0x000000008ec00000, 0x000000008ec00000, 0x000000008ed00000|  0%| F|  |TAMS 0x000000008ec00000, 0x000000008ec00000| Untracked 
| 207|0x000000008ed00000, 0x000000008ed00000, 0x000000008ee00000|  0%| F|  |TAMS 0x000000008ed00000, 0x000000008ed00000| Untracked 
| 208|0x000000008ee00000, 0x000000008ee00000, 0x000000008ef00000|  0%| F|  |TAMS 0x000000008ee00000, 0x000000008ee00000| Untracked 
| 209|0x000000008ef00000, 0x000000008ef00000, 0x000000008f000000|  0%| F|  |TAMS 0x000000008ef00000, 0x000000008ef00000| Untracked 
| 210|0x000000008f000000, 0x000000008f000000, 0x000000008f100000|  0%| F|  |TAMS 0x000000008f000000, 0x000000008f000000| Untracked 
| 211|0x000000008f100000, 0x000000008f100000, 0x000000008f200000|  0%| F|  |TAMS 0x000000008f100000, 0x000000008f100000| Untracked 
| 212|0x000000008f200000, 0x000000008f200000, 0x000000008f300000|  0%| F|  |TAMS 0x000000008f200000, 0x000000008f200000| Untracked 
| 213|0x000000008f300000, 0x000000008f300000, 0x000000008f400000|  0%| F|  |TAMS 0x000000008f300000, 0x000000008f300000| Untracked 
| 214|0x000000008f400000, 0x000000008f400000, 0x000000008f500000|  0%| F|  |TAMS 0x000000008f400000, 0x000000008f400000| Untracked 
| 215|0x000000008f500000, 0x000000008f500000, 0x000000008f600000|  0%| F|  |TAMS 0x000000008f500000, 0x000000008f500000| Untracked 
| 216|0x000000008f600000, 0x000000008f600000, 0x000000008f700000|  0%| F|  |TAMS 0x000000008f600000, 0x000000008f600000| Untracked 
| 217|0x000000008f700000, 0x000000008f700000, 0x000000008f800000|  0%| F|  |TAMS 0x000000008f700000, 0x000000008f700000| Untracked 
| 218|0x000000008f800000, 0x000000008f800000, 0x000000008f900000|  0%| F|  |TAMS 0x000000008f800000, 0x000000008f800000| Untracked 
| 219|0x000000008f900000, 0x000000008f900000, 0x000000008fa00000|  0%| F|  |TAMS 0x000000008f900000, 0x000000008f900000| Untracked 
| 220|0x000000008fa00000, 0x000000008fa00000, 0x000000008fb00000|  0%| F|  |TAMS 0x000000008fa00000, 0x000000008fa00000| Untracked 
| 221|0x000000008fb00000, 0x000000008fb00000, 0x000000008fc00000|  0%| F|  |TAMS 0x000000008fb00000, 0x000000008fb00000| Untracked 
| 222|0x000000008fc00000, 0x000000008fc00000, 0x000000008fd00000|  0%| F|  |TAMS 0x000000008fc00000, 0x000000008fc00000| Untracked 
| 223|0x000000008fd00000, 0x000000008fd00000, 0x000000008fe00000|  0%| F|  |TAMS 0x000000008fd00000, 0x000000008fd00000| Untracked 
| 224|0x000000008fe00000, 0x000000008fe00000, 0x000000008ff00000|  0%| F|  |TAMS 0x000000008fe00000, 0x000000008fe00000| Untracked 
| 225|0x000000008ff00000, 0x000000008ff00000, 0x0000000090000000|  0%| F|  |TAMS 0x000000008ff00000, 0x000000008ff00000| Untracked 
| 226|0x0000000090000000, 0x0000000090000000, 0x0000000090100000|  0%| F|  |TAMS 0x0000000090000000, 0x0000000090000000| Untracked 
| 227|0x0000000090100000, 0x0000000090100000, 0x0000000090200000|  0%| F|  |TAMS 0x0000000090100000, 0x0000000090100000| Untracked 
| 228|0x0000000090200000, 0x0000000090200000, 0x0000000090300000|  0%| F|  |TAMS 0x0000000090200000, 0x0000000090200000| Untracked 
| 229|0x0000000090300000, 0x0000000090300000, 0x0000000090400000|  0%| F|  |TAMS 0x0000000090300000, 0x0000000090300000| Untracked 
| 230|0x0000000090400000, 0x0000000090400000, 0x0000000090500000|  0%| F|  |TAMS 0x0000000090400000, 0x0000000090400000| Untracked 
| 231|0x0000000090500000, 0x0000000090500000, 0x0000000090600000|  0%| F|  |TAMS 0x0000000090500000, 0x0000000090500000| Untracked 
| 232|0x0000000090600000, 0x0000000090600000, 0x0000000090700000|  0%| F|  |TAMS 0x0000000090600000, 0x0000000090600000| Untracked 
| 233|0x0000000090700000, 0x0000000090700000, 0x0000000090800000|  0%| F|  |TAMS 0x0000000090700000, 0x0000000090700000| Untracked 
| 234|0x0000000090800000, 0x0000000090800000, 0x0000000090900000|  0%| F|  |TAMS 0x0000000090800000, 0x0000000090800000| Untracked 
| 235|0x0000000090900000, 0x0000000090900000, 0x0000000090a00000|  0%| F|  |TAMS 0x0000000090900000, 0x0000000090900000| Untracked 
| 236|0x0000000090a00000, 0x0000000090a00000, 0x0000000090b00000|  0%| F|  |TAMS 0x0000000090a00000, 0x0000000090a00000| Untracked 
| 237|0x0000000090b00000, 0x0000000090b00000, 0x0000000090c00000|  0%| F|  |TAMS 0x0000000090b00000, 0x0000000090b00000| Untracked 
| 238|0x0000000090c00000, 0x0000000090c00000, 0x0000000090d00000|  0%| F|  |TAMS 0x0000000090c00000, 0x0000000090c00000| Untracked 
| 239|0x0000000090d00000, 0x0000000090d00000, 0x0000000090e00000|  0%| F|  |TAMS 0x0000000090d00000, 0x0000000090d00000| Untracked 
| 240|0x0000000090e00000, 0x0000000090e00000, 0x0000000090f00000|  0%| F|  |TAMS 0x0000000090e00000, 0x0000000090e00000| Untracked 
| 241|0x0000000090f00000, 0x0000000090f00000, 0x0000000091000000|  0%| F|  |TAMS 0x0000000090f00000, 0x0000000090f00000| Untracked 
| 242|0x0000000091000000, 0x0000000091000000, 0x0000000091100000|  0%| F|  |TAMS 0x0000000091000000, 0x0000000091000000| Untracked 
| 243|0x0000000091100000, 0x0000000091100000, 0x0000000091200000|  0%| F|  |TAMS 0x0000000091100000, 0x0000000091100000| Untracked 
| 244|0x0000000091200000, 0x0000000091200000, 0x0000000091300000|  0%| F|  |TAMS 0x0000000091200000, 0x0000000091200000| Untracked 
| 245|0x0000000091300000, 0x0000000091300000, 0x0000000091400000|  0%| F|  |TAMS 0x0000000091300000, 0x0000000091300000| Untracked 
| 246|0x0000000091400000, 0x0000000091400000, 0x0000000091500000|  0%| F|  |TAMS 0x0000000091400000, 0x0000000091400000| Untracked 
| 247|0x0000000091500000, 0x0000000091500000, 0x0000000091600000|  0%| F|  |TAMS 0x0000000091500000, 0x0000000091500000| Untracked 
| 248|0x0000000091600000, 0x0000000091600000, 0x0000000091700000|  0%| F|  |TAMS 0x0000000091600000, 0x0000000091600000| Untracked 
| 249|0x0000000091700000, 0x0000000091700000, 0x0000000091800000|  0%| F|  |TAMS 0x0000000091700000, 0x0000000091700000| Untracked 
| 250|0x0000000091800000, 0x0000000091800000, 0x0000000091900000|  0%| F|  |TAMS 0x0000000091800000, 0x0000000091800000| Untracked 
| 251|0x0000000091900000, 0x0000000091900000, 0x0000000091a00000|  0%| F|  |TAMS 0x0000000091900000, 0x0000000091900000| Untracked 
| 252|0x0000000091a00000, 0x0000000091a00000, 0x0000000091b00000|  0%| F|  |TAMS 0x0000000091a00000, 0x0000000091a00000| Untracked 
| 253|0x0000000091b00000, 0x0000000091b00000, 0x0000000091c00000|  0%| F|  |TAMS 0x0000000091b00000, 0x0000000091b00000| Untracked 
| 254|0x0000000091c00000, 0x0000000091c00000, 0x0000000091d00000|  0%| F|  |TAMS 0x0000000091c00000, 0x0000000091c00000| Untracked 
| 255|0x0000000091d00000, 0x0000000091d00000, 0x0000000091e00000|  0%| F|  |TAMS 0x0000000091d00000, 0x0000000091d00000| Untracked 
| 256|0x0000000091e00000, 0x0000000091e00000, 0x0000000091f00000|  0%| F|  |TAMS 0x0000000091e00000, 0x0000000091e00000| Untracked 
| 257|0x0000000091f00000, 0x0000000091f00000, 0x0000000092000000|  0%| F|  |TAMS 0x0000000091f00000, 0x0000000091f00000| Untracked 
| 258|0x0000000092000000, 0x0000000092000000, 0x0000000092100000|  0%| F|  |TAMS 0x0000000092000000, 0x0000000092000000| Untracked 
| 259|0x0000000092100000, 0x0000000092100000, 0x0000000092200000|  0%| F|  |TAMS 0x0000000092100000, 0x0000000092100000| Untracked 
| 260|0x0000000092200000, 0x0000000092200000, 0x0000000092300000|  0%| F|  |TAMS 0x0000000092200000, 0x0000000092200000| Untracked 
| 261|0x0000000092300000, 0x0000000092300000, 0x0000000092400000|  0%| F|  |TAMS 0x0000000092300000, 0x0000000092300000| Untracked 
| 262|0x0000000092400000, 0x0000000092400000, 0x0000000092500000|  0%| F|  |TAMS 0x0000000092400000, 0x0000000092400000| Untracked 
| 263|0x0000000092500000, 0x0000000092500000, 0x0000000092600000|  0%| F|  |TAMS 0x0000000092500000, 0x0000000092500000| Untracked 
| 264|0x0000000092600000, 0x0000000092600000, 0x0000000092700000|  0%| F|  |TAMS 0x0000000092600000, 0x0000000092600000| Untracked 
| 265|0x0000000092700000, 0x0000000092700000, 0x0000000092800000|  0%| F|  |TAMS 0x0000000092700000, 0x0000000092700000| Untracked 
| 266|0x0000000092800000, 0x0000000092800000, 0x0000000092900000|  0%| F|  |TAMS 0x0000000092800000, 0x0000000092800000| Untracked 
| 267|0x0000000092900000, 0x0000000092900000, 0x0000000092a00000|  0%| F|  |TAMS 0x0000000092900000, 0x0000000092900000| Untracked 
| 268|0x0000000092a00000, 0x0000000092a00000, 0x0000000092b00000|  0%| F|  |TAMS 0x0000000092a00000, 0x0000000092a00000| Untracked 
| 269|0x0000000092b00000, 0x0000000092b00000, 0x0000000092c00000|  0%| F|  |TAMS 0x0000000092b00000, 0x0000000092b00000| Untracked 
| 270|0x0000000092c00000, 0x0000000092c00000, 0x0000000092d00000|  0%| F|  |TAMS 0x0000000092c00000, 0x0000000092c00000| Untracked 
| 271|0x0000000092d00000, 0x0000000092d00000, 0x0000000092e00000|  0%| F|  |TAMS 0x0000000092d00000, 0x0000000092d00000| Untracked 
| 272|0x0000000092e00000, 0x0000000092e00000, 0x0000000092f00000|  0%| F|  |TAMS 0x0000000092e00000, 0x0000000092e00000| Untracked 
| 273|0x0000000092f00000, 0x0000000092f00000, 0x0000000093000000|  0%| F|  |TAMS 0x0000000092f00000, 0x0000000092f00000| Untracked 
| 274|0x0000000093000000, 0x0000000093000000, 0x0000000093100000|  0%| F|  |TAMS 0x0000000093000000, 0x0000000093000000| Untracked 
| 275|0x0000000093100000, 0x0000000093100000, 0x0000000093200000|  0%| F|  |TAMS 0x0000000093100000, 0x0000000093100000| Untracked 
| 276|0x0000000093200000, 0x0000000093200000, 0x0000000093300000|  0%| F|  |TAMS 0x0000000093200000, 0x0000000093200000| Untracked 
| 277|0x0000000093300000, 0x0000000093300000, 0x0000000093400000|  0%| F|  |TAMS 0x0000000093300000, 0x0000000093300000| Untracked 
| 278|0x0000000093400000, 0x0000000093400000, 0x0000000093500000|  0%| F|  |TAMS 0x0000000093400000, 0x0000000093400000| Untracked 
| 279|0x0000000093500000, 0x0000000093500000, 0x0000000093600000|  0%| F|  |TAMS 0x0000000093500000, 0x0000000093500000| Untracked 
| 280|0x0000000093600000, 0x0000000093600000, 0x0000000093700000|  0%| F|  |TAMS 0x0000000093600000, 0x0000000093600000| Untracked 
| 281|0x0000000093700000, 0x0000000093700000, 0x0000000093800000|  0%| F|  |TAMS 0x0000000093700000, 0x0000000093700000| Untracked 
| 282|0x0000000093800000, 0x0000000093800000, 0x0000000093900000|  0%| F|  |TAMS 0x0000000093800000, 0x0000000093800000| Untracked 
| 283|0x0000000093900000, 0x0000000093900000, 0x0000000093a00000|  0%| F|  |TAMS 0x0000000093900000, 0x0000000093900000| Untracked 
| 284|0x0000000093a00000, 0x0000000093a00000, 0x0000000093b00000|  0%| F|  |TAMS 0x0000000093a00000, 0x0000000093a00000| Untracked 
| 285|0x0000000093b00000, 0x0000000093b00000, 0x0000000093c00000|  0%| F|  |TAMS 0x0000000093b00000, 0x0000000093b00000| Untracked 
| 286|0x0000000093c00000, 0x0000000093c00000, 0x0000000093d00000|  0%| F|  |TAMS 0x0000000093c00000, 0x0000000093c00000| Untracked 
| 287|0x0000000093d00000, 0x0000000093d00000, 0x0000000093e00000|  0%| F|  |TAMS 0x0000000093d00000, 0x0000000093d00000| Untracked 
| 288|0x0000000093e00000, 0x0000000093e00000, 0x0000000093f00000|  0%| F|  |TAMS 0x0000000093e00000, 0x0000000093e00000| Untracked 
| 289|0x0000000093f00000, 0x0000000093f00000, 0x0000000094000000|  0%| F|  |TAMS 0x0000000093f00000, 0x0000000093f00000| Untracked 
| 290|0x0000000094000000, 0x0000000094000000, 0x0000000094100000|  0%| F|  |TAMS 0x0000000094000000, 0x0000000094000000| Untracked 
| 291|0x0000000094100000, 0x0000000094100000, 0x0000000094200000|  0%| F|  |TAMS 0x0000000094100000, 0x0000000094100000| Untracked 
| 292|0x0000000094200000, 0x0000000094200000, 0x0000000094300000|  0%| F|  |TAMS 0x0000000094200000, 0x0000000094200000| Untracked 
| 293|0x0000000094300000, 0x0000000094300000, 0x0000000094400000|  0%| F|  |TAMS 0x0000000094300000, 0x0000000094300000| Untracked 
| 294|0x0000000094400000, 0x0000000094400000, 0x0000000094500000|  0%| F|  |TAMS 0x0000000094400000, 0x0000000094400000| Untracked 
| 295|0x0000000094500000, 0x0000000094500000, 0x0000000094600000|  0%| F|  |TAMS 0x0000000094500000, 0x0000000094500000| Untracked 
| 296|0x0000000094600000, 0x0000000094600000, 0x0000000094700000|  0%| F|  |TAMS 0x0000000094600000, 0x0000000094600000| Untracked 
| 297|0x0000000094700000, 0x0000000094700000, 0x0000000094800000|  0%| F|  |TAMS 0x0000000094700000, 0x0000000094700000| Untracked 
| 298|0x0000000094800000, 0x0000000094800000, 0x0000000094900000|  0%| F|  |TAMS 0x0000000094800000, 0x0000000094800000| Untracked 
| 299|0x0000000094900000, 0x0000000094900000, 0x0000000094a00000|  0%| F|  |TAMS 0x0000000094900000, 0x0000000094900000| Untracked 
| 300|0x0000000094a00000, 0x0000000094a00000, 0x0000000094b00000|  0%| F|  |TAMS 0x0000000094a00000, 0x0000000094a00000| Untracked 
| 301|0x0000000094b00000, 0x0000000094b00000, 0x0000000094c00000|  0%| F|  |TAMS 0x0000000094b00000, 0x0000000094b00000| Untracked 
| 302|0x0000000094c00000, 0x0000000094c00000, 0x0000000094d00000|  0%| F|  |TAMS 0x0000000094c00000, 0x0000000094c00000| Untracked 
| 303|0x0000000094d00000, 0x0000000094d00000, 0x0000000094e00000|  0%| F|  |TAMS 0x0000000094d00000, 0x0000000094d00000| Untracked 
| 304|0x0000000094e00000, 0x0000000094e00000, 0x0000000094f00000|  0%| F|  |TAMS 0x0000000094e00000, 0x0000000094e00000| Untracked 
| 305|0x0000000094f00000, 0x0000000094f00000, 0x0000000095000000|  0%| F|  |TAMS 0x0000000094f00000, 0x0000000094f00000| Untracked 
| 306|0x0000000095000000, 0x0000000095000000, 0x0000000095100000|  0%| F|  |TAMS 0x0000000095000000, 0x0000000095000000| Untracked 
| 307|0x0000000095100000, 0x0000000095100000, 0x0000000095200000|  0%| F|  |TAMS 0x0000000095100000, 0x0000000095100000| Untracked 
| 308|0x0000000095200000, 0x0000000095200000, 0x0000000095300000|  0%| F|  |TAMS 0x0000000095200000, 0x0000000095200000| Untracked 
| 309|0x0000000095300000, 0x0000000095300000, 0x0000000095400000|  0%| F|  |TAMS 0x0000000095300000, 0x0000000095300000| Untracked 
| 310|0x0000000095400000, 0x00000000954d3098, 0x0000000095500000| 82%| S|CS|TAMS 0x0000000095400000, 0x0000000095400000| Complete 
| 311|0x0000000095500000, 0x0000000095500000, 0x0000000095600000|  0%| F|  |TAMS 0x0000000095500000, 0x0000000095500000| Untracked 
| 312|0x0000000095600000, 0x0000000095700000, 0x0000000095700000|100%| S|CS|TAMS 0x0000000095600000, 0x0000000095600000| Complete 
| 313|0x0000000095700000, 0x0000000095800000, 0x0000000095800000|100%| S|CS|TAMS 0x0000000095700000, 0x0000000095700000| Complete 
| 314|0x0000000095800000, 0x0000000095900000, 0x0000000095900000|100%| S|CS|TAMS 0x0000000095800000, 0x0000000095800000| Complete 
| 315|0x0000000095900000, 0x0000000095900000, 0x0000000095a00000|  0%| F|  |TAMS 0x0000000095900000, 0x0000000095900000| Untracked 
| 316|0x0000000095a00000, 0x0000000095a00000, 0x0000000095b00000|  0%| F|  |TAMS 0x0000000095a00000, 0x0000000095a00000| Untracked 

Card table byte_map: [0x0000024965070000,0x0000024965470000] _byte_map_base: 0x0000024964c61000

Marking Bits (Prev, Next): (CMBitMap*) 0x000002494e10dcf0, (CMBitMap*) 0x000002494e10dcb0
 Prev Bits: [0x0000024967800000, 0x0000024969788000)
 Next Bits: [0x0000024965870000, 0x00000249677f8000)

Polling page: 0x000002494c010000

Metaspace:

Usage:
  Non-class:      5.80 MB used.
      Class:    745.96 KB used.
       Both:      6.53 MB used.

Virtual space:
  Non-class space:        8.00 MB reserved,       5.94 MB ( 74%) committed,  1 nodes.
      Class space:        1.00 GB reserved,     832.00 KB ( <1%) committed,  1 nodes.
             Both:        1.01 GB reserved,       6.75 MB ( <1%) committed. 

Chunk freelists:
   Non-Class:  1.23 MB
       Class:  3.06 MB
        Both:  4.30 MB

MaxMetaspaceSize: unlimited
CompressedClassSpaceSize: 1.00 GB
Initial GC threshold: 21.00 MB
Current GC threshold: 21.00 MB
CDS: on
MetaspaceReclaimPolicy: balanced
 - commit_granule_bytes: 65536.
 - commit_granule_words: 8192.
 - virtual_space_node_default_size: 1048576.
 - enlarge_chunks_in_place: 1.
 - new_chunks_are_fully_committed: 0.
 - uncommit_free_chunks: 1.
 - use_allocation_guard: 0.
 - handle_deallocations: 1.


Internal statistics:

num_allocs_failed_limit: 0.
num_arena_births: 94.
num_arena_deaths: 0.
num_vsnodes_births: 2.
num_vsnodes_deaths: 0.
num_space_committed: 108.
num_space_uncommitted: 0.
num_chunks_returned_to_freelist: 0.
num_chunks_taken_from_freelist: 235.
num_chunk_merges: 0.
num_chunk_splits: 165.
num_chunks_enlarged: 131.
num_purges: 0.
num_inconsistent_stats: 0.

CodeHeap 'non-profiled nmethods': size=120000Kb used=529Kb max_used=529Kb free=119470Kb
 bounds [0x000002495d410000, 0x000002495d680000, 0x0000024964940000]
CodeHeap 'profiled nmethods': size=120000Kb used=2136Kb max_used=2136Kb free=117863Kb
 bounds [0x0000024955940000, 0x0000024955bb0000, 0x000002495ce70000]
CodeHeap 'non-nmethods': size=5760Kb used=1229Kb max_used=1252Kb free=4530Kb
 bounds [0x000002495ce70000, 0x000002495d0e0000, 0x000002495d410000]
 total_blobs=1833 nmethods=1293 adapters=453
 compilation: enabled
              stopped_count=0, restarted_count=0
 full_count=0

Compilation events (20 events):
Event: 9.067 Thread 0x000002496c1ebe30 nmethod 1285 0x0000024955b44110 code [0x0000024955b442e0, 0x0000024955b446c8]
Event: 9.068 Thread 0x000002496c1ebe30 1284       3       java.net.URI$Parser::checkChars (44 bytes)
Event: 9.068 Thread 0x000002496c1ebe30 nmethod 1284 0x0000024955b44810 code [0x0000024955b44a40, 0x0000024955b45088]
Event: 9.072 Thread 0x000002496d6e7040 nmethod 1276 0x000002495d491c90 code [0x000002495d491ec0, 0x000002495d4932c0]
Event: 9.074 Thread 0x000002496c1ebe30 1286       3       jdk.internal.module.Resources::mayTranslate (63 bytes)
Event: 9.075 Thread 0x000002496c1ebe30 nmethod 1286 0x0000024955b45310 code [0x0000024955b455a0, 0x0000024955b46218]
Event: 9.075 Thread 0x000002496c1ebe30 1287       3       java.io.WinNTFileSystem::normalizePrefix (132 bytes)
Event: 9.078 Thread 0x000002496c1ebe30 nmethod 1287 0x0000024955b46610 code [0x0000024955b46a40, 0x0000024955b48ac8]
Event: 9.078 Thread 0x000002496c1ebe30 1290       3       com.sun.javafx.iio.png.PNGImageLoader2::copy (76 bytes)
Event: 9.078 Thread 0x000002496c1ebe30 nmethod 1290 0x0000024955b49710 code [0x0000024955b49900, 0x0000024955b49cd8]
Event: 9.078 Thread 0x000002496c1ebe30 1288   !   3       java.net.URL::<init> (543 bytes)
Event: 9.083 Thread 0x000002496c1ebe30 nmethod 1288 0x0000024955b49e10 code [0x0000024955b4a4a0, 0x0000024955b4de88]
Event: 9.083 Thread 0x000002496c1ebe30 1289       3       java.net.URLStreamHandler::setURL (73 bytes)
Event: 9.084 Thread 0x000002496c1ebe30 nmethod 1289 0x0000024955b4ff90 code [0x0000024955b50260, 0x0000024955b510d8]
Event: 9.086 Thread 0x000002496c1e3520 nmethod 1282 0x000002495d493d10 code [0x000002495d493ec0, 0x000002495d494478]
Event: 9.087 Thread 0x000002496c1ebe30 1291       3       javafx.beans.property.ReadOnlyDoubleProperty::<init> (5 bytes)
Event: 9.087 Thread 0x000002496c1ebe30 nmethod 1291 0x0000024955b51610 code [0x0000024955b517c0, 0x0000024955b519f8]
Event: 9.087 Thread 0x000002496c1ebe30 1292       3       javafx.beans.binding.DoubleExpression::<init> (5 bytes)
Event: 9.087 Thread 0x000002496c1ebe30 nmethod 1292 0x0000024955b51b10 code [0x0000024955b51cc0, 0x0000024955b51e78]
Event: 9.094 Thread 0x000002496c1ebe30 1293       3       sun.nio.fs.WindowsPathParser::normalize (233 bytes)

GC Heap History (15 events):
Event: 6.828 GC heap before
{Heap before GC invocations=0 (full 0):
 garbage-first heap   total 131072K, used 22528K [0x0000000081e00000, 0x0000000100000000)
  region size 1024K, 23 young (23552K), 0 survivors (0K)
 Metaspace       used 5084K, committed 5312K, reserved 1056768K
  class space    used 526K, committed 640K, reserved 1048576K
}
Event: 6.840 GC heap after
{Heap after GC invocations=1 (full 0):
 garbage-first heap   total 131072K, used 3125K [0x0000000081e00000, 0x0000000100000000)
  region size 1024K, 3 young (3072K), 3 survivors (3072K)
 Metaspace       used 5084K, committed 5312K, reserved 1056768K
  class space    used 526K, committed 640K, reserved 1048576K
}
Event: 7.723 GC heap before
{Heap before GC invocations=1 (full 0):
 garbage-first heap   total 131072K, used 12341K [0x0000000081e00000, 0x0000000100000000)
  region size 1024K, 8 young (8192K), 3 survivors (3072K)
 Metaspace       used 6569K, committed 6784K, reserved 1056768K
  class space    used 734K, committed 832K, reserved 1048576K
}
Event: 7.727 GC heap after
{Heap after GC invocations=2 (full 0):
 garbage-first heap   total 131072K, used 9168K [0x0000000081e00000, 0x0000000100000000)
  region size 1024K, 1 young (1024K), 1 survivors (1024K)
 Metaspace       used 6569K, committed 6784K, reserved 1056768K
  class space    used 734K, committed 832K, reserved 1048576K
}
Event: 8.113 GC heap before
{Heap before GC invocations=2 (full 0):
 garbage-first heap   total 131072K, used 74704K [0x0000000081e00000, 0x0000000100000000)
  region size 1024K, 2 young (2048K), 1 survivors (1024K)
 Metaspace       used 6594K, committed 6784K, reserved 1056768K
  class space    used 736K, committed 832K, reserved 1048576K
}
Event: 8.115 GC heap after
{Heap after GC invocations=3 (full 0):
 garbage-first heap   total 131072K, used 74532K [0x0000000081e00000, 0x0000000100000000)
  region size 1024K, 1 young (1024K), 1 survivors (1024K)
 Metaspace       used 6594K, committed 6784K, reserved 1056768K
  class space    used 736K, committed 832K, reserved 1048576K
}
Event: 8.865 GC heap before
{Heap before GC invocations=4 (full 0):
 garbage-first heap   total 190464K, used 185124K [0x0000000081e00000, 0x0000000100000000)
  region size 1024K, 3 young (3072K), 1 survivors (1024K)
 Metaspace       used 6636K, committed 6784K, reserved 1056768K
  class space    used 744K, committed 832K, reserved 1048576K
}
Event: 8.867 GC heap after
{Heap after GC invocations=5 (full 0):
 garbage-first heap   total 190464K, used 184203K [0x0000000081e00000, 0x0000000100000000)
  region size 1024K, 1 young (1024K), 1 survivors (1024K)
 Metaspace       used 6636K, committed 6784K, reserved 1056768K
  class space    used 744K, committed 832K, reserved 1048576K
}
Event: 8.877 GC heap before
{Heap before GC invocations=5 (full 0):
 garbage-first heap   total 190464K, used 186251K [0x0000000081e00000, 0x0000000100000000)
  region size 1024K, 2 young (2048K), 1 survivors (1024K)
 Metaspace       used 6637K, committed 6784K, reserved 1056768K
  class space    used 744K, committed 832K, reserved 1048576K
}
Event: 8.882 GC heap after
{Heap after GC invocations=6 (full 0):
 garbage-first heap   total 190464K, used 186004K [0x0000000081e00000, 0x0000000100000000)
  region size 1024K, 1 young (1024K), 1 survivors (1024K)
 Metaspace       used 6637K, committed 6784K, reserved 1056768K
  class space    used 744K, committed 832K, reserved 1048576K
}
Event: 8.896 GC heap before
{Heap before GC invocations=6 (full 0):
 garbage-first heap   total 192512K, used 188052K [0x0000000081e00000, 0x0000000100000000)
  region size 1024K, 2 young (2048K), 1 survivors (1024K)
 Metaspace       used 6640K, committed 6784K, reserved 1056768K
  class space    used 744K, committed 832K, reserved 1048576K
}
Event: 8.897 GC heap after
{Heap after GC invocations=7 (full 0):
 garbage-first heap   total 192512K, used 188118K [0x0000000081e00000, 0x0000000100000000)
  region size 1024K, 1 young (1024K), 1 survivors (1024K)
 Metaspace       used 6640K, committed 6784K, reserved 1056768K
  class space    used 744K, committed 832K, reserved 1048576K
}
Event: 9.046 GC heap before
{Heap before GC invocations=8 (full 0):
 garbage-first heap   total 319488K, used 192214K [0x0000000081e00000, 0x0000000100000000)
  region size 1024K, 6 young (6144K), 1 survivors (1024K)
 Metaspace       used 6675K, committed 6912K, reserved 1056768K
  class space    used 745K, committed 832K, reserved 1048576K
}
Event: 9.048 GC heap after
{Heap after GC invocations=9 (full 0):
 garbage-first heap   total 319488K, used 191948K [0x0000000081e00000, 0x0000000100000000)
  region size 1024K, 2 young (2048K), 2 survivors (2048K)
 Metaspace       used 6675K, committed 6912K, reserved 1056768K
  class space    used 745K, committed 832K, reserved 1048576K
}
Event: 9.096 GC heap before
{Heap before GC invocations=10 (full 0):
 garbage-first heap   total 324608K, used 195020K [0x0000000081e00000, 0x0000000100000000)
  region size 1024K, 5 young (5120K), 2 survivors (2048K)
 Metaspace       used 6688K, committed 6912K, reserved 1056768K
  class space    used 745K, committed 832K, reserved 1048576K
}

Deoptimization events (20 events):
Event: 8.604 Thread 0x000002496dbd3f20 DEOPT PACKING pc=0x0000024955b2447f sp=0x0000007dbfdfc740
Event: 8.604 Thread 0x000002496dbd3f20 DEOPT UNPACKING pc=0x000002495cec2b43 sp=0x0000007dbfdfbbd0 mode 0
Event: 8.606 Thread 0x000002496dbd3f20 Uncommon trap: trap_request=0xffffff45 fr.pc=0x000002495d47df8c relative=0x00000000000006ec
Event: 8.606 Thread 0x000002496dbd3f20 Uncommon trap: reason=unstable_if action=reinterpret pc=0x000002495d47df8c method=com.sun.javafx.image.impl.ByteBgra$ToByteBgraPreConv.doConvert([BII[BIIII)V @ 31 c2
Event: 8.606 Thread 0x000002496dbd3f20 DEOPT PACKING pc=0x000002495d47df8c sp=0x0000007dbfdfc710
Event: 8.606 Thread 0x000002496dbd3f20 DEOPT UNPACKING pc=0x000002495cec23a3 sp=0x0000007dbfdfc6d0 mode 2
Event: 8.740 Thread 0x000002496dbd3f20 DEOPT PACKING pc=0x0000024955b2571b sp=0x0000007dbfdfc740
Event: 8.740 Thread 0x000002496dbd3f20 DEOPT UNPACKING pc=0x000002495cec2b43 sp=0x0000007dbfdfbbd0 mode 0
Event: 8.750 Thread 0x000002496dbd3f20 DEOPT PACKING pc=0x0000024955b2571b sp=0x0000007dbfdfc740
Event: 8.750 Thread 0x000002496dbd3f20 DEOPT UNPACKING pc=0x000002495cec2b43 sp=0x0000007dbfdfbbd0 mode 0
Event: 8.977 Thread 0x000002496dbd3f20 DEOPT PACKING pc=0x00000249559c42be sp=0x0000007dbfdfc6e0
Event: 8.977 Thread 0x000002496dbd3f20 DEOPT UNPACKING pc=0x000002495cec2b43 sp=0x0000007dbfdfbb58 mode 0
Event: 9.006 Thread 0x000002496dbd3f20 DEOPT PACKING pc=0x0000024955b336f3 sp=0x0000007dbfdfc700
Event: 9.006 Thread 0x000002496dbd3f20 DEOPT UNPACKING pc=0x000002495cec2b43 sp=0x0000007dbfdfbbe8 mode 0
Event: 9.026 Thread 0x000002496dbd3f20 DEOPT PACKING pc=0x0000024955b336f3 sp=0x0000007dbfdfc700
Event: 9.026 Thread 0x000002496dbd3f20 DEOPT UNPACKING pc=0x000002495cec2b43 sp=0x0000007dbfdfbbe8 mode 0
Event: 9.074 Thread 0x000002496dbd3f20 Uncommon trap: trap_request=0xffffff45 fr.pc=0x000002495d4836b8 relative=0x0000000000000118
Event: 9.074 Thread 0x000002496dbd3f20 Uncommon trap: reason=unstable_if action=reinterpret pc=0x000002495d4836b8 method=com.sun.javafx.iio.png.PNGImageLoader2.copy([B[BIII)V @ 10 c2
Event: 9.074 Thread 0x000002496dbd3f20 DEOPT PACKING pc=0x000002495d4836b8 sp=0x0000007dbfdfc5e0
Event: 9.074 Thread 0x000002496dbd3f20 DEOPT UNPACKING pc=0x000002495cec23a3 sp=0x0000007dbfdfc5a8 mode 2

Classes unloaded (0 events):
No events

Classes redefined (0 events):
No events

Internal exceptions (14 events):
Event: 0.179 Thread 0x000002494e0b6ee0 Exception <a 'java/lang/NoSuchMethodError'{0x0000000089a8a6f0}: 'java.lang.Object java.lang.invoke.DirectMethodHandle$Holder.invokeVirtual(java.lang.Object, java.lang.Object, java.lang.Object)'> (0x0000000089a8a6f0) 
thrown [s\open\src\hotspot\share\interpreter\linkResolver.cpp, line 759]
Event: 0.227 Thread 0x000002494e0b6ee0 Exception <a 'java/lang/NoSuchMethodError'{0x000000008989ced0}: 'void java.lang.invoke.DirectMethodHandle$Holder.invokeVirtual(java.lang.Object, java.lang.Object)'> (0x000000008989ced0) 
thrown [s\open\src\hotspot\share\interpreter\linkResolver.cpp, line 759]
Event: 0.352 Thread 0x000002496cdb8960 Exception <a 'java/lang/NoSuchMethodError'{0x0000000089598230}: 'java.lang.Object java.lang.invoke.DirectMethodHandle$Holder.invokeStaticInit(java.lang.Object)'> (0x0000000089598230) 
thrown [s\open\src\hotspot\share\interpreter\linkResolver.cpp, line 759]
Event: 0.358 Thread 0x000002496cdb8960 Exception <a 'java/lang/ClassNotFoundException'{0x00000000895a33f0}: jdk/net/ExtendedSocketOptions> (0x00000000895a33f0) 
thrown [s\open\src\hotspot\share\classfile\systemDictionary.cpp, line 256]
Event: 0.359 Thread 0x000002496cdb8960 Exception <a 'java/lang/NoSuchMethodError'{0x00000000895a4c88}: 'void java.lang.invoke.DirectMethodHandle$Holder.invokeStatic(java.lang.Object, java.lang.Object)'> (0x00000000895a4c88) 
thrown [s\open\src\hotspot\share\interpreter\linkResolver.cpp, line 759]
Event: 0.701 Thread 0x000002494e0b6ee0 Exception <a 'java/lang/NoSuchMethodError'{0x0000000088e13650}: 'void java.lang.invoke.DirectMethodHandle$Holder.invokeSpecial(java.lang.Object, java.lang.Object, java.lang.Object)'> (0x0000000088e13650) 
thrown [s\open\src\hotspot\share\interpreter\linkResolver.cpp, line 759]
Event: 0.714 Thread 0x000002494e0b6ee0 Exception <a 'java/lang/NoSuchMethodError'{0x0000000088e49b58}: 'void java.lang.invoke.DirectMethodHandle$Holder.invokeStatic(java.lang.Object, java.lang.Object, java.lang.Object)'> (0x0000000088e49b58) 
thrown [s\open\src\hotspot\share\interpreter\linkResolver.cpp, line 759]
Event: 0.741 Thread 0x000002494e0b6ee0 Exception <a 'java/lang/NoSuchMethodError'{0x0000000088e66618}: 'int java.lang.invoke.DirectMethodHandle$Holder.invokeStaticInit(java.lang.Object, java.lang.Object, java.lang.Object)'> (0x0000000088e66618) 
thrown [s\open\src\hotspot\share\interpreter\linkResolver.cpp, line 759]
Event: 0.766 Thread 0x000002494e0b6ee0 Exception <a 'java/lang/NoSuchMethodError'{0x0000000088d9a270}: 'java.lang.Object java.lang.invoke.DirectMethodHandle$Holder.newInvokeSpecial(java.lang.Object, java.lang.Object, int, java.lang.Object)'> (0x0000000088d9a270) 
thrown [s\open\src\hotspot\share\interpreter\linkResolver.cpp, line 759]
Event: 0.767 Thread 0x000002494e0b6ee0 Exception <a 'java/lang/NoSuchMethodError'{0x0000000088d9e650}: 'java.lang.Object java.lang.invoke.DirectMethodHandle$Holder.invokeSpecial(java.lang.Object, java.lang.Object, java.lang.Object, int, java.lang.Object)'> (0x0000000088d9e650) 
thrown [s\open\src\hotspot\share\interpreter\linkResolver.cpp, line 759]
Event: 0.830 Thread 0x000002496d6e0b50 Exception <a 'java/lang/NoSuchMethodError'{0x0000000088a27a40}: 'void java.lang.invoke.DirectMethodHandle$Holder.invokeStaticInit(java.lang.Object)'> (0x0000000088a27a40) 
thrown [s\open\src\hotspot\share\interpreter\linkResolver.cpp, line 759]
Event: 0.834 Thread 0x000002494e0b6ee0 Exception <a 'java/lang/NoSuchMethodError'{0x0000000088db3810}: 'java.lang.Object java.lang.invoke.DirectMethodHandle$Holder.newInvokeSpecial(java.lang.Object, java.lang.Object, java.lang.Object, java.lang.Object, java.lang.Object, java.lang.Object)'> (0x0000000088db3810) 
thrown [s\open\src\hotspot\share\interpreter\linkResolver.cpp, line 759]
Event: 7.025 Thread 0x000002496dbd3f20 Implicit null exception at 0x000002495d4539d5 to 0x000002495d453fe8
Event: 7.026 Thread 0x000002496dbd3f20 Implicit null exception at 0x000002495d46a852 to 0x000002495d46ae58

VM Operations (20 events):
Event: 8.122 Executing VM operation: G1Concurrent done
Event: 8.125 Executing VM operation: G1Concurrent
Event: 8.126 Executing VM operation: G1Concurrent done
Event: 8.864 Executing VM operation: G1CollectForAllocation
Event: 8.867 Executing VM operation: G1CollectForAllocation done
Event: 8.877 Executing VM operation: G1CollectForAllocation
Event: 8.882 Executing VM operation: G1CollectForAllocation done
Event: 8.895 Executing VM operation: G1TryInitiateConcMark
Event: 8.898 Executing VM operation: G1TryInitiateConcMark done
Event: 8.906 Executing VM operation: G1Concurrent
Event: 8.910 Executing VM operation: G1Concurrent done
Event: 8.913 Executing VM operation: G1Concurrent
Event: 8.913 Executing VM operation: G1Concurrent done
Event: 9.046 Executing VM operation: G1TryInitiateConcMark
Event: 9.048 Executing VM operation: G1TryInitiateConcMark done
Event: 9.054 Executing VM operation: G1Concurrent
Event: 9.055 Executing VM operation: G1Concurrent done
Event: 9.057 Executing VM operation: G1Concurrent
Event: 9.057 Executing VM operation: G1Concurrent done
Event: 9.096 Executing VM operation: G1TryInitiateConcMark

Events (20 events):
Event: 7.116 loading class jdk/internal/icu/text/ReplaceableString
Event: 7.116 loading class jdk/internal/icu/text/Replaceable
Event: 7.117 loading class jdk/internal/icu/text/Replaceable done
Event: 7.117 loading class jdk/internal/icu/text/ReplaceableString done
Event: 7.152 loading class sun/net/ProgressMonitor
Event: 7.153 loading class sun/net/ProgressMonitor done
Event: 7.154 loading class sun/net/DefaultProgressMeteringPolicy
Event: 7.154 loading class sun/net/ProgressMeteringPolicy
Event: 7.154 loading class sun/net/ProgressMeteringPolicy done
Event: 7.155 loading class sun/net/DefaultProgressMeteringPolicy done
Event: 7.156 loading class java/util/Vector$1
Event: 7.156 loading class java/util/Vector$1 done
Event: 7.177 Loaded shared library C:\Users\HAMAHANG\.openjfx\cache\19+11\amd64\javafx_iio.dll
Event: 7.301 loading class java/nio/FloatBuffer
Event: 7.301 loading class java/nio/FloatBuffer done
Event: 7.306 Thread 0x000002496da26020 Thread exited: 0x000002496da26020
Event: 7.375 Thread 0x000002496d9ab320 Thread exited: 0x000002496d9ab320
Event: 8.643 Thread 0x000002496da26020 Thread added: 0x000002496da26020
Event: 8.864 Thread 0x000002496da26020 Thread exited: 0x000002496da26020
Event: 9.005 Thread 0x000002496d6e7040 Thread added: 0x000002496d6e7040


Dynamic libraries:
0x00007ff7c5e50000 - 0x00007ff7c5e60000 	C:\Program Files\Java\jdk-17\bin\java.exe
0x00007fff3bbf0000 - 0x00007fff3bde8000 	C:\WINDOWS\SYSTEM32\ntdll.dll
0x00007fff39e30000 - 0x00007fff39eef000 	C:\WINDOWS\System32\KERNEL32.DLL
0x00007fff395d0000 - 0x00007fff398c6000 	C:\WINDOWS\System32\KERNELBASE.dll
0x00007fff398d0000 - 0x00007fff399d0000 	C:\WINDOWS\System32\ucrtbase.dll
0x00007fff345a0000 - 0x00007fff345bb000 	C:\Program Files\Java\jdk-17\bin\VCRUNTIME140.dll
0x00007fff345c0000 - 0x00007fff345d8000 	C:\Program Files\Java\jdk-17\bin\jli.dll
0x00007fff39cf0000 - 0x00007fff39d9f000 	C:\WINDOWS\System32\ADVAPI32.dll
0x00007fff39c50000 - 0x00007fff39cee000 	C:\WINDOWS\System32\msvcrt.dll
0x00007fff3ad20000 - 0x00007fff3adbc000 	C:\WINDOWS\System32\sechost.dll
0x00007fff3b260000 - 0x00007fff3b386000 	C:\WINDOWS\System32\RPCRT4.dll
0x00007fff3b6f0000 - 0x00007fff3b88d000 	C:\WINDOWS\System32\USER32.dll
0x00007fff25c40000 - 0x00007fff25eda000 	C:\WINDOWS\WinSxS\amd64_microsoft.windows.common-controls_6595b64144ccf1df_6.0.19041.1110_none_60b5254171f9507e\COMCTL32.dll
0x00007fff39530000 - 0x00007fff39552000 	C:\WINDOWS\System32\win32u.dll
0x00007fff3a000000 - 0x00007fff3a02c000 	C:\WINDOWS\System32\GDI32.dll
0x00007fff39a00000 - 0x00007fff39b15000 	C:\WINDOWS\System32\gdi32full.dll
0x00007fff39b20000 - 0x00007fff39bbd000 	C:\WINDOWS\System32\msvcp_win.dll
0x00007fff33000000 - 0x00007fff3300a000 	C:\WINDOWS\SYSTEM32\VERSION.dll
0x00007fff3adc0000 - 0x00007fff3adf0000 	C:\WINDOWS\System32\IMM32.DLL
0x00007fff34590000 - 0x00007fff3459c000 	C:\Program Files\Java\jdk-17\bin\vcruntime140_1.dll
0x00007fff34500000 - 0x00007fff3458e000 	C:\Program Files\Java\jdk-17\bin\msvcp140.dll
0x00007ffee78a0000 - 0x00007ffee8477000 	C:\Program Files\Java\jdk-17\bin\server\jvm.dll
0x00007fff39e00000 - 0x00007fff39e08000 	C:\WINDOWS\System32\PSAPI.DLL
0x00007fff263c0000 - 0x00007fff263e7000 	C:\WINDOWS\SYSTEM32\WINMM.dll
0x00007fff298c0000 - 0x00007fff298c9000 	C:\WINDOWS\SYSTEM32\WSOCK32.dll
0x00007fff3a990000 - 0x00007fff3a9fb000 	C:\WINDOWS\System32\WS2_32.dll
0x00007fff37b10000 - 0x00007fff37b22000 	C:\WINDOWS\SYSTEM32\kernel.appcore.dll
0x00007fff344f0000 - 0x00007fff344fa000 	C:\Program Files\Java\jdk-17\bin\jimage.dll
0x00007fff37080000 - 0x00007fff37264000 	C:\WINDOWS\SYSTEM32\DBGHELP.DLL
0x00007fff24480000 - 0x00007fff244b4000 	C:\WINDOWS\SYSTEM32\dbgcore.DLL
0x00007fff39bc0000 - 0x00007fff39c42000 	C:\WINDOWS\System32\bcryptPrimitives.dll
0x00007fff33c10000 - 0x00007fff33c1e000 	C:\Program Files\Java\jdk-17\bin\instrument.dll
0x00007fff342c0000 - 0x00007fff342e5000 	C:\Program Files\Java\jdk-17\bin\java.dll
0x00007fff33dc0000 - 0x00007fff33e97000 	C:\Program Files\Java\jdk-17\bin\jsvml.dll
0x00007fff3a240000 - 0x00007fff3a984000 	C:\WINDOWS\System32\SHELL32.dll
0x00007fff37360000 - 0x00007fff37af3000 	C:\WINDOWS\SYSTEM32\windows.storage.dll
0x00007fff3b390000 - 0x00007fff3b6e4000 	C:\WINDOWS\System32\combase.dll
0x00007fff38d20000 - 0x00007fff38d4e000 	C:\WINDOWS\SYSTEM32\Wldp.dll
0x00007fff3ac10000 - 0x00007fff3acbd000 	C:\WINDOWS\System32\SHCORE.dll
0x00007fff3acc0000 - 0x00007fff3ad15000 	C:\WINDOWS\System32\shlwapi.dll
0x00007fff39210000 - 0x00007fff3922f000 	C:\WINDOWS\SYSTEM32\profapi.dll
0x00007fff342a0000 - 0x00007fff342b9000 	C:\Program Files\Java\jdk-17\bin\net.dll
0x00007fff31580000 - 0x00007fff3168a000 	C:\WINDOWS\SYSTEM32\WINHTTP.dll
0x00007fff38a80000 - 0x00007fff38aea000 	C:\WINDOWS\system32\mswsock.dll
0x00007fff34280000 - 0x00007fff34296000 	C:\Program Files\Java\jdk-17\bin\nio.dll
0x00007fff33be0000 - 0x00007fff33bf8000 	C:\Program Files\Java\jdk-17\bin\zip.dll
0x00007fff10430000 - 0x00007fff1044a000 	C:\Program Files\JetBrains\IntelliJ IDEA 2022.2.1\bin\breakgen64.dll
0x000002494dff0000 - 0x000002494dff3000 	C:\Users\HAMAHANG\.openjfx\cache\19+11\amd64\api-ms-win-core-console-l1-1-0.dll
0x000002494e000000 - 0x000002494e003000 	C:\Users\HAMAHANG\.openjfx\cache\19+11\amd64\api-ms-win-core-console-l1-2-0.dll
0x000002494e010000 - 0x000002494e013000 	C:\Users\HAMAHANG\.openjfx\cache\19+11\amd64\api-ms-win-core-datetime-l1-1-0.dll
0x000002494e020000 - 0x000002494e023000 	C:\Users\HAMAHANG\.openjfx\cache\19+11\amd64\api-ms-win-core-debug-l1-1-0.dll
0x000002494e030000 - 0x000002494e033000 	C:\Users\HAMAHANG\.openjfx\cache\19+11\amd64\api-ms-win-core-errorhandling-l1-1-0.dll
0x000002494e040000 - 0x000002494e044000 	C:\Users\HAMAHANG\.openjfx\cache\19+11\amd64\api-ms-win-core-file-l1-1-0.dll
0x000002494e050000 - 0x000002494e053000 	C:\Users\HAMAHANG\.openjfx\cache\19+11\amd64\api-ms-win-core-file-l1-2-0.dll
0x000002494e060000 - 0x000002494e063000 	C:\Users\HAMAHANG\.openjfx\cache\19+11\amd64\api-ms-win-core-file-l2-1-0.dll
0x000002494e070000 - 0x000002494e073000 	C:\Users\HAMAHANG\.openjfx\cache\19+11\amd64\api-ms-win-core-handle-l1-1-0.dll
0x000002494e080000 - 0x000002494e083000 	C:\Users\HAMAHANG\.openjfx\cache\19+11\amd64\api-ms-win-core-heap-l1-1-0.dll
0x000002496c310000 - 0x000002496c313000 	C:\Users\HAMAHANG\.openjfx\cache\19+11\amd64\api-ms-win-core-interlocked-l1-1-0.dll
0x000002496c320000 - 0x000002496c323000 	C:\Users\HAMAHANG\.openjfx\cache\19+11\amd64\api-ms-win-core-libraryloader-l1-1-0.dll
0x000002496c330000 - 0x000002496c333000 	C:\Users\HAMAHANG\.openjfx\cache\19+11\amd64\api-ms-win-core-localization-l1-2-0.dll
0x000002496c340000 - 0x000002496c343000 	C:\Users\HAMAHANG\.openjfx\cache\19+11\amd64\api-ms-win-core-memory-l1-1-0.dll
0x000002496c350000 - 0x000002496c353000 	C:\Users\HAMAHANG\.openjfx\cache\19+11\amd64\api-ms-win-core-namedpipe-l1-1-0.dll
0x000002496c360000 - 0x000002496c363000 	C:\Users\HAMAHANG\.openjfx\cache\19+11\amd64\api-ms-win-core-processenvironment-l1-1-0.dll
0x000002496c370000 - 0x000002496c373000 	C:\Users\HAMAHANG\.openjfx\cache\19+11\amd64\api-ms-win-core-processthreads-l1-1-0.dll
0x000002496c380000 - 0x000002496c383000 	C:\Users\HAMAHANG\.openjfx\cache\19+11\amd64\api-ms-win-core-processthreads-l1-1-1.dll
0x000002496c390000 - 0x000002496c393000 	C:\Users\HAMAHANG\.openjfx\cache\19+11\amd64\api-ms-win-core-profile-l1-1-0.dll
0x000002496c3a0000 - 0x000002496c3a3000 	C:\Users\HAMAHANG\.openjfx\cache\19+11\amd64\api-ms-win-core-rtlsupport-l1-1-0.dll
0x000002496c3b0000 - 0x000002496c3b3000 	C:\Users\HAMAHANG\.openjfx\cache\19+11\amd64\api-ms-win-core-string-l1-1-0.dll
0x000002496c3c0000 - 0x000002496c3c3000 	C:\Users\HAMAHANG\.openjfx\cache\19+11\amd64\api-ms-win-core-synch-l1-1-0.dll
0x000002496c3d0000 - 0x000002496c3d3000 	C:\Users\HAMAHANG\.openjfx\cache\19+11\amd64\api-ms-win-core-synch-l1-2-0.dll
0x000002496c3e0000 - 0x000002496c3e3000 	C:\Users\HAMAHANG\.openjfx\cache\19+11\amd64\api-ms-win-core-sysinfo-l1-1-0.dll
0x000002496c3f0000 - 0x000002496c3f3000 	C:\Users\HAMAHANG\.openjfx\cache\19+11\amd64\api-ms-win-core-timezone-l1-1-0.dll
0x000002496d800000 - 0x000002496d803000 	C:\Users\HAMAHANG\.openjfx\cache\19+11\amd64\api-ms-win-core-util-l1-1-0.dll
0x000002496d810000 - 0x000002496d813000 	C:\Users\HAMAHANG\.openjfx\cache\19+11\amd64\api-ms-win-crt-conio-l1-1-0.dll
0x000002496d820000 - 0x000002496d824000 	C:\Users\HAMAHANG\.openjfx\cache\19+11\amd64\api-ms-win-crt-convert-l1-1-0.dll
0x000002496d830000 - 0x000002496d833000 	C:\Users\HAMAHANG\.openjfx\cache\19+11\amd64\api-ms-win-crt-environment-l1-1-0.dll
0x000002496d840000 - 0x000002496d843000 	C:\Users\HAMAHANG\.openjfx\cache\19+11\amd64\api-ms-win-crt-filesystem-l1-1-0.dll
0x000002496d850000 - 0x000002496d853000 	C:\Users\HAMAHANG\.openjfx\cache\19+11\amd64\api-ms-win-crt-heap-l1-1-0.dll
0x000002496d860000 - 0x000002496d863000 	C:\Users\HAMAHANG\.openjfx\cache\19+11\amd64\api-ms-win-crt-locale-l1-1-0.dll
0x000002496d870000 - 0x000002496d875000 	C:\Users\HAMAHANG\.openjfx\cache\19+11\amd64\api-ms-win-crt-math-l1-1-0.dll
0x000002496d880000 - 0x000002496d885000 	C:\Users\HAMAHANG\.openjfx\cache\19+11\amd64\api-ms-win-crt-multibyte-l1-1-0.dll
0x000002496d890000 - 0x000002496d8a0000 	C:\Users\HAMAHANG\.openjfx\cache\19+11\amd64\api-ms-win-crt-private-l1-1-0.dll
0x000002496d8a0000 - 0x000002496d8a3000 	C:\Users\HAMAHANG\.openjfx\cache\19+11\amd64\api-ms-win-crt-process-l1-1-0.dll
0x000002496d8b0000 - 0x000002496d8b4000 	C:\Users\HAMAHANG\.openjfx\cache\19+11\amd64\api-ms-win-crt-runtime-l1-1-0.dll
0x000002496d8c0000 - 0x000002496d8c4000 	C:\Users\HAMAHANG\.openjfx\cache\19+11\amd64\api-ms-win-crt-stdio-l1-1-0.dll
0x000002496d8d0000 - 0x000002496d8d4000 	C:\Users\HAMAHANG\.openjfx\cache\19+11\amd64\api-ms-win-crt-string-l1-1-0.dll
0x000002496d8e0000 - 0x000002496d8e3000 	C:\Users\HAMAHANG\.openjfx\cache\19+11\amd64\api-ms-win-crt-time-l1-1-0.dll
0x000002496d8f0000 - 0x000002496d8f3000 	C:\Users\HAMAHANG\.openjfx\cache\19+11\amd64\api-ms-win-crt-utility-l1-1-0.dll
0x00007fff00310000 - 0x00007fff0040c000 	C:\Users\HAMAHANG\.openjfx\cache\19+11\amd64\ucrtbase.dll
0x00007fff102e0000 - 0x00007fff102fb000 	C:\Users\HAMAHANG\.openjfx\cache\19+11\amd64\vcruntime140.dll
0x00007fff13280000 - 0x00007fff1328c000 	C:\Users\HAMAHANG\.openjfx\cache\19+11\amd64\vcruntime140_1.dll
0x00007fff00150000 - 0x00007fff001de000 	C:\Users\HAMAHANG\.openjfx\cache\19+11\amd64\msvcp140.dll
0x00007fff130f0000 - 0x00007fff130f9000 	C:\Users\HAMAHANG\.openjfx\cache\19+11\amd64\msvcp140_1.dll
0x00007fff10080000 - 0x00007fff100b0000 	C:\Users\HAMAHANG\.openjfx\cache\19+11\amd64\msvcp140_2.dll
0x00007fff0ff80000 - 0x00007fff0ffac000 	C:\Users\HAMAHANG\.openjfx\cache\19+11\amd64\prism_d3d.dll
0x00007fff28900000 - 0x00007fff28acd000 	C:\WINDOWS\system32\d3d9.dll
0x00007fff36c00000 - 0x00007fff36c2f000 	C:\WINDOWS\SYSTEM32\dwmapi.dll
0x00007fff36820000 - 0x00007fff368be000 	C:\WINDOWS\system32\uxtheme.dll
0x00007fff3aa10000 - 0x00007fff3ab3a000 	C:\WINDOWS\System32\ole32.dll
0x00007fff3ab40000 - 0x00007fff3ac0d000 	C:\WINDOWS\System32\OLEAUT32.dll
0x00007fff394e0000 - 0x00007fff3952e000 	C:\WINDOWS\System32\cfgmgr32.dll
0x00007fff399d0000 - 0x00007fff399f7000 	C:\WINDOWS\System32\bcrypt.dll
0x00007fff006d0000 - 0x00007fff00712000 	C:\Users\HAMAHANG\.openjfx\cache\19+11\amd64\glass.dll
0x00007fff3ba10000 - 0x00007fff3baea000 	C:\WINDOWS\System32\COMDLG32.dll
0x00007fff3b890000 - 0x00007fff3b9a4000 	C:\WINDOWS\System32\MSCTF.dll
0x00007fff2f8d0000 - 0x00007fff2f90b000 	C:\WINDOWS\SYSTEM32\dxcore.dll
0x00007fff33d70000 - 0x00007fff33d9d000 	C:\Users\HAMAHANG\.openjfx\cache\19+11\amd64\javafx_iio.dll

dbghelp: loaded successfully - version: 4.0.5 - missing functions: none
symbol engine: initialized successfully - sym options: 0x614 - pdb path: .;C:\Program Files\Java\jdk-17\bin;C:\WINDOWS\SYSTEM32;C:\WINDOWS\WinSxS\amd64_microsoft.windows.common-controls_6595b64144ccf1df_6.0.19041.1110_none_60b5254171f9507e;C:\Program Files\Java\jdk-17\bin\server;C:\Program Files\JetBrains\IntelliJ IDEA 2022.2.1\bin;C:\Users\HAMAHANG\.openjfx\cache\19+11\amd64;C:\WINDOWS\System32\DriverStore\FileRepository\igdlh64.inf_amd64_fb9939a7d714d646

VM Arguments:
jvm_args: -javaagent:C:\Program Files\JetBrains\IntelliJ IDEA 2022.2.1\lib\idea_rt.jar=2038:C:\Program Files\JetBrains\IntelliJ IDEA 2022.2.1\bin -Dfile.encoding=UTF-8 --module-path=C:\Users\HAMAHANG\.m2\repository\org\openjfx\javafx-graphics\19\javafx-graphics-19-win.jar;C:\Users\HAMAHANG\.m2\repository\com\google\code\gson\gson\2.10.1\gson-2.10.1.jar;C:\Users\HAMAHANG\.m2\repository\org\openjfx\javafx-base\19\javafx-base-19-win.jar;C:\Users\HAMAHANG\.m2\repository\org\openjfx\javafx-controls\19\javafx-controls-19-win.jar;C:\Users\HAMAHANG\.m2\repository\org\openjfx\javafx-fxml\19\javafx-fxml-19-win.jar;C:\Users\HAMAHANG\Documents\GitHub\project-group-43\phase3\Server\target\classes -Djdk.module.main=com.example.strongholdcrusader 
java_command: com.example.strongholdcrusader/view.RegisterMenu
java_class_path (initial): C:\Users\HAMAHANG\.m2\repository\com\fasterxml\jackson\core\jackson-databind\2.14.2\jackson-databind-2.14.2.jar;C:\Users\HAMAHANG\.m2\repository\com\fasterxml\jackson\core\jackson-annotations\2.14.2\jackson-annotations-2.14.2.jar;C:\Users\HAMAHANG\.m2\repository\com\fasterxml\jackson\core\jackson-core\2.14.2\jackson-core-2.14.2.jar;C:\Users\HAMAHANG\.m2\repository\org\openjfx\javafx-fxml\19\javafx-fxml-19.jar;C:\Users\HAMAHANG\.m2\repository\org\openjfx\javafx-controls\19\javafx-controls-19.jar;C:\Users\HAMAHANG\.m2\repository\org\openjfx\javafx-graphics\19\javafx-graphics-19.jar;C:\Users\HAMAHANG\.m2\repository\org\openjfx\javafx-base\19\javafx-base-19.jar;C:\Users\HAMAHANG\.m2\repository\com\googlecode\jinahya\ocap\1.2.3\ocap-1.2.3.jar;C:\Users\HAMAHANG\.m2\repository\com\googlecode\jinahya\ocap-api\1.2.3\ocap-api-1.2.3.jar;C:\Users\HAMAHANG\.m2\repository\com\googlecode\jinahya\ocap-ds\I05\ocap-ds-I05.jar;C:\Users\HAMAHANG\.m2\repository\com\googlecode\jinahya\ocap-dvr\I08\ocap-dvr-I08.jar;C:\Users\HAMAHANG\.m2\repository\com\googlecode\jinahya\ocap-fp\I05\ocap-fp-I05.jar;C:\Users\HAMAHANG\.m2\repository\com\googlecode\jinahya\ocap-hn\I09\ocap-hn-I09.jar
Launcher Type: SUN_STANDARD

[Global flags]
     intx CICompilerCount                          = 4                                         {product} {ergonomic}
     uint ConcGCThreads                            = 2                                         {product} {ergonomic}
     uint G1ConcRefinementThreads                  = 8                                         {product} {ergonomic}
   size_t G1HeapRegionSize                         = 1048576                                   {product} {ergonomic}
    uintx GCDrainStackTargetSize                   = 64                                        {product} {ergonomic}
   size_t InitialHeapSize                          = 134217728                                 {product} {ergonomic}
   size_t MarkStackSize                            = 4194304                                   {product} {ergonomic}
   size_t MaxHeapSize                              = 2116026368                                {product} {ergonomic}
   size_t MaxNewSize                               = 1268776960                                {product} {ergonomic}
   size_t MinHeapDeltaBytes                        = 1048576                                   {product} {ergonomic}
   size_t MinHeapSize                              = 8388608                                   {product} {ergonomic}
    uintx NonNMethodCodeHeapSize                   = 5839372                                {pd product} {ergonomic}
    uintx NonProfiledCodeHeapSize                  = 122909434                              {pd product} {ergonomic}
    uintx ProfiledCodeHeapSize                     = 122909434                              {pd product} {ergonomic}
    uintx ReservedCodeCacheSize                    = 251658240                              {pd product} {ergonomic}
     bool SegmentedCodeCache                       = true                                      {product} {ergonomic}
   size_t SoftMaxHeapSize                          = 2116026368                             {manageable} {ergonomic}
     bool UseCompressedClassPointers               = true                           {product lp64_product} {ergonomic}
     bool UseCompressedOops                        = true                           {product lp64_product} {ergonomic}
     bool UseG1GC                                  = true                                      {product} {ergonomic}
     bool UseLargePagesIndividualAllocation        = false                                  {pd product} {ergonomic}

Logging:
Log output configuration:
 #0: stdout all=warning uptime,level,tags
 #1: stderr all=off uptime,level,tags

Environment Variables:
PATH=C:\Program Files\Common Files\Oracle\Java\javapath;C:\Program Files (x86)\Common Files\Oracle\Java\javapath;C:\Program Files (x86)\Python38-32\Scripts\;C:\Program Files (x86)\Python38-32\;C:\Windows\system32;C:\Windows;C:\Windows\System32\Wbem;C:\Windows\System32\WindowsPowerShell\v1.0\;C:\Windows\System32\OpenSSH\;C:\Program Files (x86)\NVIDIA Corporation\PhysX\Common;C:\Program Files\NVIDIA Corporation\NVIDIA NvDLISR;C:\Program Files (x86)\Microsoft VS Code\bin;C:\WINDOWS\system32;C:\WINDOWS;C:\WINDOWS\System32\Wbem;C:\WINDOWS\System32\WindowsPowerShell\v1.0\;C:\WINDOWS\System32\OpenSSH\;C:\Program Files\Git\cmd;C:\MinGW\bin;C:\Program Files\Java\jdk1.8.0_202\bin;C:\Program Files\Java\jdk-17\bin;C:\Users\HAMAHANG\AppData\Local\Microsoft\WindowsApps;C:\Users\HAMAHANG\AppData\Local\GitHubDesktop\bin;C:\texlive\2022\bin\win32;C:\Program Files\JetBrains\IntelliJ IDEA 2022.2.1\bin;
USERNAME=HAMAHANG
OS=Windows_NT
PROCESSOR_IDENTIFIER=Intel64 Family 6 Model 142 Stepping 10, GenuineIntel



---------------  S Y S T E M  ---------------

OS:
 Windows 10 , 64 bit Build 19041 (10.0.19041.3031)
OS uptime: 0 days 1:35 hours

CPU: total 8 (initial active 8) (4 cores per cpu, 2 threads per core) family 6 model 142 stepping 10 microcode 0xb4, cx8, cmov, fxsr, ht, mmx, 3dnowpref, sse, sse2, sse3, ssse3, sse4.1, sse4.2, popcnt, lzcnt, tsc, tscinvbit, avx, avx2, aes, erms, clmul, bmi1, bmi2, adx, fma, vzeroupper, clflush, clflushopt

Memory: 4k page, system-wide physical 8070M (994M free)
TotalPageFile size 20426M (AvailPageFile size 234M)
current process WorkingSet (physical memory assigned to process): 257M, peak: 283M
current process commit charge ("private bytes"): 433M, peak: 747M

vm_info: Java HotSpot(TM) 64-Bit Server VM (17.0.6+9-LTS-190) for windows-amd64 JRE (17.0.6+9-LTS-190), built on Dec  6 2022 15:53:54 by "mach5one" with MS VC++ 17.1 (VS2022)

END.
