#
# There is insufficient memory for the Java Runtime Environment to continue.
# Native memory allocation (mmap) failed to map 41943040 bytes for G1 virtual space
# Possible reasons:
#   The system is out of physical RAM or swap space
#   The process is running with CompressedOops enabled, and the Java Heap may be blocking the growth of the native heap
# Possible solutions:
#   Reduce memory load on the system
#   Increase physical memory or swap space
#   Check if swap backing store is full
#   Decrease Java heap size (-Xmx/-Xms)
#   Decrease number of Java threads
#   Decrease Java thread stack sizes (-Xss)
#   Set larger code cache with -XX:ReservedCodeCacheSize=
#   JVM is running with Unscaled Compressed Oops mode in which the Java heap is
#     placed in the first 4GB address space. The Java Heap base address is the
#     maximum limit for the native heap growth. Please use -XX:HeapBaseMinAddress
#     to set the Java Heap base and to place the Java Heap above 4GB virtual address.
# This output file may be truncated or incomplete.
#
#  Out of Memory Error (os_windows.cpp:3550), pid=8180, tid=12388
#
# JRE version: Java(TM) SE Runtime Environment (17.0.6+9) (build 17.0.6+9-LTS-190)
# Java VM: Java HotSpot(TM) 64-Bit Server VM (17.0.6+9-LTS-190, mixed mode, sharing, tiered, compressed oops, compressed class ptrs, g1 gc, windows-amd64)
# No core dump will be written. Minidumps are not enabled by default on client versions of Windows
#

---------------  S U M M A R Y ------------

Command Line: -javaagent:C:\Program Files\JetBrains\IntelliJ IDEA 2022.2.1\lib\idea_rt.jar=2023:C:\Program Files\JetBrains\IntelliJ IDEA 2022.2.1\bin -Dfile.encoding=UTF-8 --module-path=C:\Users\HAMAHANG\.m2\repository\org\openjfx\javafx-controls\19\javafx-controls-19-win.jar;C:\Users\HAMAHANG\.m2\repository\org\openjfx\javafx-fxml\19\javafx-fxml-19-win.jar;C:\Users\HAMAHANG\Documents\GitHub\project-group-43\phase3\Client\target\classes;C:\Users\HAMAHANG\.m2\repository\com\google\code\gson\gson\2.10.1\gson-2.10.1.jar;C:\Users\HAMAHANG\.m2\repository\org\openjfx\javafx-base\19\javafx-base-19-win.jar;C:\Users\HAMAHANG\.m2\repository\org\openjfx\javafx-graphics\19\javafx-graphics-19-win.jar -Djdk.module.main=com.example.strongholdcrusader com.example.strongholdcrusader/view.RegisterMenu

Host: Intel(R) Core(TM) i7-8550U CPU @ 1.80GHz, 8 cores, 7G,  Windows 10 , 64 bit Build 19041 (10.0.19041.3031)
Time: Tue Jul  4 19:21:57 2023 Iran Standard Time elapsed time: 2.453843 seconds (0d 0h 0m 2s)

---------------  T H R E A D  ---------------

Current thread (0x00000289b7272870):  VMThread "VM Thread" [stack: 0x000000e4aed00000,0x000000e4aee00000] [id=12388]

Stack: [0x000000e4aed00000,0x000000e4aee00000]
Native frames: (J=compiled Java code, j=interpreted, Vv=VM code, C=native code)
V  [jvm.dll+0x6734ea]
V  [jvm.dll+0x7d18f4]
V  [jvm.dll+0x7d309e]
V  [jvm.dll+0x7d3703]
V  [jvm.dll+0x2433c5]
V  [jvm.dll+0x6703f9]
V  [jvm.dll+0x664d32]
V  [jvm.dll+0x300086]
V  [jvm.dll+0x307606]
V  [jvm.dll+0x356c1e]
V  [jvm.dll+0x356e4f]
V  [jvm.dll+0x2d72e8]
V  [jvm.dll+0x2d57e5]
V  [jvm.dll+0x2d4dec]
V  [jvm.dll+0x3186a1]
V  [jvm.dll+0x7d7f0b]
V  [jvm.dll+0x7d8c44]
V  [jvm.dll+0x7d915d]
V  [jvm.dll+0x7d9534]
V  [jvm.dll+0x7d9600]
V  [jvm.dll+0x781a7a]
V  [jvm.dll+0x672375]
C  [ucrtbase.dll+0x21bb2]
C  [KERNEL32.DLL+0x17614]
C  [ntdll.dll+0x526f1]

VM_Operation (0x000000e4af8fc628): G1TryInitiateConcMark, mode: safepoint, requested by thread 0x00000289b885b610


---------------  P R O C E S S  ---------------

Threads class SMR info:
_java_thread_list=0x00000289bd5b37e0, length=22, elements={
0x0000028997204480, 0x00000289b7276c00, 0x00000289b7278210, 0x00000289b728f340,
0x00000289b728fef0, 0x00000289b7293150, 0x00000289b7294b10, 0x00000289b72957f0,
0x00000289b72971d0, 0x00000289b72acb80, 0x00000289b7d473d0, 0x00000289b81773d0,
0x00000289b7fe9390, 0x00000289b8443f40, 0x00000289b860a010, 0x00000289b860f4f0,
0x00000289b87bba90, 0x00000289b885b610, 0x00000289b8895ad0, 0x00000289bd3025e0,
0x00000289bd391f20, 0x00000289bd834fe0
}

Java Threads: ( => current thread )
  0x0000028997204480 JavaThread "main" [_thread_blocked, id=3156, stack(0x000000e4ae700000,0x000000e4ae800000)]
  0x00000289b7276c00 JavaThread "Reference Handler" daemon [_thread_blocked, id=10928, stack(0x000000e4aee00000,0x000000e4aef00000)]
  0x00000289b7278210 JavaThread "Finalizer" daemon [_thread_blocked, id=6508, stack(0x000000e4aef00000,0x000000e4af000000)]
  0x00000289b728f340 JavaThread "Signal Dispatcher" daemon [_thread_blocked, id=10404, stack(0x000000e4af000000,0x000000e4af100000)]
  0x00000289b728fef0 JavaThread "Attach Listener" daemon [_thread_blocked, id=5784, stack(0x000000e4af100000,0x000000e4af200000)]
  0x00000289b7293150 JavaThread "Service Thread" daemon [_thread_blocked, id=1264, stack(0x000000e4af200000,0x000000e4af300000)]
  0x00000289b7294b10 JavaThread "Monitor Deflation Thread" daemon [_thread_blocked, id=8376, stack(0x000000e4af300000,0x000000e4af400000)]
  0x00000289b72957f0 JavaThread "C2 CompilerThread0" daemon [_thread_blocked, id=10976, stack(0x000000e4af400000,0x000000e4af500000)]
  0x00000289b72971d0 JavaThread "C1 CompilerThread0" daemon [_thread_blocked, id=4112, stack(0x000000e4af500000,0x000000e4af600000)]
  0x00000289b72acb80 JavaThread "Sweeper thread" daemon [_thread_blocked, id=10868, stack(0x000000e4af600000,0x000000e4af700000)]
  0x00000289b7d473d0 JavaThread "Common-Cleaner" daemon [_thread_blocked, id=1788, stack(0x000000e4af700000,0x000000e4af800000)]
  0x00000289b81773d0 JavaThread "Monitor Ctrl-Break" daemon [_thread_in_native, id=3100, stack(0x000000e4afa00000,0x000000e4afb00000)]
  0x00000289b7fe9390 JavaThread "Notification Thread" daemon [_thread_blocked, id=8544, stack(0x000000e4afb00000,0x000000e4afc00000)]
  0x00000289b8443f40 JavaThread "QuantumRenderer-0" daemon [_thread_blocked, id=1368, stack(0x000000e4af900000,0x000000e4afa00000)]
  0x00000289b860a010 JavaThread "InvokeLaterDispatcher" daemon [_thread_blocked, id=12860, stack(0x000000e4afe00000,0x000000e4aff00000)]
  0x00000289b860f4f0 JavaThread "JavaFX Application Thread" [_thread_blocked, id=2148, stack(0x000000e4aff00000,0x000000e4b0000000)]
  0x00000289b87bba90 JavaThread "Thread-1" daemon [_thread_blocked, id=3020, stack(0x000000e4b0300000,0x000000e4b0400000)]
  0x00000289b885b610 JavaThread "Thread-2" [_thread_blocked, id=6048, stack(0x000000e4af800000,0x000000e4af900000)]
  0x00000289b8895ad0 JavaThread "JavaFX-Launcher" [_thread_blocked, id=1644, stack(0x000000e4b0400000,0x000000e4b0500000)]
  0x00000289bd3025e0 JavaThread "Prism Font Disposer" daemon [_thread_blocked, id=3264, stack(0x000000e4b0c00000,0x000000e4b0d00000)]
  0x00000289bd391f20 JavaThread "C2 CompilerThread1" daemon [_thread_blocked, id=4536, stack(0x000000e4b1100000,0x000000e4b1200000)]
  0x00000289bd834fe0 JavaThread "C2 CompilerThread2" daemon [_thread_blocked, id=12040, stack(0x000000e4b1200000,0x000000e4b1300000)]

Other Threads:
=>0x00000289b7272870 VMThread "VM Thread" [stack: 0x000000e4aed00000,0x000000e4aee00000] [id=12388]
  0x0000028997278d70 WatcherThread [stack: 0x000000e4afc00000,0x000000e4afd00000] [id=7864]
  0x000002899725ca80 GCTaskThread "GC Thread#0" [stack: 0x000000e4ae800000,0x000000e4ae900000] [id=12744]
  0x00000289b8844050 GCTaskThread "GC Thread#1" [stack: 0x000000e4b0500000,0x000000e4b0600000] [id=4576]
  0x00000289b87d1840 GCTaskThread "GC Thread#2" [stack: 0x000000e4b0600000,0x000000e4b0700000] [id=11324]
  0x00000289b87e1230 GCTaskThread "GC Thread#3" [stack: 0x000000e4b0700000,0x000000e4b0800000] [id=9496]
  0x00000289b8844f40 GCTaskThread "GC Thread#4" [stack: 0x000000e4b0800000,0x000000e4b0900000] [id=9596]
  0x00000289b88a8820 GCTaskThread "GC Thread#5" [stack: 0x000000e4b0900000,0x000000e4b0a00000] [id=3736]
  0x00000289b88a8ee0 GCTaskThread "GC Thread#6" [stack: 0x000000e4b0a00000,0x000000e4b0b00000] [id=3232]
  0x00000289b88a9190 GCTaskThread "GC Thread#7" [stack: 0x000000e4b0b00000,0x000000e4b0c00000] [id=10492]
  0x000002899726d600 ConcurrentGCThread "G1 Main Marker" [stack: 0x000000e4ae900000,0x000000e4aea00000] [id=4128]
  0x000002899726e7b0 ConcurrentGCThread "G1 Conc#0" [stack: 0x000000e4aea00000,0x000000e4aeb00000] [id=4912]
  0x00000289bd5ef560 ConcurrentGCThread "G1 Conc#1" [stack: 0x000000e4b0d00000,0x000000e4b0e00000] [id=9040]
  0x00000289972d8060 ConcurrentGCThread "G1 Refine#0" [stack: 0x000000e4aeb00000,0x000000e4aec00000] [id=420]
  0x00000289972d8a80 ConcurrentGCThread "G1 Service" [stack: 0x000000e4aec00000,0x000000e4aed00000] [id=6260]

Threads with active compile tasks:
C2 CompilerThread0     2508 2144       4       com.sun.javafx.css.StyleMap::getCascadingStyles (384 bytes)
C1 CompilerThread0     2509 2164   !   3       javafx.scene.CssStyleHelper::transitionToState (1033 bytes)
C2 CompilerThread2     2509 2149       4       javafx.scene.CssStyleHelper::getStyle (162 bytes)

VM state: at safepoint (normal execution)

VM Mutex/Monitor currently owned by a thread:  ([mutex/lock_event])
[0x00000289971ff8b0] Threads_lock - owner thread: 0x00000289b7272870
[0x0000028997200000] Heap_lock - owner thread: 0x00000289b885b610

Heap address: 0x0000000081e00000, size: 2018 MB, Compressed Oops mode: 32-bit

CDS archive(s) mapped at: [0x0000000800000000-0x0000000800bd0000-0x0000000800bd0000), size 12386304, SharedBaseAddress: 0x0000000800000000, ArchiveRelocationMode: 0.
Compressed class space mapped at: 0x0000000800c00000-0x0000000840c00000, reserved size: 1073741824
Narrow klass base: 0x0000000800000000, Narrow klass shift: 0, Narrow klass range: 0x100000000

GC Precious Log:
 CPUs: 8 total, 8 available
 Memory: 8070M
 Large Page Support: Disabled
 NUMA Support: Disabled
 Compressed Oops: Enabled (32-bit)
 Heap Region Size: 1M
 Heap Min Capacity: 8M
 Heap Initial Capacity: 128M
 Heap Max Capacity: 2018M
 Pre-touch: Disabled
 Parallel Workers: 8
 Concurrent Workers: 2
 Concurrent Refinement Workers: 8
 Periodic GC: Disabled

Heap:
 garbage-first heap   total 202752K, used 115099K [0x0000000081e00000, 0x0000000100000000)
  region size 1024K, 3 young (3072K), 3 survivors (3072K)
 Metaspace       used 15387K, committed 15680K, reserved 1064960K
  class space    used 2343K, committed 2496K, reserved 1048576K

Heap Regions: E=young(eden), S=young(survivor), O=old, HS=humongous(starts), HC=humongous(continues), CS=collection set, F=free, OA=open archive, CA=closed archive, TAMS=top-at-mark-start (previous, next)
|   0|0x0000000081e00000, 0x0000000081f00000, 0x0000000081f00000|100%| O|  |TAMS 0x0000000081f00000, 0x0000000081f00000| Untracked 
|   1|0x0000000081f00000, 0x0000000082000000, 0x0000000082000000|100%|HS|  |TAMS 0x0000000082000000, 0x0000000082000000| Complete 
|   2|0x0000000082000000, 0x0000000082100000, 0x0000000082100000|100%|HC|  |TAMS 0x0000000082100000, 0x0000000082100000| Complete 
|   3|0x0000000082100000, 0x0000000082200000, 0x0000000082200000|100%|HC|  |TAMS 0x0000000082200000, 0x0000000082200000| Complete 
|   4|0x0000000082200000, 0x0000000082300000, 0x0000000082300000|100%|HC|  |TAMS 0x0000000082300000, 0x0000000082300000| Complete 
|   5|0x0000000082300000, 0x0000000082400000, 0x0000000082400000|100%|HC|  |TAMS 0x0000000082400000, 0x0000000082400000| Complete 
|   6|0x0000000082400000, 0x0000000082500000, 0x0000000082500000|100%|HS|  |TAMS 0x0000000082500000, 0x0000000082500000| Complete 
|   7|0x0000000082500000, 0x0000000082600000, 0x0000000082600000|100%|HC|  |TAMS 0x0000000082600000, 0x0000000082600000| Complete 
|   8|0x0000000082600000, 0x0000000082700000, 0x0000000082700000|100%|HS|  |TAMS 0x0000000082700000, 0x0000000082700000| Complete 
|   9|0x0000000082700000, 0x0000000082800000, 0x0000000082800000|100%|HC|  |TAMS 0x0000000082800000, 0x0000000082800000| Complete 
|  10|0x0000000082800000, 0x0000000082900000, 0x0000000082900000|100%| O|  |TAMS 0x0000000082900000, 0x0000000082900000| Untracked 
|  11|0x0000000082900000, 0x0000000082a00000, 0x0000000082a00000|100%| O|  |TAMS 0x0000000082a00000, 0x0000000082a00000| Untracked 
|  12|0x0000000082a00000, 0x0000000082b00000, 0x0000000082b00000|100%| O|  |TAMS 0x0000000082b00000, 0x0000000082b00000| Untracked 
|  13|0x0000000082b00000, 0x0000000082c00000, 0x0000000082c00000|100%|HS|  |TAMS 0x0000000082c00000, 0x0000000082c00000| Complete 
|  14|0x0000000082c00000, 0x0000000082d00000, 0x0000000082d00000|100%|HC|  |TAMS 0x0000000082d00000, 0x0000000082d00000| Complete 
|  15|0x0000000082d00000, 0x0000000082e00000, 0x0000000082e00000|100%|HC|  |TAMS 0x0000000082e00000, 0x0000000082e00000| Complete 
|  16|0x0000000082e00000, 0x0000000082f00000, 0x0000000082f00000|100%|HC|  |TAMS 0x0000000082f00000, 0x0000000082f00000| Complete 
|  17|0x0000000082f00000, 0x0000000083000000, 0x0000000083000000|100%|HC|  |TAMS 0x0000000083000000, 0x0000000083000000| Complete 
|  18|0x0000000083000000, 0x0000000083100000, 0x0000000083100000|100%|HC|  |TAMS 0x0000000083100000, 0x0000000083100000| Complete 
|  19|0x0000000083100000, 0x0000000083200000, 0x0000000083200000|100%|HC|  |TAMS 0x0000000083200000, 0x0000000083200000| Complete 
|  20|0x0000000083200000, 0x0000000083300000, 0x0000000083300000|100%|HC|  |TAMS 0x0000000083300000, 0x0000000083300000| Complete 
|  21|0x0000000083300000, 0x0000000083400000, 0x0000000083400000|100%|HC|  |TAMS 0x0000000083400000, 0x0000000083400000| Complete 
|  22|0x0000000083400000, 0x0000000083500000, 0x0000000083500000|100%|HC|  |TAMS 0x0000000083500000, 0x0000000083500000| Complete 
|  23|0x0000000083500000, 0x0000000083600000, 0x0000000083600000|100%|HC|  |TAMS 0x0000000083600000, 0x0000000083600000| Complete 
|  24|0x0000000083600000, 0x0000000083700000, 0x0000000083700000|100%|HC|  |TAMS 0x0000000083700000, 0x0000000083700000| Complete 
|  25|0x0000000083700000, 0x0000000083800000, 0x0000000083800000|100%|HC|  |TAMS 0x0000000083800000, 0x0000000083800000| Complete 
|  26|0x0000000083800000, 0x0000000083900000, 0x0000000083900000|100%|HC|  |TAMS 0x0000000083900000, 0x0000000083900000| Complete 
|  27|0x0000000083900000, 0x0000000083a00000, 0x0000000083a00000|100%|HC|  |TAMS 0x0000000083a00000, 0x0000000083a00000| Complete 
|  28|0x0000000083a00000, 0x0000000083b00000, 0x0000000083b00000|100%|HC|  |TAMS 0x0000000083b00000, 0x0000000083b00000| Complete 
|  29|0x0000000083b00000, 0x0000000083c00000, 0x0000000083c00000|100%|HC|  |TAMS 0x0000000083c00000, 0x0000000083c00000| Complete 
|  30|0x0000000083c00000, 0x0000000083d00000, 0x0000000083d00000|100%|HC|  |TAMS 0x0000000083d00000, 0x0000000083d00000| Complete 
|  31|0x0000000083d00000, 0x0000000083e00000, 0x0000000083e00000|100%|HC|  |TAMS 0x0000000083e00000, 0x0000000083e00000| Complete 
|  32|0x0000000083e00000, 0x0000000083f00000, 0x0000000083f00000|100%|HC|  |TAMS 0x0000000083f00000, 0x0000000083f00000| Complete 
|  33|0x0000000083f00000, 0x0000000084000000, 0x0000000084000000|100%|HC|  |TAMS 0x0000000084000000, 0x0000000084000000| Complete 
|  34|0x0000000084000000, 0x0000000084100000, 0x0000000084100000|100%|HC|  |TAMS 0x0000000084100000, 0x0000000084100000| Complete 
|  35|0x0000000084100000, 0x0000000084200000, 0x0000000084200000|100%|HC|  |TAMS 0x0000000084200000, 0x0000000084200000| Complete 
|  36|0x0000000084200000, 0x0000000084300000, 0x0000000084300000|100%|HC|  |TAMS 0x0000000084300000, 0x0000000084300000| Complete 
|  37|0x0000000084300000, 0x0000000084400000, 0x0000000084400000|100%|HC|  |TAMS 0x0000000084400000, 0x0000000084400000| Complete 
|  38|0x0000000084400000, 0x0000000084500000, 0x0000000084500000|100%|HC|  |TAMS 0x0000000084500000, 0x0000000084500000| Complete 
|  39|0x0000000084500000, 0x0000000084600000, 0x0000000084600000|100%|HC|  |TAMS 0x0000000084600000, 0x0000000084600000| Complete 
|  40|0x0000000084600000, 0x0000000084700000, 0x0000000084700000|100%|HC|  |TAMS 0x0000000084700000, 0x0000000084700000| Complete 
|  41|0x0000000084700000, 0x0000000084800000, 0x0000000084800000|100%|HC|  |TAMS 0x0000000084800000, 0x0000000084800000| Complete 
|  42|0x0000000084800000, 0x0000000084900000, 0x0000000084900000|100%|HC|  |TAMS 0x0000000084900000, 0x0000000084900000| Complete 
|  43|0x0000000084900000, 0x0000000084a00000, 0x0000000084a00000|100%|HC|  |TAMS 0x0000000084a00000, 0x0000000084a00000| Complete 
|  44|0x0000000084a00000, 0x0000000084b00000, 0x0000000084b00000|100%|HC|  |TAMS 0x0000000084b00000, 0x0000000084b00000| Complete 
|  45|0x0000000084b00000, 0x0000000084c00000, 0x0000000084c00000|100%|HC|  |TAMS 0x0000000084c00000, 0x0000000084c00000| Complete 
|  46|0x0000000084c00000, 0x0000000084d00000, 0x0000000084d00000|100%|HC|  |TAMS 0x0000000084d00000, 0x0000000084d00000| Complete 
|  47|0x0000000084d00000, 0x0000000084e00000, 0x0000000084e00000|100%|HC|  |TAMS 0x0000000084e00000, 0x0000000084e00000| Complete 
|  48|0x0000000084e00000, 0x0000000084f00000, 0x0000000084f00000|100%|HC|  |TAMS 0x0000000084f00000, 0x0000000084f00000| Complete 
|  49|0x0000000084f00000, 0x0000000085000000, 0x0000000085000000|100%|HC|  |TAMS 0x0000000085000000, 0x0000000085000000| Complete 
|  50|0x0000000085000000, 0x0000000085100000, 0x0000000085100000|100%|HC|  |TAMS 0x0000000085100000, 0x0000000085100000| Complete 
|  51|0x0000000085100000, 0x0000000085200000, 0x0000000085200000|100%|HC|  |TAMS 0x0000000085200000, 0x0000000085200000| Complete 
|  52|0x0000000085200000, 0x0000000085300000, 0x0000000085300000|100%|HC|  |TAMS 0x0000000085300000, 0x0000000085300000| Complete 
|  53|0x0000000085300000, 0x0000000085400000, 0x0000000085400000|100%|HC|  |TAMS 0x0000000085400000, 0x0000000085400000| Complete 
|  54|0x0000000085400000, 0x0000000085500000, 0x0000000085500000|100%|HC|  |TAMS 0x0000000085500000, 0x0000000085500000| Complete 
|  55|0x0000000085500000, 0x0000000085600000, 0x0000000085600000|100%|HC|  |TAMS 0x0000000085600000, 0x0000000085600000| Complete 
|  56|0x0000000085600000, 0x0000000085700000, 0x0000000085700000|100%|HC|  |TAMS 0x0000000085700000, 0x0000000085700000| Complete 
|  57|0x0000000085700000, 0x0000000085800000, 0x0000000085800000|100%|HC|  |TAMS 0x0000000085800000, 0x0000000085800000| Complete 
|  58|0x0000000085800000, 0x0000000085900000, 0x0000000085900000|100%|HC|  |TAMS 0x0000000085900000, 0x0000000085900000| Complete 
|  59|0x0000000085900000, 0x0000000085a00000, 0x0000000085a00000|100%|HC|  |TAMS 0x0000000085a00000, 0x0000000085a00000| Complete 
|  60|0x0000000085a00000, 0x0000000085b00000, 0x0000000085b00000|100%|HC|  |TAMS 0x0000000085b00000, 0x0000000085b00000| Complete 
|  61|0x0000000085b00000, 0x0000000085c00000, 0x0000000085c00000|100%|HC|  |TAMS 0x0000000085c00000, 0x0000000085c00000| Complete 
|  62|0x0000000085c00000, 0x0000000085d00000, 0x0000000085d00000|100%|HC|  |TAMS 0x0000000085d00000, 0x0000000085d00000| Complete 
|  63|0x0000000085d00000, 0x0000000085e00000, 0x0000000085e00000|100%|HC|  |TAMS 0x0000000085e00000, 0x0000000085e00000| Complete 
|  64|0x0000000085e00000, 0x0000000085f00000, 0x0000000085f00000|100%|HC|  |TAMS 0x0000000085f00000, 0x0000000085f00000| Complete 
|  65|0x0000000085f00000, 0x0000000086000000, 0x0000000086000000|100%|HC|  |TAMS 0x0000000086000000, 0x0000000086000000| Complete 
|  66|0x0000000086000000, 0x0000000086100000, 0x0000000086100000|100%|HC|  |TAMS 0x0000000086100000, 0x0000000086100000| Complete 
|  67|0x0000000086100000, 0x0000000086200000, 0x0000000086200000|100%|HC|  |TAMS 0x0000000086200000, 0x0000000086200000| Complete 
|  68|0x0000000086200000, 0x0000000086300000, 0x0000000086300000|100%|HC|  |TAMS 0x0000000086300000, 0x0000000086300000| Complete 
|  69|0x0000000086300000, 0x0000000086400000, 0x0000000086400000|100%|HC|  |TAMS 0x0000000086400000, 0x0000000086400000| Complete 
|  70|0x0000000086400000, 0x0000000086500000, 0x0000000086500000|100%|HC|  |TAMS 0x0000000086500000, 0x0000000086500000| Complete 
|  71|0x0000000086500000, 0x0000000086600000, 0x0000000086600000|100%|HS|  |TAMS 0x0000000086600000, 0x0000000086600000| Complete 
|  72|0x0000000086600000, 0x0000000086700000, 0x0000000086700000|100%|HC|  |TAMS 0x0000000086700000, 0x0000000086700000| Complete 
|  73|0x0000000086700000, 0x0000000086800000, 0x0000000086800000|100%|HC|  |TAMS 0x0000000086800000, 0x0000000086800000| Complete 
|  74|0x0000000086800000, 0x0000000086900000, 0x0000000086900000|100%| O|  |TAMS 0x0000000086900000, 0x0000000086900000| Untracked 
|  75|0x0000000086900000, 0x0000000086a00000, 0x0000000086a00000|100%| O|  |TAMS 0x0000000086a00000, 0x0000000086a00000| Untracked 
|  76|0x0000000086a00000, 0x0000000086aa9600, 0x0000000086b00000| 66%| O|  |TAMS 0x0000000086aa9600, 0x0000000086aa9600| Untracked 
|  77|0x0000000086b00000, 0x0000000086c00000, 0x0000000086c00000|100%|HS|  |TAMS 0x0000000086c00000, 0x0000000086c00000| Complete 
|  78|0x0000000086c00000, 0x0000000086d00000, 0x0000000086d00000|100%|HC|  |TAMS 0x0000000086d00000, 0x0000000086d00000| Complete 
|  79|0x0000000086d00000, 0x0000000086e00000, 0x0000000086e00000|100%|HS|  |TAMS 0x0000000086e00000, 0x0000000086e00000| Complete 
|  80|0x0000000086e00000, 0x0000000086f00000, 0x0000000086f00000|100%|HC|  |TAMS 0x0000000086f00000, 0x0000000086f00000| Complete 
|  81|0x0000000086f00000, 0x0000000087000000, 0x0000000087000000|100%|HS|  |TAMS 0x0000000087000000, 0x0000000087000000| Complete 
|  82|0x0000000087000000, 0x0000000087100000, 0x0000000087100000|100%|HC|  |TAMS 0x0000000087100000, 0x0000000087100000| Complete 
|  83|0x0000000087100000, 0x0000000087200000, 0x0000000087200000|100%|HS|  |TAMS 0x0000000087200000, 0x0000000087200000| Complete 
|  84|0x0000000087200000, 0x0000000087300000, 0x0000000087300000|100%|HC|  |TAMS 0x0000000087300000, 0x0000000087300000| Complete 
|  85|0x0000000087300000, 0x0000000087400000, 0x0000000087400000|100%|HS|  |TAMS 0x0000000087400000, 0x0000000087400000| Complete 
|  86|0x0000000087400000, 0x0000000087500000, 0x0000000087500000|100%|HC|  |TAMS 0x0000000087500000, 0x0000000087500000| Complete 
|  87|0x0000000087500000, 0x0000000087600000, 0x0000000087600000|100%|HS|  |TAMS 0x0000000087600000, 0x0000000087600000| Complete 
|  88|0x0000000087600000, 0x0000000087700000, 0x0000000087700000|100%|HC|  |TAMS 0x0000000087700000, 0x0000000087700000| Complete 
|  89|0x0000000087700000, 0x0000000087800000, 0x0000000087800000|100%|HS|  |TAMS 0x0000000087800000, 0x0000000087800000| Complete 
|  90|0x0000000087800000, 0x0000000087900000, 0x0000000087900000|100%|HS|  |TAMS 0x0000000087900000, 0x0000000087900000| Complete 
|  91|0x0000000087900000, 0x0000000087a00000, 0x0000000087a00000|100%|HC|  |TAMS 0x0000000087a00000, 0x0000000087a00000| Complete 
|  92|0x0000000087a00000, 0x0000000087b00000, 0x0000000087b00000|100%|HS|  |TAMS 0x0000000087b00000, 0x0000000087b00000| Complete 
|  93|0x0000000087b00000, 0x0000000087c00000, 0x0000000087c00000|100%|HC|  |TAMS 0x0000000087c00000, 0x0000000087c00000| Complete 
|  94|0x0000000087c00000, 0x0000000087d00000, 0x0000000087d00000|100%|HS|  |TAMS 0x0000000087d00000, 0x0000000087d00000| Complete 
|  95|0x0000000087d00000, 0x0000000087e00000, 0x0000000087e00000|100%|HC|  |TAMS 0x0000000087e00000, 0x0000000087e00000| Complete 
|  96|0x0000000087e00000, 0x0000000087f00000, 0x0000000087f00000|100%|HS|  |TAMS 0x0000000087f00000, 0x0000000087f00000| Complete 
|  97|0x0000000087f00000, 0x0000000088000000, 0x0000000088000000|100%|HC|  |TAMS 0x0000000088000000, 0x0000000088000000| Complete 
|  98|0x0000000088000000, 0x0000000088100000, 0x0000000088100000|100%|HS|  |TAMS 0x0000000088100000, 0x0000000088100000| Complete 
|  99|0x0000000088100000, 0x0000000088200000, 0x0000000088200000|100%|HC|  |TAMS 0x0000000088200000, 0x0000000088200000| Complete 
| 100|0x0000000088200000, 0x0000000088300000, 0x0000000088300000|100%|HS|  |TAMS 0x0000000088300000, 0x0000000088300000| Complete 
| 101|0x0000000088300000, 0x0000000088400000, 0x0000000088400000|100%|HC|  |TAMS 0x0000000088400000, 0x0000000088400000| Complete 
| 102|0x0000000088400000, 0x0000000088500000, 0x0000000088500000|100%|HS|  |TAMS 0x0000000088500000, 0x0000000088500000| Complete 
| 103|0x0000000088500000, 0x0000000088600000, 0x0000000088600000|100%|HC|  |TAMS 0x0000000088600000, 0x0000000088600000| Complete 
| 104|0x0000000088600000, 0x0000000088700000, 0x0000000088700000|100%|HS|  |TAMS 0x0000000088700000, 0x0000000088700000| Complete 
| 105|0x0000000088700000, 0x0000000088800000, 0x0000000088800000|100%|HC|  |TAMS 0x0000000088800000, 0x0000000088800000| Complete 
| 106|0x0000000088800000, 0x0000000088900000, 0x0000000088900000|100%|HS|  |TAMS 0x0000000088800000, 0x0000000088900000| Complete 
| 107|0x0000000088900000, 0x0000000088a00000, 0x0000000088a00000|100%|HC|  |TAMS 0x0000000088900000, 0x0000000088a00000| Complete 
| 108|0x0000000088a00000, 0x0000000088b00000, 0x0000000088b00000|100%|HS|  |TAMS 0x0000000088a00000, 0x0000000088b00000| Complete 
| 109|0x0000000088b00000, 0x0000000088c00000, 0x0000000088c00000|100%|HC|  |TAMS 0x0000000088b00000, 0x0000000088c00000| Complete 
| 110|0x0000000088c00000, 0x0000000088c00000, 0x0000000088d00000|  0%| F|  |TAMS 0x0000000088c00000, 0x0000000088c00000| Untracked 
| 111|0x0000000088d00000, 0x0000000088d00000, 0x0000000088e00000|  0%| F|  |TAMS 0x0000000088d00000, 0x0000000088d00000| Untracked 
| 112|0x0000000088e00000, 0x0000000088e00000, 0x0000000088f00000|  0%| F|  |TAMS 0x0000000088e00000, 0x0000000088e00000| Untracked 
| 113|0x0000000088f00000, 0x0000000088f00000, 0x0000000089000000|  0%| F|  |TAMS 0x0000000088f00000, 0x0000000088f00000| Untracked 
| 114|0x0000000089000000, 0x0000000089000000, 0x0000000089100000|  0%| F|  |TAMS 0x0000000089000000, 0x0000000089000000| Untracked 
| 115|0x0000000089100000, 0x0000000089100000, 0x0000000089200000|  0%| F|  |TAMS 0x0000000089100000, 0x0000000089100000| Untracked 
| 116|0x0000000089200000, 0x0000000089200000, 0x0000000089300000|  0%| F|  |TAMS 0x0000000089200000, 0x0000000089200000| Untracked 
| 117|0x0000000089300000, 0x0000000089300000, 0x0000000089400000|  0%| F|  |TAMS 0x0000000089300000, 0x0000000089300000| Untracked 
| 118|0x0000000089400000, 0x0000000089400000, 0x0000000089500000|  0%| F|  |TAMS 0x0000000089400000, 0x0000000089400000| Untracked 
| 119|0x0000000089500000, 0x0000000089500000, 0x0000000089600000|  0%| F|  |TAMS 0x0000000089500000, 0x0000000089500000| Untracked 
| 120|0x0000000089600000, 0x0000000089600000, 0x0000000089700000|  0%| F|  |TAMS 0x0000000089600000, 0x0000000089600000| Untracked 
| 121|0x0000000089700000, 0x0000000089700000, 0x0000000089800000|  0%| F|  |TAMS 0x0000000089700000, 0x0000000089700000| Untracked 
| 122|0x0000000089800000, 0x0000000089800000, 0x0000000089900000|  0%| F|  |TAMS 0x0000000089800000, 0x0000000089800000| Untracked 
| 123|0x0000000089900000, 0x0000000089900000, 0x0000000089a00000|  0%| F|  |TAMS 0x0000000089900000, 0x0000000089900000| Untracked 
| 124|0x0000000089a00000, 0x0000000089a00000, 0x0000000089b00000|  0%| F|  |TAMS 0x0000000089a00000, 0x0000000089a00000| Untracked 
| 125|0x0000000089b00000, 0x0000000089b00000, 0x0000000089c00000|  0%| F|  |TAMS 0x0000000089b00000, 0x0000000089b00000| Untracked 
| 126|0x0000000089c00000, 0x0000000089c00000, 0x0000000089d00000|  0%| F|  |TAMS 0x0000000089c00000, 0x0000000089c00000| Untracked 
| 127|0x0000000089d00000, 0x0000000089d00000, 0x0000000089e00000|  0%| F|  |TAMS 0x0000000089d00000, 0x0000000089d00000| Untracked 
| 128|0x0000000089e00000, 0x0000000089e00000, 0x0000000089f00000|  0%| F|  |TAMS 0x0000000089e00000, 0x0000000089e00000| Untracked 
| 129|0x0000000089f00000, 0x0000000089f00000, 0x000000008a000000|  0%| F|  |TAMS 0x0000000089f00000, 0x0000000089f00000| Untracked 
| 130|0x000000008a000000, 0x000000008a000000, 0x000000008a100000|  0%| F|  |TAMS 0x000000008a000000, 0x000000008a000000| Untracked 
| 131|0x000000008a100000, 0x000000008a100000, 0x000000008a200000|  0%| F|  |TAMS 0x000000008a100000, 0x000000008a100000| Untracked 
| 132|0x000000008a200000, 0x000000008a200000, 0x000000008a300000|  0%| F|  |TAMS 0x000000008a200000, 0x000000008a200000| Untracked 
| 133|0x000000008a300000, 0x000000008a300000, 0x000000008a400000|  0%| F|  |TAMS 0x000000008a300000, 0x000000008a300000| Untracked 
| 134|0x000000008a400000, 0x000000008a400000, 0x000000008a500000|  0%| F|  |TAMS 0x000000008a400000, 0x000000008a400000| Untracked 
| 135|0x000000008a500000, 0x000000008a500000, 0x000000008a600000|  0%| F|  |TAMS 0x000000008a500000, 0x000000008a500000| Untracked 
| 136|0x000000008a600000, 0x000000008a600000, 0x000000008a700000|  0%| F|  |TAMS 0x000000008a600000, 0x000000008a600000| Untracked 
| 137|0x000000008a700000, 0x000000008a700000, 0x000000008a800000|  0%| F|  |TAMS 0x000000008a700000, 0x000000008a700000| Untracked 
| 138|0x000000008a800000, 0x000000008a800000, 0x000000008a900000|  0%| F|  |TAMS 0x000000008a800000, 0x000000008a800000| Untracked 
| 139|0x000000008a900000, 0x000000008a900000, 0x000000008aa00000|  0%| F|  |TAMS 0x000000008a900000, 0x000000008a900000| Untracked 
| 140|0x000000008aa00000, 0x000000008aa00000, 0x000000008ab00000|  0%| F|  |TAMS 0x000000008aa00000, 0x000000008aa00000| Untracked 
| 141|0x000000008ab00000, 0x000000008ab00000, 0x000000008ac00000|  0%| F|  |TAMS 0x000000008ab00000, 0x000000008ab00000| Untracked 
| 142|0x000000008ac00000, 0x000000008ac00000, 0x000000008ad00000|  0%| F|  |TAMS 0x000000008ac00000, 0x000000008ac00000| Untracked 
| 143|0x000000008ad00000, 0x000000008ad00000, 0x000000008ae00000|  0%| F|  |TAMS 0x000000008ad00000, 0x000000008ad00000| Untracked 
| 144|0x000000008ae00000, 0x000000008ae00000, 0x000000008af00000|  0%| F|  |TAMS 0x000000008ae00000, 0x000000008ae00000| Untracked 
| 145|0x000000008af00000, 0x000000008af00000, 0x000000008b000000|  0%| F|  |TAMS 0x000000008af00000, 0x000000008af00000| Untracked 
| 146|0x000000008b000000, 0x000000008b000000, 0x000000008b100000|  0%| F|  |TAMS 0x000000008b000000, 0x000000008b000000| Untracked 
| 147|0x000000008b100000, 0x000000008b100000, 0x000000008b200000|  0%| F|  |TAMS 0x000000008b100000, 0x000000008b100000| Untracked 
| 148|0x000000008b200000, 0x000000008b200000, 0x000000008b300000|  0%| F|  |TAMS 0x000000008b200000, 0x000000008b200000| Untracked 
| 149|0x000000008b300000, 0x000000008b300000, 0x000000008b400000|  0%| F|  |TAMS 0x000000008b300000, 0x000000008b300000| Untracked 
| 150|0x000000008b400000, 0x000000008b400000, 0x000000008b500000|  0%| F|  |TAMS 0x000000008b400000, 0x000000008b400000| Untracked 
| 151|0x000000008b500000, 0x000000008b500000, 0x000000008b600000|  0%| F|  |TAMS 0x000000008b500000, 0x000000008b500000| Untracked 
| 152|0x000000008b600000, 0x000000008b600000, 0x000000008b700000|  0%| F|  |TAMS 0x000000008b600000, 0x000000008b600000| Untracked 
| 153|0x000000008b700000, 0x000000008b700000, 0x000000008b800000|  0%| F|  |TAMS 0x000000008b700000, 0x000000008b700000| Untracked 
| 154|0x000000008b800000, 0x000000008b800000, 0x000000008b900000|  0%| F|  |TAMS 0x000000008b800000, 0x000000008b800000| Untracked 
| 155|0x000000008b900000, 0x000000008b900000, 0x000000008ba00000|  0%| F|  |TAMS 0x000000008b900000, 0x000000008b900000| Untracked 
| 156|0x000000008ba00000, 0x000000008ba00000, 0x000000008bb00000|  0%| F|  |TAMS 0x000000008ba00000, 0x000000008ba00000| Untracked 
| 157|0x000000008bb00000, 0x000000008bb00000, 0x000000008bc00000|  0%| F|  |TAMS 0x000000008bb00000, 0x000000008bb00000| Untracked 
| 158|0x000000008bc00000, 0x000000008bc00000, 0x000000008bd00000|  0%| F|  |TAMS 0x000000008bc00000, 0x000000008bc00000| Untracked 
| 159|0x000000008bd00000, 0x000000008bd00000, 0x000000008be00000|  0%| F|  |TAMS 0x000000008bd00000, 0x000000008bd00000| Untracked 
| 160|0x000000008be00000, 0x000000008be00000, 0x000000008bf00000|  0%| F|  |TAMS 0x000000008be00000, 0x000000008be00000| Untracked 
| 161|0x000000008bf00000, 0x000000008bf00000, 0x000000008c000000|  0%| F|  |TAMS 0x000000008bf00000, 0x000000008bf00000| Untracked 
| 162|0x000000008c000000, 0x000000008c000000, 0x000000008c100000|  0%| F|  |TAMS 0x000000008c000000, 0x000000008c000000| Untracked 
| 163|0x000000008c100000, 0x000000008c100000, 0x000000008c200000|  0%| F|  |TAMS 0x000000008c100000, 0x000000008c100000| Untracked 
| 164|0x000000008c200000, 0x000000008c200000, 0x000000008c300000|  0%| F|  |TAMS 0x000000008c200000, 0x000000008c200000| Untracked 
| 165|0x000000008c300000, 0x000000008c300000, 0x000000008c400000|  0%| F|  |TAMS 0x000000008c300000, 0x000000008c300000| Untracked 
| 166|0x000000008c400000, 0x000000008c400000, 0x000000008c500000|  0%| F|  |TAMS 0x000000008c400000, 0x000000008c400000| Untracked 
| 167|0x000000008c500000, 0x000000008c500000, 0x000000008c600000|  0%| F|  |TAMS 0x000000008c500000, 0x000000008c500000| Untracked 
| 168|0x000000008c600000, 0x000000008c600000, 0x000000008c700000|  0%| F|  |TAMS 0x000000008c600000, 0x000000008c600000| Untracked 
| 169|0x000000008c700000, 0x000000008c700000, 0x000000008c800000|  0%| F|  |TAMS 0x000000008c700000, 0x000000008c700000| Untracked 
| 170|0x000000008c800000, 0x000000008c800000, 0x000000008c900000|  0%| F|  |TAMS 0x000000008c800000, 0x000000008c800000| Untracked 
| 171|0x000000008c900000, 0x000000008c900000, 0x000000008ca00000|  0%| F|  |TAMS 0x000000008c900000, 0x000000008c900000| Untracked 
| 172|0x000000008ca00000, 0x000000008ca00000, 0x000000008cb00000|  0%| F|  |TAMS 0x000000008ca00000, 0x000000008ca00000| Untracked 
| 173|0x000000008cb00000, 0x000000008cb00000, 0x000000008cc00000|  0%| F|  |TAMS 0x000000008cb00000, 0x000000008cb00000| Untracked 
| 174|0x000000008cc00000, 0x000000008cc00000, 0x000000008cd00000|  0%| F|  |TAMS 0x000000008cc00000, 0x000000008cc00000| Untracked 
| 175|0x000000008cd00000, 0x000000008cd00000, 0x000000008ce00000|  0%| F|  |TAMS 0x000000008cd00000, 0x000000008cd00000| Untracked 
| 176|0x000000008ce00000, 0x000000008ce00000, 0x000000008cf00000|  0%| F|  |TAMS 0x000000008ce00000, 0x000000008ce00000| Untracked 
| 177|0x000000008cf00000, 0x000000008cf00000, 0x000000008d000000|  0%| F|  |TAMS 0x000000008cf00000, 0x000000008cf00000| Untracked 
| 178|0x000000008d000000, 0x000000008d000000, 0x000000008d100000|  0%| F|  |TAMS 0x000000008d000000, 0x000000008d000000| Untracked 
| 179|0x000000008d100000, 0x000000008d100000, 0x000000008d200000|  0%| F|  |TAMS 0x000000008d100000, 0x000000008d100000| Untracked 
| 180|0x000000008d200000, 0x000000008d200000, 0x000000008d300000|  0%| F|  |TAMS 0x000000008d200000, 0x000000008d200000| Untracked 
| 181|0x000000008d300000, 0x000000008d300000, 0x000000008d400000|  0%| F|  |TAMS 0x000000008d300000, 0x000000008d300000| Untracked 
| 182|0x000000008d400000, 0x000000008d400000, 0x000000008d500000|  0%| F|  |TAMS 0x000000008d400000, 0x000000008d400000| Untracked 
| 183|0x000000008d500000, 0x000000008d500000, 0x000000008d600000|  0%| F|  |TAMS 0x000000008d500000, 0x000000008d500000| Untracked 
| 184|0x000000008d600000, 0x000000008d600000, 0x000000008d700000|  0%| F|  |TAMS 0x000000008d600000, 0x000000008d600000| Untracked 
| 185|0x000000008d700000, 0x000000008d700000, 0x000000008d800000|  0%| F|  |TAMS 0x000000008d700000, 0x000000008d700000| Untracked 
| 186|0x000000008d800000, 0x000000008d800000, 0x000000008d900000|  0%| F|  |TAMS 0x000000008d800000, 0x000000008d800000| Untracked 
| 187|0x000000008d900000, 0x000000008d900000, 0x000000008da00000|  0%| F|  |TAMS 0x000000008d900000, 0x000000008d900000| Untracked 
| 188|0x000000008da00000, 0x000000008da00000, 0x000000008db00000|  0%| F|  |TAMS 0x000000008da00000, 0x000000008da00000| Untracked 
| 189|0x000000008db00000, 0x000000008db00000, 0x000000008dc00000|  0%| F|  |TAMS 0x000000008db00000, 0x000000008db00000| Untracked 
| 190|0x000000008dc00000, 0x000000008dc00000, 0x000000008dd00000|  0%| F|  |TAMS 0x000000008dc00000, 0x000000008dc00000| Untracked 
| 191|0x000000008dd00000, 0x000000008dd00000, 0x000000008de00000|  0%| F|  |TAMS 0x000000008dd00000, 0x000000008dd00000| Untracked 
| 192|0x000000008de00000, 0x000000008de00000, 0x000000008df00000|  0%| F|  |TAMS 0x000000008de00000, 0x000000008de00000| Untracked 
| 193|0x000000008df00000, 0x000000008dfbd6b8, 0x000000008e000000| 73%| S|CS|TAMS 0x000000008df00000, 0x000000008df00000| Complete 
| 194|0x000000008e000000, 0x000000008e100000, 0x000000008e100000|100%| S|CS|TAMS 0x000000008e000000, 0x000000008e000000| Complete 
| 195|0x000000008e100000, 0x000000008e200000, 0x000000008e200000|100%| S|CS|TAMS 0x000000008e100000, 0x000000008e100000| Complete 
| 196|0x000000008e200000, 0x000000008e200000, 0x000000008e300000|  0%| F|  |TAMS 0x000000008e200000, 0x000000008e200000| Untracked 
| 197|0x000000008e300000, 0x000000008e300000, 0x000000008e400000|  0%| F|  |TAMS 0x000000008e300000, 0x000000008e300000| Untracked 

Card table byte_map: [0x00000289b00e0000,0x00000289b04e0000] _byte_map_base: 0x00000289afcd1000

Marking Bits (Prev, Next): (CMBitMap*) 0x000002899725d0d0, (CMBitMap*) 0x000002899725d090
 Prev Bits: [0x00000289b2870000, 0x00000289b47f8000)
 Next Bits: [0x00000289b08e0000, 0x00000289b2868000)

Polling page: 0x00000289972e0000

Metaspace:

Usage:
  Non-class:     12.74 MB used.
      Class:      2.29 MB used.
       Both:     15.03 MB used.

Virtual space:
  Non-class space:       16.00 MB reserved,      12.88 MB ( 80%) committed,  2 nodes.
      Class space:        1.00 GB reserved,       2.44 MB ( <1%) committed,  1 nodes.
             Both:        1.02 GB reserved,      15.31 MB (  1%) committed. 

Chunk freelists:
   Non-Class:  2.36 MB
       Class:  1.61 MB
        Both:  3.97 MB

MaxMetaspaceSize: unlimited
CompressedClassSpaceSize: 1.00 GB
Initial GC threshold: 21.00 MB
Current GC threshold: 25.31 MB
CDS: on
MetaspaceReclaimPolicy: balanced
 - commit_granule_bytes: 65536.
 - commit_granule_words: 8192.
 - virtual_space_node_default_size: 1048576.
 - enlarge_chunks_in_place: 1.
 - new_chunks_are_fully_committed: 0.
 - uncommit_free_chunks: 1.
 - use_allocation_guard: 0.
 - handle_deallocations: 1.


Internal statistics:

num_allocs_failed_limit: 0.
num_arena_births: 172.
num_arena_deaths: 0.
num_vsnodes_births: 3.
num_vsnodes_deaths: 0.
num_space_committed: 245.
num_space_uncommitted: 0.
num_chunks_returned_to_freelist: 0.
num_chunks_taken_from_freelist: 639.
num_chunk_merges: 0.
num_chunk_splits: 444.
num_chunks_enlarged: 353.
num_purges: 0.
num_inconsistent_stats: 0.

CodeHeap 'non-profiled nmethods': size=120000Kb used=794Kb max_used=794Kb free=119205Kb
 bounds [0x00000289a7d50000, 0x00000289a7fc0000, 0x00000289af280000]
CodeHeap 'profiled nmethods': size=120000Kb used=3916Kb max_used=3916Kb free=116083Kb
 bounds [0x00000289a0280000, 0x00000289a0660000, 0x00000289a77b0000]
CodeHeap 'non-nmethods': size=5760Kb used=1374Kb max_used=1402Kb free=4385Kb
 bounds [0x00000289a77b0000, 0x00000289a7a20000, 0x00000289a7d50000]
 total_blobs=2884 nmethods=2160 adapters=636
 compilation: enabled
              stopped_count=0, restarted_count=0
 full_count=0

Compilation events (20 events):
Event: 2.443 Thread 0x00000289b72971d0 nmethod 2154 0x00000289a064ed10 code [0x00000289a064ef40, 0x00000289a064fb38]
Event: 2.443 Thread 0x00000289b72971d0 2155       3       java.util.concurrent.ConcurrentHashMap::remove (8 bytes)
Event: 2.443 Thread 0x00000289b72971d0 nmethod 2155 0x00000289a064fe90 code [0x00000289a0650040, 0x00000289a0650188]
Event: 2.443 Thread 0x00000289b72971d0 2153       1       com.sun.javafx.geom.transform.BaseTransform::getMyy (2 bytes)
Event: 2.443 Thread 0x00000289b72971d0 nmethod 2153 0x00000289a7e16490 code [0x00000289a7e16640, 0x00000289a7e16718]
Event: 2.444 Thread 0x00000289b72971d0 2156       3       jdk.internal.org.objectweb.asm.ClassWriter::visitField (53 bytes)
Event: 2.444 Thread 0x00000289b72971d0 nmethod 2156 0x00000289a0650210 code [0x00000289a06503c0, 0x00000289a0650728]
Event: 2.445 Thread 0x00000289b72971d0 2157       3       java.lang.invoke.MethodHandles$Lookup::getDirectConstructorCommon (69 bytes)
Event: 2.446 Thread 0x00000289b72971d0 nmethod 2157 0x00000289a0650890 code [0x00000289a0650b00, 0x00000289a0651638]
Event: 2.446 Thread 0x00000289b72971d0 2158       3       java.lang.invoke.MemberName::asConstructor (58 bytes)
Event: 2.446 Thread 0x00000289b72971d0 nmethod 2158 0x00000289a0651a10 code [0x00000289a0651c20, 0x00000289a0652228]
Event: 2.447 Thread 0x00000289b72971d0 2159       3       javafx.css.StyleConverter::getInsetsConverter (4 bytes)
Event: 2.447 Thread 0x00000289b72971d0 nmethod 2159 0x00000289a0652490 code [0x00000289a0652620, 0x00000289a0652778]
Event: 2.447 Thread 0x00000289b72971d0 2160       3       com.sun.javafx.text.PrismTextLayout::relayout (46 bytes)
Event: 2.447 Thread 0x00000289b72971d0 nmethod 2160 0x00000289a0652810 code [0x00000289a06529c0, 0x00000289a0652c48]
Event: 2.447 Thread 0x00000289b72971d0 2161       1       javafx.scene.text.Font::getNativeFont (5 bytes)
Event: 2.447 Thread 0x00000289b72971d0 nmethod 2161 0x00000289a7e16790 code [0x00000289a7e16920, 0x00000289a7e169f8]
Event: 2.447 Thread 0x00000289b72971d0 2162       3       javafx.beans.property.StringPropertyBase::get (32 bytes)
Event: 2.448 Thread 0x00000289b72971d0 nmethod 2162 0x00000289a0652d10 code [0x00000289a0652ec0, 0x00000289a06531e8]
Event: 2.448 Thread 0x00000289b72971d0 2164   !   3       javafx.scene.CssStyleHelper::transitionToState (1033 bytes)

GC Heap History (20 events):
Event: 2.103 GC heap after
{Heap after GC invocations=5 (full 0):
 garbage-first heap   total 135168K, used 80092K [0x0000000081e00000, 0x0000000100000000)
  region size 1024K, 2 young (2048K), 2 survivors (2048K)
 Metaspace       used 13819K, committed 14016K, reserved 1064960K
  class space    used 1961K, committed 2048K, reserved 1048576K
}
Event: 2.172 GC heap before
{Heap before GC invocations=6 (full 0):
 garbage-first heap   total 140288K, used 83164K [0x0000000081e00000, 0x0000000100000000)
  region size 1024K, 4 young (4096K), 2 survivors (2048K)
 Metaspace       used 14145K, committed 14336K, reserved 1064960K
  class space    used 2052K, committed 2112K, reserved 1048576K
}
Event: 2.175 GC heap after
{Heap after GC invocations=7 (full 0):
 garbage-first heap   total 168960K, used 82003K [0x0000000081e00000, 0x0000000100000000)
  region size 1024K, 2 young (2048K), 2 survivors (2048K)
 Metaspace       used 14145K, committed 14336K, reserved 1064960K
  class space    used 2052K, committed 2112K, reserved 1048576K
}
Event: 2.224 GC heap before
{Heap before GC invocations=8 (full 0):
 garbage-first heap   total 168960K, used 88147K [0x0000000081e00000, 0x0000000100000000)
  region size 1024K, 5 young (5120K), 2 survivors (2048K)
 Metaspace       used 14742K, committed 14976K, reserved 1064960K
  class space    used 2261K, committed 2368K, reserved 1048576K
}
Event: 2.227 GC heap after
{Heap after GC invocations=9 (full 0):
 garbage-first heap   total 168960K, used 86263K [0x0000000081e00000, 0x0000000100000000)
  region size 1024K, 2 young (2048K), 2 survivors (2048K)
 Metaspace       used 14742K, committed 14976K, reserved 1064960K
  class space    used 2261K, committed 2368K, reserved 1048576K
}
Event: 2.261 GC heap before
{Heap before GC invocations=10 (full 0):
 garbage-first heap   total 168960K, used 89335K [0x0000000081e00000, 0x0000000100000000)
  region size 1024K, 4 young (4096K), 2 survivors (2048K)
 Metaspace       used 15026K, committed 15296K, reserved 1064960K
  class space    used 2298K, committed 2432K, reserved 1048576K
}
Event: 2.264 GC heap after
{Heap after GC invocations=11 (full 0):
 garbage-first heap   total 168960K, used 88465K [0x0000000081e00000, 0x0000000100000000)
  region size 1024K, 2 young (2048K), 2 survivors (2048K)
 Metaspace       used 15026K, committed 15296K, reserved 1064960K
  class space    used 2298K, committed 2432K, reserved 1048576K
}
Event: 2.289 GC heap before
{Heap before GC invocations=12 (full 0):
 garbage-first heap   total 168960K, used 92561K [0x0000000081e00000, 0x0000000100000000)
  region size 1024K, 3 young (3072K), 2 survivors (2048K)
 Metaspace       used 15100K, committed 15296K, reserved 1064960K
  class space    used 2312K, committed 2432K, reserved 1048576K
}
Event: 2.291 GC heap after
{Heap after GC invocations=13 (full 0):
 garbage-first heap   total 168960K, used 92652K [0x0000000081e00000, 0x0000000100000000)
  region size 1024K, 2 young (2048K), 2 survivors (2048K)
 Metaspace       used 15100K, committed 15296K, reserved 1064960K
  class space    used 2312K, committed 2432K, reserved 1048576K
}
Event: 2.320 GC heap before
{Heap before GC invocations=14 (full 0):
 garbage-first heap   total 168960K, used 95724K [0x0000000081e00000, 0x0000000100000000)
  region size 1024K, 3 young (3072K), 2 survivors (2048K)
 Metaspace       used 15148K, committed 15360K, reserved 1064960K
  class space    used 2312K, committed 2432K, reserved 1048576K
}
Event: 2.324 GC heap after
{Heap after GC invocations=15 (full 0):
 garbage-first heap   total 202752K, used 95887K [0x0000000081e00000, 0x0000000100000000)
  region size 1024K, 2 young (2048K), 2 survivors (2048K)
 Metaspace       used 15148K, committed 15360K, reserved 1064960K
  class space    used 2312K, committed 2432K, reserved 1048576K
}
Event: 2.346 GC heap before
{Heap before GC invocations=16 (full 0):
 garbage-first heap   total 202752K, used 101007K [0x0000000081e00000, 0x0000000100000000)
  region size 1024K, 4 young (4096K), 2 survivors (2048K)
 Metaspace       used 15252K, committed 15488K, reserved 1064960K
  class space    used 2335K, committed 2496K, reserved 1048576K
}
Event: 2.349 GC heap after
{Heap after GC invocations=17 (full 0):
 garbage-first heap   total 202752K, used 100088K [0x0000000081e00000, 0x0000000100000000)
  region size 1024K, 3 young (3072K), 3 survivors (3072K)
 Metaspace       used 15252K, committed 15488K, reserved 1064960K
  class space    used 2335K, committed 2496K, reserved 1048576K
}
Event: 2.370 GC heap before
{Heap before GC invocations=18 (full 0):
 garbage-first heap   total 202752K, used 104184K [0x0000000081e00000, 0x0000000100000000)
  region size 1024K, 4 young (4096K), 3 survivors (3072K)
 Metaspace       used 15266K, committed 15552K, reserved 1064960K
  class space    used 2335K, committed 2496K, reserved 1048576K
}
Event: 2.372 GC heap after
{Heap after GC invocations=19 (full 0):
 garbage-first heap   total 202752K, used 104301K [0x0000000081e00000, 0x0000000100000000)
  region size 1024K, 3 young (3072K), 3 survivors (3072K)
 Metaspace       used 15266K, committed 15552K, reserved 1064960K
  class space    used 2335K, committed 2496K, reserved 1048576K
}
Event: 2.401 GC heap before
{Heap before GC invocations=20 (full 0):
 garbage-first heap   total 202752K, used 106349K [0x0000000081e00000, 0x0000000100000000)
  region size 1024K, 4 young (4096K), 3 survivors (3072K)
 Metaspace       used 15309K, committed 15616K, reserved 1064960K
  class space    used 2335K, committed 2496K, reserved 1048576K
}
Event: 2.404 GC heap after
{Heap after GC invocations=21 (full 0):
 garbage-first heap   total 202752K, used 106613K [0x0000000081e00000, 0x0000000100000000)
  region size 1024K, 3 young (3072K), 3 survivors (3072K)
 Metaspace       used 15309K, committed 15616K, reserved 1064960K
  class space    used 2335K, committed 2496K, reserved 1048576K
}
Event: 2.426 GC heap before
{Heap before GC invocations=22 (full 0):
 garbage-first heap   total 202752K, used 110709K [0x0000000081e00000, 0x0000000100000000)
  region size 1024K, 4 young (4096K), 3 survivors (3072K)
 Metaspace       used 15327K, committed 15616K, reserved 1064960K
  class space    used 2335K, committed 2496K, reserved 1048576K
}
Event: 2.429 GC heap after
{Heap after GC invocations=23 (full 0):
 garbage-first heap   total 202752K, used 110889K [0x0000000081e00000, 0x0000000100000000)
  region size 1024K, 3 young (3072K), 3 survivors (3072K)
 Metaspace       used 15327K, committed 15616K, reserved 1064960K
  class space    used 2335K, committed 2496K, reserved 1048576K
}
Event: 2.448 GC heap before
{Heap before GC invocations=24 (full 0):
 garbage-first heap   total 202752K, used 114985K [0x0000000081e00000, 0x0000000100000000)
  region size 1024K, 4 young (4096K), 3 survivors (3072K)
 Metaspace       used 15387K, committed 15680K, reserved 1064960K
  class space    used 2343K, committed 2496K, reserved 1048576K
}

Deoptimization events (20 events):
Event: 2.433 Thread 0x00000289b860f4f0 Uncommon trap: trap_request=0xffffffd6 fr.pc=0x00000289a7e110a4 relative=0x0000000000000ce4
Event: 2.433 Thread 0x00000289b860f4f0 Uncommon trap: reason=array_check action=maybe_recompile pc=0x00000289a7e110a4 method=javafx.css.SimpleSelector.applies(Ljavafx/css/Styleable;[Ljava/util/Set;I)Z @ 37 c2
Event: 2.433 Thread 0x00000289b860f4f0 DEOPT PACKING pc=0x00000289a7e110a4 sp=0x000000e4afffcb30
Event: 2.433 Thread 0x00000289b860f4f0 DEOPT UNPACKING pc=0x00000289a78023a3 sp=0x000000e4afffcb08 mode 2
Event: 2.433 Thread 0x00000289b860f4f0 Uncommon trap: trap_request=0xffffffd6 fr.pc=0x00000289a7e110a4 relative=0x0000000000000ce4
Event: 2.433 Thread 0x00000289b860f4f0 Uncommon trap: reason=array_check action=maybe_recompile pc=0x00000289a7e110a4 method=javafx.css.SimpleSelector.applies(Ljavafx/css/Styleable;[Ljava/util/Set;I)Z @ 37 c2
Event: 2.433 Thread 0x00000289b860f4f0 DEOPT PACKING pc=0x00000289a7e110a4 sp=0x000000e4afffca30
Event: 2.433 Thread 0x00000289b860f4f0 DEOPT UNPACKING pc=0x00000289a78023a3 sp=0x000000e4afffca08 mode 2
Event: 2.433 Thread 0x00000289b860f4f0 Uncommon trap: trap_request=0xffffffd6 fr.pc=0x00000289a7e110a4 relative=0x0000000000000ce4
Event: 2.433 Thread 0x00000289b860f4f0 Uncommon trap: reason=array_check action=maybe_recompile pc=0x00000289a7e110a4 method=javafx.css.SimpleSelector.applies(Ljavafx/css/Styleable;[Ljava/util/Set;I)Z @ 37 c2
Event: 2.433 Thread 0x00000289b860f4f0 DEOPT PACKING pc=0x00000289a7e110a4 sp=0x000000e4afffca30
Event: 2.433 Thread 0x00000289b860f4f0 DEOPT UNPACKING pc=0x00000289a78023a3 sp=0x000000e4afffca08 mode 2
Event: 2.433 Thread 0x00000289b860f4f0 Uncommon trap: trap_request=0xffffffd6 fr.pc=0x00000289a7e110a4 relative=0x0000000000000ce4
Event: 2.433 Thread 0x00000289b860f4f0 Uncommon trap: reason=array_check action=maybe_recompile pc=0x00000289a7e110a4 method=javafx.css.SimpleSelector.applies(Ljavafx/css/Styleable;[Ljava/util/Set;I)Z @ 37 c2
Event: 2.433 Thread 0x00000289b860f4f0 DEOPT PACKING pc=0x00000289a7e110a4 sp=0x000000e4afffc970
Event: 2.433 Thread 0x00000289b860f4f0 DEOPT UNPACKING pc=0x00000289a78023a3 sp=0x000000e4afffc948 mode 2
Event: 2.446 Thread 0x00000289b860f4f0 Uncommon trap: trap_request=0xffffffc6 fr.pc=0x00000289a7df15d8 relative=0x0000000000001ad8
Event: 2.446 Thread 0x00000289b860f4f0 Uncommon trap: reason=bimorphic_or_optimized_type_check action=maybe_recompile pc=0x00000289a7df15d8 method=java.util.HashMap.putVal(ILjava/lang/Object;Ljava/lang/Object;ZZ)Ljava/lang/Object; @ 91 c2
Event: 2.446 Thread 0x00000289b860f4f0 DEOPT PACKING pc=0x00000289a7df15d8 sp=0x000000e4afffd190
Event: 2.446 Thread 0x00000289b860f4f0 DEOPT UNPACKING pc=0x00000289a78023a3 sp=0x000000e4afffd140 mode 2

Classes unloaded (0 events):
No events

Classes redefined (0 events):
No events

Internal exceptions (20 events):
Event: 1.189 Thread 0x00000289b860f4f0 Exception <a 'java/lang/NullPointerException'{0x000000008940f1e0}> (0x000000008940f1e0) 
thrown [s\open\src\hotspot\share\interpreter\linkResolver.cpp, line 1350]
Event: 1.245 Thread 0x00000289b860f4f0 Exception <a 'java/lang/ClassNotFoundException'{0x000000008929cdc0}: com/sun/glass/ui/win/themes> (0x000000008929cdc0) 
thrown [s\open\src\hotspot\share\prims\jni.cpp, line 535]
Event: 1.247 Thread 0x00000289b860f4f0 Exception <a 'java/lang/ClassNotFoundException'{0x00000000892a8ea0}: com/sun/glass/ui/win/themes_en> (0x00000000892a8ea0) 
thrown [s\open\src\hotspot\share\prims\jni.cpp, line 535]
Event: 1.247 Thread 0x00000289b860f4f0 Exception <a 'java/lang/ClassNotFoundException'{0x00000000892b14b0}: com/sun/glass/ui/win/themes_en_US> (0x00000000892b14b0) 
thrown [s\open\src\hotspot\share\prims\jni.cpp, line 535]
Event: 1.330 Thread 0x00000289b885b610 Exception <a 'java/io/IOException'{0x0000000088f765e0}: Insufficient memory (case 4)> (0x0000000088f765e0) 
thrown [s\open\src\hotspot\share\prims\jni.cpp, line 535]
Event: 1.403 Thread 0x00000289b860f4f0 Exception <a 'java/lang/NoSuchMethodError'{0x0000000088c48af0}: 'void java.lang.invoke.DirectMethodHandle$Holder.invokeStaticInit(java.lang.Object, java.lang.Object)'> (0x0000000088c48af0) 
thrown [s\open\src\hotspot\share\interpreter\linkResolver.cpp, line 759]
Event: 1.408 Thread 0x00000289b860f4f0 Exception <a 'java/lang/NoSuchMethodError'{0x0000000088c7ddb8}: 'void java.lang.invoke.DirectMethodHandle$Holder.invokeSpecial(java.lang.Object, java.lang.Object, java.lang.Object, java.lang.Object, java.lang.Object)'> (0x0000000088c7ddb8) 
thrown [s\open\src\hotspot\share\interpreter\linkResolver.cpp, line 759]
Event: 1.593 Thread 0x00000289b860f4f0 Exception <a 'sun/nio/fs/WindowsException'{0x0000000089907638}> (0x0000000089907638) 
thrown [s\open\src\hotspot\share\prims\jni.cpp, line 516]
Event: 1.617 Thread 0x00000289b860f4f0 Exception <a 'java/io/FileNotFoundException'{0x00000000899a5e48}> (0x00000000899a5e48) 
thrown [s\open\src\hotspot\share\prims\jni.cpp, line 516]
Event: 1.922 Thread 0x00000289b860f4f0 Exception <a 'sun/nio/fs/WindowsException'{0x000000008a0f7870}> (0x000000008a0f7870) 
thrown [s\open\src\hotspot\share\prims\jni.cpp, line 516]
Event: 2.029 Thread 0x00000289b860f4f0 Exception <a 'java/lang/NoSuchMethodError'{0x0000000089ea6230}: 'java.lang.Object java.lang.invoke.DirectMethodHandle$Holder.invokeInterface(java.lang.Object, java.lang.Object, java.lang.Object)'> (0x0000000089ea6230) 
thrown [s\open\src\hotspot\share\interpreter\linkResolver.cpp, line 759]
Event: 2.029 Thread 0x00000289b860f4f0 Exception <a 'java/lang/IncompatibleClassChangeError'{0x0000000089ea98f8}: Found class java.lang.Object, but interface was expected> (0x0000000089ea98f8) 
thrown [s\open\src\hotspot\share\interpreter\linkResolver.cpp, line 826]
Event: 2.076 Thread 0x00000289b860f4f0 Exception <a 'java/lang/ClassNotFoundException'{0x0000000089b3f5d0}: com/sun/javafx/scene/control/skin/resources/controls> (0x0000000089b3f5d0) 
thrown [s\open\src\hotspot\share\prims\jni.cpp, line 535]
Event: 2.077 Thread 0x00000289b860f4f0 Exception <a 'java/lang/ClassNotFoundException'{0x0000000089b4d570}: com/sun/javafx/scene/control/skin/resources/controls_en> (0x0000000089b4d570) 
thrown [s\open\src\hotspot\share\prims\jni.cpp, line 535]
Event: 2.077 Thread 0x00000289b860f4f0 Exception <a 'java/lang/ClassNotFoundException'{0x0000000089b4ea40}: com/sun/javafx/scene/control/skin/resources/controls_en_US> (0x0000000089b4ea40) 
thrown [s\open\src\hotspot\share\prims\jni.cpp, line 535]
Event: 2.141 Thread 0x00000289b860f4f0 Implicit null exception at 0x00000289a7d76960 to 0x00000289a7d769fa
Event: 2.144 Thread 0x00000289b860f4f0 Implicit null exception at 0x00000289a7dc9a8c to 0x00000289a7dc9e6c
Event: 2.146 Thread 0x00000289b860f4f0 Exception <a 'java/lang/NoSuchMethodError'{0x000000008a68ca00}: 'void java.lang.invoke.DirectMethodHandle$Holder.invokeSpecial(java.lang.Object, java.lang.Object, java.lang.Object, java.lang.Object, java.lang.Object, java.lang.Object)'> (0x000000008a68ca00) 
thrown [s\open\src\hotspot\share\interpreter\linkResolver.cpp, line 759]
Event: 2.151 Thread 0x00000289b860f4f0 Implicit null exception at 0x00000289a7dc9111 to 0x00000289a7dc94d0
Event: 2.151 Thread 0x00000289b860f4f0 Implicit null exception at 0x00000289a7d7630f to 0x00000289a7d76389

VM Operations (20 events):
Event: 2.367 Executing VM operation: G1Concurrent done
Event: 2.369 Executing VM operation: G1TryInitiateConcMark
Event: 2.372 Executing VM operation: G1TryInitiateConcMark done
Event: 2.385 Executing VM operation: G1Concurrent
Event: 2.386 Executing VM operation: G1Concurrent done
Event: 2.391 Executing VM operation: G1Concurrent
Event: 2.391 Executing VM operation: G1Concurrent done
Event: 2.401 Executing VM operation: G1TryInitiateConcMark
Event: 2.404 Executing VM operation: G1TryInitiateConcMark done
Event: 2.417 Executing VM operation: G1Concurrent
Event: 2.418 Executing VM operation: G1Concurrent done
Event: 2.423 Executing VM operation: G1Concurrent
Event: 2.423 Executing VM operation: G1Concurrent done
Event: 2.426 Executing VM operation: G1TryInitiateConcMark
Event: 2.429 Executing VM operation: G1TryInitiateConcMark done
Event: 2.442 Executing VM operation: G1Concurrent
Event: 2.443 Executing VM operation: G1Concurrent done
Event: 2.447 Executing VM operation: G1Concurrent
Event: 2.448 Executing VM operation: G1Concurrent done
Event: 2.448 Executing VM operation: G1TryInitiateConcMark

Events (20 events):
Event: 2.230 loading class jdk/internal/icu/impl/UBiDiProps done
Event: 2.230 loading class jdk/internal/icu/impl/UBiDiProps$IsAcceptable
Event: 2.231 loading class jdk/internal/icu/impl/UBiDiProps$IsAcceptable done
Event: 2.231 loading class jdk/internal/icu/impl/Trie2_16
Event: 2.231 loading class jdk/internal/icu/impl/Trie2
Event: 2.231 loading class jdk/internal/icu/impl/Trie2 done
Event: 2.231 loading class jdk/internal/icu/impl/Trie2_16 done
Event: 2.231 loading class jdk/internal/icu/impl/Trie2$1
Event: 2.231 loading class jdk/internal/icu/impl/Trie2$ValueMapper
Event: 2.231 loading class jdk/internal/icu/impl/Trie2$ValueMapper done
Event: 2.231 loading class jdk/internal/icu/impl/Trie2$1 done
Event: 2.231 loading class jdk/internal/icu/impl/Trie2$UTrie2Header
Event: 2.231 loading class jdk/internal/icu/impl/Trie2$UTrie2Header done
Event: 2.235 Thread 0x00000289bd834fe0 Thread added: 0x00000289bd834fe0
Event: 2.235 loading class jdk/internal/icu/text/BidiLine
Event: 2.235 loading class jdk/internal/icu/text/BidiLine done
Event: 2.247 loading class java/lang/FdLibm$Hypot
Event: 2.247 loading class java/lang/FdLibm$Hypot done
Event: 2.247 loading class java/lang/FdLibm
Event: 2.247 loading class java/lang/FdLibm done


Dynamic libraries:
0x00007ff7c5e50000 - 0x00007ff7c5e60000 	C:\Program Files\Java\jdk-17\bin\java.exe
0x00007fff3bbf0000 - 0x00007fff3bde8000 	C:\WINDOWS\SYSTEM32\ntdll.dll
0x00007fff39e30000 - 0x00007fff39eef000 	C:\WINDOWS\System32\KERNEL32.DLL
0x00007fff395d0000 - 0x00007fff398c6000 	C:\WINDOWS\System32\KERNELBASE.dll
0x00007fff398d0000 - 0x00007fff399d0000 	C:\WINDOWS\System32\ucrtbase.dll
0x00007fff345c0000 - 0x00007fff345d8000 	C:\Program Files\Java\jdk-17\bin\jli.dll
0x00007fff39cf0000 - 0x00007fff39d9f000 	C:\WINDOWS\System32\ADVAPI32.dll
0x00007fff39c50000 - 0x00007fff39cee000 	C:\WINDOWS\System32\msvcrt.dll
0x00007fff3ad20000 - 0x00007fff3adbc000 	C:\WINDOWS\System32\sechost.dll
0x00007fff3b260000 - 0x00007fff3b386000 	C:\WINDOWS\System32\RPCRT4.dll
0x00007fff3b6f0000 - 0x00007fff3b88d000 	C:\WINDOWS\System32\USER32.dll
0x00007fff39530000 - 0x00007fff39552000 	C:\WINDOWS\System32\win32u.dll
0x00007fff345a0000 - 0x00007fff345bb000 	C:\Program Files\Java\jdk-17\bin\VCRUNTIME140.dll
0x00007fff3a000000 - 0x00007fff3a02c000 	C:\WINDOWS\System32\GDI32.dll
0x00007fff39a00000 - 0x00007fff39b15000 	C:\WINDOWS\System32\gdi32full.dll
0x00007fff39b20000 - 0x00007fff39bbd000 	C:\WINDOWS\System32\msvcp_win.dll
0x00007fff25c40000 - 0x00007fff25eda000 	C:\WINDOWS\WinSxS\amd64_microsoft.windows.common-controls_6595b64144ccf1df_6.0.19041.1110_none_60b5254171f9507e\COMCTL32.dll
0x00007fff33000000 - 0x00007fff3300a000 	C:\WINDOWS\SYSTEM32\VERSION.dll
0x00007fff3adc0000 - 0x00007fff3adf0000 	C:\WINDOWS\System32\IMM32.DLL
0x00007fff34590000 - 0x00007fff3459c000 	C:\Program Files\Java\jdk-17\bin\vcruntime140_1.dll
0x00007fff34500000 - 0x00007fff3458e000 	C:\Program Files\Java\jdk-17\bin\msvcp140.dll
0x00007ffee78a0000 - 0x00007ffee8477000 	C:\Program Files\Java\jdk-17\bin\server\jvm.dll
0x00007fff39e00000 - 0x00007fff39e08000 	C:\WINDOWS\System32\PSAPI.DLL
0x00007fff298c0000 - 0x00007fff298c9000 	C:\WINDOWS\SYSTEM32\WSOCK32.dll
0x00007fff3a990000 - 0x00007fff3a9fb000 	C:\WINDOWS\System32\WS2_32.dll
0x00007fff263c0000 - 0x00007fff263e7000 	C:\WINDOWS\SYSTEM32\WINMM.dll
0x00007fff37b10000 - 0x00007fff37b22000 	C:\WINDOWS\SYSTEM32\kernel.appcore.dll
0x00007fff344f0000 - 0x00007fff344fa000 	C:\Program Files\Java\jdk-17\bin\jimage.dll
0x00007fff37080000 - 0x00007fff37264000 	C:\WINDOWS\SYSTEM32\DBGHELP.DLL
0x00007fff24480000 - 0x00007fff244b4000 	C:\WINDOWS\SYSTEM32\dbgcore.DLL
0x00007fff39bc0000 - 0x00007fff39c42000 	C:\WINDOWS\System32\bcryptPrimitives.dll
0x00007fff33c10000 - 0x00007fff33c1e000 	C:\Program Files\Java\jdk-17\bin\instrument.dll
0x00007fff342c0000 - 0x00007fff342e5000 	C:\Program Files\Java\jdk-17\bin\java.dll
0x00007fff33dc0000 - 0x00007fff33e97000 	C:\Program Files\Java\jdk-17\bin\jsvml.dll
0x00007fff3a240000 - 0x00007fff3a984000 	C:\WINDOWS\System32\SHELL32.dll
0x00007fff37360000 - 0x00007fff37af3000 	C:\WINDOWS\SYSTEM32\windows.storage.dll
0x00007fff3b390000 - 0x00007fff3b6e4000 	C:\WINDOWS\System32\combase.dll
0x00007fff38d20000 - 0x00007fff38d4e000 	C:\WINDOWS\SYSTEM32\Wldp.dll
0x00007fff3ac10000 - 0x00007fff3acbd000 	C:\WINDOWS\System32\SHCORE.dll
0x00007fff3acc0000 - 0x00007fff3ad15000 	C:\WINDOWS\System32\shlwapi.dll
0x00007fff39210000 - 0x00007fff3922f000 	C:\WINDOWS\SYSTEM32\profapi.dll
0x00007fff342a0000 - 0x00007fff342b9000 	C:\Program Files\Java\jdk-17\bin\net.dll
0x00007fff31580000 - 0x00007fff3168a000 	C:\WINDOWS\SYSTEM32\WINHTTP.dll
0x00007fff38a80000 - 0x00007fff38aea000 	C:\WINDOWS\system32\mswsock.dll
0x00007fff34280000 - 0x00007fff34296000 	C:\Program Files\Java\jdk-17\bin\nio.dll
0x00007fff33be0000 - 0x00007fff33bf8000 	C:\Program Files\Java\jdk-17\bin\zip.dll
0x00007fff10430000 - 0x00007fff1044a000 	C:\Program Files\JetBrains\IntelliJ IDEA 2022.2.1\bin\breakgen64.dll
0x00000289b7340000 - 0x00000289b7343000 	C:\Users\HAMAHANG\.openjfx\cache\19+11\amd64\api-ms-win-core-console-l1-1-0.dll
0x00000289b7350000 - 0x00000289b7353000 	C:\Users\HAMAHANG\.openjfx\cache\19+11\amd64\api-ms-win-core-console-l1-2-0.dll
0x00000289b7360000 - 0x00000289b7363000 	C:\Users\HAMAHANG\.openjfx\cache\19+11\amd64\api-ms-win-core-datetime-l1-1-0.dll
0x00000289b7370000 - 0x00000289b7373000 	C:\Users\HAMAHANG\.openjfx\cache\19+11\amd64\api-ms-win-core-debug-l1-1-0.dll
0x00000289b7380000 - 0x00000289b7383000 	C:\Users\HAMAHANG\.openjfx\cache\19+11\amd64\api-ms-win-core-errorhandling-l1-1-0.dll
0x00000289b7390000 - 0x00000289b7394000 	C:\Users\HAMAHANG\.openjfx\cache\19+11\amd64\api-ms-win-core-file-l1-1-0.dll
0x00000289b73a0000 - 0x00000289b73a3000 	C:\Users\HAMAHANG\.openjfx\cache\19+11\amd64\api-ms-win-core-file-l1-2-0.dll
0x00000289b73b0000 - 0x00000289b73b3000 	C:\Users\HAMAHANG\.openjfx\cache\19+11\amd64\api-ms-win-core-file-l2-1-0.dll
0x00000289b73c0000 - 0x00000289b73c3000 	C:\Users\HAMAHANG\.openjfx\cache\19+11\amd64\api-ms-win-core-handle-l1-1-0.dll
0x00000289b73d0000 - 0x00000289b73d3000 	C:\Users\HAMAHANG\.openjfx\cache\19+11\amd64\api-ms-win-core-heap-l1-1-0.dll
0x00000289b73e0000 - 0x00000289b73e3000 	C:\Users\HAMAHANG\.openjfx\cache\19+11\amd64\api-ms-win-core-interlocked-l1-1-0.dll
0x00000289b73f0000 - 0x00000289b73f3000 	C:\Users\HAMAHANG\.openjfx\cache\19+11\amd64\api-ms-win-core-libraryloader-l1-1-0.dll
0x00000289b8900000 - 0x00000289b8903000 	C:\Users\HAMAHANG\.openjfx\cache\19+11\amd64\api-ms-win-core-localization-l1-2-0.dll
0x00000289b8910000 - 0x00000289b8913000 	C:\Users\HAMAHANG\.openjfx\cache\19+11\amd64\api-ms-win-core-memory-l1-1-0.dll
0x00000289b8920000 - 0x00000289b8923000 	C:\Users\HAMAHANG\.openjfx\cache\19+11\amd64\api-ms-win-core-namedpipe-l1-1-0.dll
0x00000289b8930000 - 0x00000289b8933000 	C:\Users\HAMAHANG\.openjfx\cache\19+11\amd64\api-ms-win-core-processenvironment-l1-1-0.dll
0x00000289b8940000 - 0x00000289b8943000 	C:\Users\HAMAHANG\.openjfx\cache\19+11\amd64\api-ms-win-core-processthreads-l1-1-0.dll
0x00000289b8950000 - 0x00000289b8953000 	C:\Users\HAMAHANG\.openjfx\cache\19+11\amd64\api-ms-win-core-processthreads-l1-1-1.dll
0x00000289b8960000 - 0x00000289b8963000 	C:\Users\HAMAHANG\.openjfx\cache\19+11\amd64\api-ms-win-core-profile-l1-1-0.dll
0x00000289b8970000 - 0x00000289b8973000 	C:\Users\HAMAHANG\.openjfx\cache\19+11\amd64\api-ms-win-core-rtlsupport-l1-1-0.dll
0x00000289b8980000 - 0x00000289b8983000 	C:\Users\HAMAHANG\.openjfx\cache\19+11\amd64\api-ms-win-core-string-l1-1-0.dll
0x00000289b8990000 - 0x00000289b8993000 	C:\Users\HAMAHANG\.openjfx\cache\19+11\amd64\api-ms-win-core-synch-l1-1-0.dll
0x00000289b89a0000 - 0x00000289b89a3000 	C:\Users\HAMAHANG\.openjfx\cache\19+11\amd64\api-ms-win-core-synch-l1-2-0.dll
0x00000289b89b0000 - 0x00000289b89b3000 	C:\Users\HAMAHANG\.openjfx\cache\19+11\amd64\api-ms-win-core-sysinfo-l1-1-0.dll
0x00000289b89c0000 - 0x00000289b89c3000 	C:\Users\HAMAHANG\.openjfx\cache\19+11\amd64\api-ms-win-core-timezone-l1-1-0.dll
0x00000289b89d0000 - 0x00000289b89d3000 	C:\Users\HAMAHANG\.openjfx\cache\19+11\amd64\api-ms-win-core-util-l1-1-0.dll
0x00000289b89e0000 - 0x00000289b89e3000 	C:\Users\HAMAHANG\.openjfx\cache\19+11\amd64\api-ms-win-crt-conio-l1-1-0.dll
0x00000289b89f0000 - 0x00000289b89f4000 	C:\Users\HAMAHANG\.openjfx\cache\19+11\amd64\api-ms-win-crt-convert-l1-1-0.dll
0x00000289b8a00000 - 0x00000289b8a03000 	C:\Users\HAMAHANG\.openjfx\cache\19+11\amd64\api-ms-win-crt-environment-l1-1-0.dll
0x00000289b8a10000 - 0x00000289b8a13000 	C:\Users\HAMAHANG\.openjfx\cache\19+11\amd64\api-ms-win-crt-filesystem-l1-1-0.dll
0x00000289b8a20000 - 0x00000289b8a23000 	C:\Users\HAMAHANG\.openjfx\cache\19+11\amd64\api-ms-win-crt-heap-l1-1-0.dll
0x00000289b8a30000 - 0x00000289b8a33000 	C:\Users\HAMAHANG\.openjfx\cache\19+11\amd64\api-ms-win-crt-locale-l1-1-0.dll
0x00000289b8a40000 - 0x00000289b8a45000 	C:\Users\HAMAHANG\.openjfx\cache\19+11\amd64\api-ms-win-crt-math-l1-1-0.dll
0x00000289b8a50000 - 0x00000289b8a55000 	C:\Users\HAMAHANG\.openjfx\cache\19+11\amd64\api-ms-win-crt-multibyte-l1-1-0.dll
0x00000289b8a60000 - 0x00000289b8a70000 	C:\Users\HAMAHANG\.openjfx\cache\19+11\amd64\api-ms-win-crt-private-l1-1-0.dll
0x00000289b8a70000 - 0x00000289b8a73000 	C:\Users\HAMAHANG\.openjfx\cache\19+11\amd64\api-ms-win-crt-process-l1-1-0.dll
0x00000289b8a80000 - 0x00000289b8a84000 	C:\Users\HAMAHANG\.openjfx\cache\19+11\amd64\api-ms-win-crt-runtime-l1-1-0.dll
0x00000289b8a90000 - 0x00000289b8a94000 	C:\Users\HAMAHANG\.openjfx\cache\19+11\amd64\api-ms-win-crt-stdio-l1-1-0.dll
0x00000289b8aa0000 - 0x00000289b8aa4000 	C:\Users\HAMAHANG\.openjfx\cache\19+11\amd64\api-ms-win-crt-string-l1-1-0.dll
0x00000289b8ab0000 - 0x00000289b8ab3000 	C:\Users\HAMAHANG\.openjfx\cache\19+11\amd64\api-ms-win-crt-time-l1-1-0.dll
0x00000289b8ac0000 - 0x00000289b8ac3000 	C:\Users\HAMAHANG\.openjfx\cache\19+11\amd64\api-ms-win-crt-utility-l1-1-0.dll
0x00007fff00310000 - 0x00007fff0040c000 	C:\Users\HAMAHANG\.openjfx\cache\19+11\amd64\ucrtbase.dll
0x00007fff102e0000 - 0x00007fff102fb000 	C:\Users\HAMAHANG\.openjfx\cache\19+11\amd64\vcruntime140.dll
0x00007fff13280000 - 0x00007fff1328c000 	C:\Users\HAMAHANG\.openjfx\cache\19+11\amd64\vcruntime140_1.dll
0x00007fff00150000 - 0x00007fff001de000 	C:\Users\HAMAHANG\.openjfx\cache\19+11\amd64\msvcp140.dll
0x00007fff130f0000 - 0x00007fff130f9000 	C:\Users\HAMAHANG\.openjfx\cache\19+11\amd64\msvcp140_1.dll
0x00007fff10080000 - 0x00007fff100b0000 	C:\Users\HAMAHANG\.openjfx\cache\19+11\amd64\msvcp140_2.dll
0x00007fff0ff80000 - 0x00007fff0ffac000 	C:\Users\HAMAHANG\.openjfx\cache\19+11\amd64\prism_d3d.dll
0x00007fff28900000 - 0x00007fff28acd000 	C:\WINDOWS\system32\d3d9.dll
0x00007fff36c00000 - 0x00007fff36c2f000 	C:\WINDOWS\SYSTEM32\dwmapi.dll
0x00007fff36820000 - 0x00007fff368be000 	C:\WINDOWS\system32\uxtheme.dll
0x00007fff29d90000 - 0x00007fff29ef3000 	C:\WINDOWS\System32\DriverStore\FileRepository\igdlh64.inf_amd64_fb9939a7d714d646\igdumdim64.dll
0x00007ffed4e30000 - 0x00007ffed8834000 	C:\WINDOWS\System32\DriverStore\FileRepository\igdlh64.inf_amd64_fb9939a7d714d646\igd9dxva64.dll
0x00007fff3aa10000 - 0x00007fff3ab3a000 	C:\WINDOWS\System32\ole32.dll
0x00007fff3ab40000 - 0x00007fff3ac0d000 	C:\WINDOWS\System32\OLEAUT32.dll
0x00007fff3adf0000 - 0x00007fff3b258000 	C:\WINDOWS\System32\SETUPAPI.dll
0x00007fff394e0000 - 0x00007fff3952e000 	C:\WINDOWS\System32\cfgmgr32.dll
0x00007fff399d0000 - 0x00007fff399f7000 	C:\WINDOWS\System32\bcrypt.dll
0x00007fff2d6c0000 - 0x00007fff2d8ff000 	C:\WINDOWS\System32\DriverStore\FileRepository\igdlh64.inf_amd64_fb9939a7d714d646\igdgmm64.dll
0x00007fff006d0000 - 0x00007fff00712000 	C:\Users\HAMAHANG\.openjfx\cache\19+11\amd64\glass.dll
0x00007fff3ba10000 - 0x00007fff3baea000 	C:\WINDOWS\System32\COMDLG32.dll
0x00007fff3b890000 - 0x00007fff3b9a4000 	C:\WINDOWS\System32\MSCTF.dll
0x00007fff13100000 - 0x00007fff13127000 	C:\WINDOWS\System32\DriverStore\FileRepository\igdlh64.inf_amd64_fb9939a7d714d646\igdinfo64.dll
0x00007fff2a8f0000 - 0x00007fff2d552000 	C:\WINDOWS\System32\DriverStore\FileRepository\igdlh64.inf_amd64_fb9939a7d714d646\igc64.dll
0x00007fff2f8d0000 - 0x00007fff2f90b000 	C:\WINDOWS\SYSTEM32\dxcore.dll
0x00007fff38760000 - 0x00007fff3882a000 	C:\WINDOWS\SYSTEM32\DNSAPI.dll
0x00007fff38720000 - 0x00007fff3875c000 	C:\WINDOWS\SYSTEM32\IPHLPAPI.DLL
0x00007fff3aa00000 - 0x00007fff3aa08000 	C:\WINDOWS\System32\NSI.dll
0x00007fff30c40000 - 0x00007fff30c4a000 	C:\Windows\System32\rasadhlp.dll
0x00007fff2db30000 - 0x00007fff2dbb2000 	C:\WINDOWS\System32\fwpuclnt.dll
0x00007fff33d70000 - 0x00007fff33d9d000 	C:\Users\HAMAHANG\.openjfx\cache\19+11\amd64\javafx_iio.dll
0x00007fff33d50000 - 0x00007fff33d64000 	C:\Users\HAMAHANG\.openjfx\cache\19+11\amd64\javafx_font.dll
0x00007fff115b0000 - 0x00007fff1182f000 	C:\WINDOWS\SYSTEM32\dwrite.dll
0x00007fff3bb00000 - 0x00007fff3bba9000 	C:\WINDOWS\System32\clbcatq.dll
0x00007fff31c00000 - 0x00007fff31db4000 	C:\WINDOWS\SYSTEM32\WindowsCodecs.dll
0x00007fff0f450000 - 0x00007fff0f48e000 	C:\WINDOWS\system32\dataexchange.dll
0x00007fff34ca0000 - 0x00007fff34f03000 	C:\WINDOWS\system32\d3d11.dll
0x00007fff35ac0000 - 0x00007fff35ca3000 	C:\WINDOWS\system32\dcomp.dll
0x00007fff37b80000 - 0x00007fff37c73000 	C:\WINDOWS\system32\dxgi.dll
0x00007fff31ec0000 - 0x00007fff320c7000 	C:\WINDOWS\system32\twinapi.appcore.dll
0x00007fff36140000 - 0x00007fff36174000 	C:\Program Files\Common Files\Microsoft Shared\Ink\rtscom.dll

dbghelp: loaded successfully - version: 4.0.5 - missing functions: none
symbol engine: initialized successfully - sym options: 0x614 - pdb path: .;C:\Program Files\Java\jdk-17\bin;C:\WINDOWS\SYSTEM32;C:\WINDOWS\WinSxS\amd64_microsoft.windows.common-controls_6595b64144ccf1df_6.0.19041.1110_none_60b5254171f9507e;C:\Program Files\Java\jdk-17\bin\server;C:\Program Files\JetBrains\IntelliJ IDEA 2022.2.1\bin;C:\Users\HAMAHANG\.openjfx\cache\19+11\amd64;C:\WINDOWS\System32\DriverStore\FileRepository\igdlh64.inf_amd64_fb9939a7d714d646;C:\Program Files\Common Files\Microsoft Shared\Ink

VM Arguments:
jvm_args: -javaagent:C:\Program Files\JetBrains\IntelliJ IDEA 2022.2.1\lib\idea_rt.jar=2023:C:\Program Files\JetBrains\IntelliJ IDEA 2022.2.1\bin -Dfile.encoding=UTF-8 --module-path=C:\Users\HAMAHANG\.m2\repository\org\openjfx\javafx-controls\19\javafx-controls-19-win.jar;C:\Users\HAMAHANG\.m2\repository\org\openjfx\javafx-fxml\19\javafx-fxml-19-win.jar;C:\Users\HAMAHANG\Documents\GitHub\project-group-43\phase3\Client\target\classes;C:\Users\HAMAHANG\.m2\repository\com\google\code\gson\gson\2.10.1\gson-2.10.1.jar;C:\Users\HAMAHANG\.m2\repository\org\openjfx\javafx-base\19\javafx-base-19-win.jar;C:\Users\HAMAHANG\.m2\repository\org\openjfx\javafx-graphics\19\javafx-graphics-19-win.jar -Djdk.module.main=com.example.strongholdcrusader 
java_command: com.example.strongholdcrusader/view.RegisterMenu
java_class_path (initial): C:\Users\HAMAHANG\.m2\repository\org\openjfx\javafx-controls\19\javafx-controls-19.jar;C:\Users\HAMAHANG\.m2\repository\org\openjfx\javafx-graphics\19\javafx-graphics-19.jar;C:\Users\HAMAHANG\.m2\repository\org\openjfx\javafx-base\19\javafx-base-19.jar;C:\Users\HAMAHANG\.m2\repository\org\openjfx\javafx-fxml\19\javafx-fxml-19.jar;C:\Users\HAMAHANG\.m2\repository\com\fasterxml\jackson\core\jackson-databind\2.14.2\jackson-databind-2.14.2.jar;C:\Users\HAMAHANG\.m2\repository\com\fasterxml\jackson\core\jackson-annotations\2.14.2\jackson-annotations-2.14.2.jar;C:\Users\HAMAHANG\.m2\repository\com\fasterxml\jackson\core\jackson-core\2.14.2\jackson-core-2.14.2.jar;C:\Users\HAMAHANG\.m2\repository\com\googlecode\jinahya\ocap\1.2.3\ocap-1.2.3.jar;C:\Users\HAMAHANG\.m2\repository\com\googlecode\jinahya\ocap-api\1.2.3\ocap-api-1.2.3.jar;C:\Users\HAMAHANG\.m2\repository\com\googlecode\jinahya\ocap-ds\I05\ocap-ds-I05.jar;C:\Users\HAMAHANG\.m2\repository\com\googlecode\jinahya\ocap-dvr\I08\ocap-dvr-I08.jar;C:\Users\HAMAHANG\.m2\repository\com\googlecode\jinahya\ocap-fp\I05\ocap-fp-I05.jar;C:\Users\HAMAHANG\.m2\repository\com\googlecode\jinahya\ocap-hn\I09\ocap-hn-I09.jar
Launcher Type: SUN_STANDARD

[Global flags]
     intx CICompilerCount                          = 4                                         {product} {ergonomic}
     uint ConcGCThreads                            = 2                                         {product} {ergonomic}
     uint G1ConcRefinementThreads                  = 8                                         {product} {ergonomic}
   size_t G1HeapRegionSize                         = 1048576                                   {product} {ergonomic}
    uintx GCDrainStackTargetSize                   = 64                                        {product} {ergonomic}
   size_t InitialHeapSize                          = 134217728                                 {product} {ergonomic}
   size_t MarkStackSize                            = 4194304                                   {product} {ergonomic}
   size_t MaxHeapSize                              = 2116026368                                {product} {ergonomic}
   size_t MaxNewSize                               = 1268776960                                {product} {ergonomic}
   size_t MinHeapDeltaBytes                        = 1048576                                   {product} {ergonomic}
   size_t MinHeapSize                              = 8388608                                   {product} {ergonomic}
    uintx NonNMethodCodeHeapSize                   = 5839372                                {pd product} {ergonomic}
    uintx NonProfiledCodeHeapSize                  = 122909434                              {pd product} {ergonomic}
    uintx ProfiledCodeHeapSize                     = 122909434                              {pd product} {ergonomic}
    uintx ReservedCodeCacheSize                    = 251658240                              {pd product} {ergonomic}
     bool SegmentedCodeCache                       = true                                      {product} {ergonomic}
   size_t SoftMaxHeapSize                          = 2116026368                             {manageable} {ergonomic}
     bool UseCompressedClassPointers               = true                           {product lp64_product} {ergonomic}
     bool UseCompressedOops                        = true                           {product lp64_product} {ergonomic}
     bool UseG1GC                                  = true                                      {product} {ergonomic}
     bool UseLargePagesIndividualAllocation        = false                                  {pd product} {ergonomic}

Logging:
Log output configuration:
 #0: stdout all=warning uptime,level,tags
 #1: stderr all=off uptime,level,tags

Environment Variables:
PATH=C:\Program Files\Common Files\Oracle\Java\javapath;C:\Program Files (x86)\Common Files\Oracle\Java\javapath;C:\Program Files (x86)\Python38-32\Scripts\;C:\Program Files (x86)\Python38-32\;C:\Windows\system32;C:\Windows;C:\Windows\System32\Wbem;C:\Windows\System32\WindowsPowerShell\v1.0\;C:\Windows\System32\OpenSSH\;C:\Program Files (x86)\NVIDIA Corporation\PhysX\Common;C:\Program Files\NVIDIA Corporation\NVIDIA NvDLISR;C:\Program Files (x86)\Microsoft VS Code\bin;C:\WINDOWS\system32;C:\WINDOWS;C:\WINDOWS\System32\Wbem;C:\WINDOWS\System32\WindowsPowerShell\v1.0\;C:\WINDOWS\System32\OpenSSH\;C:\Program Files\Git\cmd;C:\MinGW\bin;C:\Program Files\Java\jdk1.8.0_202\bin;C:\Program Files\Java\jdk-17\bin;C:\Users\HAMAHANG\AppData\Local\Microsoft\WindowsApps;C:\Users\HAMAHANG\AppData\Local\GitHubDesktop\bin;C:\texlive\2022\bin\win32;C:\Program Files\JetBrains\IntelliJ IDEA 2022.2.1\bin;
USERNAME=HAMAHANG
OS=Windows_NT
PROCESSOR_IDENTIFIER=Intel64 Family 6 Model 142 Stepping 10, GenuineIntel



---------------  S Y S T E M  ---------------

OS:
 Windows 10 , 64 bit Build 19041 (10.0.19041.3031)
OS uptime: 0 days 1:34 hours

CPU: total 8 (initial active 8) (4 cores per cpu, 2 threads per core) family 6 model 142 stepping 10 microcode 0xb4, cx8, cmov, fxsr, ht, mmx, 3dnowpref, sse, sse2, sse3, ssse3, sse4.1, sse4.2, popcnt, lzcnt, tsc, tscinvbit, avx, avx2, aes, erms, clmul, bmi1, bmi2, adx, fma, vzeroupper, clflush, clflushopt

Memory: 4k page, system-wide physical 8070M (987M free)
TotalPageFile size 20426M (AvailPageFile size 7M)
current process WorkingSet (physical memory assigned to process): 234M, peak: 234M
current process commit charge ("private bytes"): 338M, peak: 378M

vm_info: Java HotSpot(TM) 64-Bit Server VM (17.0.6+9-LTS-190) for windows-amd64 JRE (17.0.6+9-LTS-190), built on Dec  6 2022 15:53:54 by "mach5one" with MS VC++ 17.1 (VS2022)

END.
